Log file open, 03/21/17 14:43:39
LogInit:Display: Running engine for game: Ad_Nauseum
LogPlatformFile: Not using cached read wrapper
LogInit:Display: RandInit(-352146336) SRandInit(-352146336).
LogTaskGraph: Started task graph with 5 named threads and 8 total threads with 1 sets of task threads.
LogStats: Stats thread started at 0.074563
LogPluginManager: Loaded Plugin Paper2D, From C:/Program Files (x86)/Epic Games/4.14/Engine/Plugins/2D/Paper2D/Paper2D.uplugin
LogPluginManager: Loaded Plugin LightPropagationVolume, From C:/Program Files (x86)/Epic Games/4.14/Engine/Plugins/Blendables/LightPropagationVolume/LightPropagationVolume.uplugin
LogPluginManager: Loaded Plugin BlankPlugin, From C:/Program Files (x86)/Epic Games/4.14/Engine/Plugins/Developer/BlankPlugin/BlankPlugin.uplugin
LogPluginManager: Loaded Plugin CodeLiteSourceCodeAccess, From C:/Program Files (x86)/Epic Games/4.14/Engine/Plugins/Developer/CodeLiteSourceCodeAccess/CodeLiteSourceCodeAccess.uplugin
LogPluginManager: Loaded Plugin GitSourceControl, From C:/Program Files (x86)/Epic Games/4.14/Engine/Plugins/Developer/GitSourceControl/GitSourceControl.uplugin
LogPluginManager: Loaded Plugin KDevelopSourceCodeAccess, From C:/Program Files (x86)/Epic Games/4.14/Engine/Plugins/Developer/KDevelopSourceCodeAccess/KDevelopSourceCodeAccess.uplugin
LogPluginManager: Loaded Plugin NullSourceCodeAccess, From C:/Program Files (x86)/Epic Games/4.14/Engine/Plugins/Developer/NullSourceCodeAccess/NullSourceCodeAccess.uplugin
LogPluginManager: Loaded Plugin OneSkyLocalizationService, From C:/Program Files (x86)/Epic Games/4.14/Engine/Plugins/Developer/OneSkyLocalizationService/OneSkyLocalizationService.uplugin
LogPluginManager: Loaded Plugin PerforceSourceControl, From C:/Program Files (x86)/Epic Games/4.14/Engine/Plugins/Developer/PerforceSourceControl/PerforceSourceControl.uplugin
LogPluginManager: Loaded Plugin SubversionSourceControl, From C:/Program Files (x86)/Epic Games/4.14/Engine/Plugins/Developer/SubversionSourceControl/SubversionSourceControl.uplugin
LogPluginManager: Loaded Plugin UObjectPlugin, From C:/Program Files (x86)/Epic Games/4.14/Engine/Plugins/Developer/UObjectPlugin/UObjectPlugin.uplugin
LogPluginManager: Loaded Plugin VisualStudioSourceCodeAccess, From C:/Program Files (x86)/Epic Games/4.14/Engine/Plugins/Developer/VisualStudioSourceCodeAccess/VisualStudioSourceCodeAccess.uplugin
LogPluginManager: Loaded Plugin XCodeSourceCodeAccess, From C:/Program Files (x86)/Epic Games/4.14/Engine/Plugins/Developer/XCodeSourceCodeAccess/XCodeSourceCodeAccess.uplugin
LogPluginManager: Loaded Plugin AudioCapture, From C:/Program Files (x86)/Epic Games/4.14/Engine/Plugins/Editor/AudioCapture/AudioCapture.uplugin
LogPluginManager: Loaded Plugin EpicSurvey, From C:/Program Files (x86)/Epic Games/4.14/Engine/Plugins/Editor/EpicSurvey/EpicSurvey.uplugin
LogPluginManager: Loaded Plugin MacGraphicsSwitching, From C:/Program Files (x86)/Epic Games/4.14/Engine/Plugins/Editor/MacGraphicsSwitching/MacGraphicsSwitching.uplugin
LogPluginManager: Loaded Plugin MobileLauncherProfileWizard, From C:/Program Files (x86)/Epic Games/4.14/Engine/Plugins/Editor/MobileLauncherProfileWizard/MobileLauncherProfileWizard.uplugin
LogPluginManager: Loaded Plugin PluginBrowser, From C:/Program Files (x86)/Epic Games/4.14/Engine/Plugins/Editor/PluginBrowser/PluginBrowser.uplugin
LogPluginManager: Loaded Plugin SpeedTreeImporter, From C:/Program Files (x86)/Epic Games/4.14/Engine/Plugins/Editor/SpeedTreeImporter/SpeedTreeImporter.uplugin
LogPluginManager: Loaded Plugin SuperSearchEditor, From C:/Program Files (x86)/Epic Games/4.14/Engine/Plugins/Editor/SuperSearchEditor/SuperSearchEditor.uplugin
LogPluginManager: Loaded Plugin AlembicImporter, From C:/Program Files (x86)/Epic Games/4.14/Engine/Plugins/Experimental/AlembicImporter/AlembicImporter.uplugin
LogPluginManager: Loaded Plugin BlueprintStats, From C:/Program Files (x86)/Epic Games/4.14/Engine/Plugins/Experimental/BlueprintStats/BlueprintStats.uplugin
LogPluginManager: Loaded Plugin CharacterAI, From C:/Program Files (x86)/Epic Games/4.14/Engine/Plugins/Experimental/CharacterAI/CharacterAI.uplugin
LogPluginManager: Loaded Plugin CodeEditor, From C:/Program Files (x86)/Epic Games/4.14/Engine/Plugins/Experimental/CodeEditor/CodeEditor.uplugin
LogPluginManager: Loaded Plugin CodeView, From C:/Program Files (x86)/Epic Games/4.14/Engine/Plugins/Experimental/CodeView/CodeView.uplugin
LogPluginManager: Loaded Plugin HTML5Networking, From C:/Program Files (x86)/Epic Games/4.14/Engine/Plugins/Experimental/HTML5Networking/HTML5Networking.uplugin
LogPluginManager: Loaded Plugin OSVR, From C:/Program Files (x86)/Epic Games/4.14/Engine/Plugins/Experimental/OSVR/OSVR.uplugin
LogPluginManager: Loaded Plugin Phya, From C:/Program Files (x86)/Epic Games/4.14/Engine/Plugins/Experimental/Phya/Phya.uplugin
LogPluginManager: Loaded Plugin SignificanceManager, From C:/Program Files (x86)/Epic Games/4.14/Engine/Plugins/Experimental/SignificanceManager/SignificanceManager.uplugin
LogPluginManager: Loaded Plugin SimpleHMD, From C:/Program Files (x86)/Epic Games/4.14/Engine/Plugins/Experimental/SimpleHMD/SimpleHMD.uplugin
LogPluginManager: Loaded Plugin StereoPanorama, From C:/Program Files (x86)/Epic Games/4.14/Engine/Plugins/Experimental/StereoPanorama/StereoPanorama.uplugin
LogPluginManager: Loaded Plugin StructBox, From C:/Program Files (x86)/Epic Games/4.14/Engine/Plugins/Experimental/StructBox/StructBox.uplugin
LogPluginManager: Loaded Plugin AndroidMedia, From C:/Program Files (x86)/Epic Games/4.14/Engine/Plugins/Media/AndroidMedia/AndroidMedia.uplugin
LogPluginManager: Loaded Plugin AvfMedia, From C:/Program Files (x86)/Epic Games/4.14/Engine/Plugins/Media/AvfMedia/AvfMedia.uplugin
LogPluginManager: Loaded Plugin MediaPlayerEditor, From C:/Program Files (x86)/Epic Games/4.14/Engine/Plugins/Media/MediaPlayerEditor/MediaPlayerEditor.uplugin
LogPluginManager: Loaded Plugin WmfMedia, From C:/Program Files (x86)/Epic Games/4.14/Engine/Plugins/Media/WmfMedia/WmfMedia.uplugin
LogPluginManager: Loaded Plugin MessagingDebugger, From C:/Program Files (x86)/Epic Games/4.14/Engine/Plugins/Messaging/MessagingDebugger/MessagingDebugger.uplugin
LogPluginManager: Loaded Plugin TcpMessaging, From C:/Program Files (x86)/Epic Games/4.14/Engine/Plugins/Messaging/TcpMessaging/TcpMessaging.uplugin
LogPluginManager: Loaded Plugin UdpMessaging, From C:/Program Files (x86)/Epic Games/4.14/Engine/Plugins/Messaging/UdpMessaging/UdpMessaging.uplugin
LogPluginManager: Loaded Plugin LevelSequenceEditor, From C:/Program Files (x86)/Epic Games/4.14/Engine/Plugins/MovieScene/LevelSequenceEditor/LevelSequenceEditor.uplugin
LogPluginManager: Loaded Plugin MatineeToLevelSequence, From C:/Program Files (x86)/Epic Games/4.14/Engine/Plugins/MovieScene/MatineeToLevelSequence/MatineeToLevelSequence.uplugin
LogPluginManager: Loaded Plugin NetcodeUnitTest, From C:/Program Files (x86)/Epic Games/4.14/Engine/Plugins/NetcodeUnitTest/NetcodeUnitTest/NetcodeUnitTest.uplugin
LogPluginManager: Loaded Plugin NUTUnrealEngine4, From C:/Program Files (x86)/Epic Games/4.14/Engine/Plugins/NetcodeUnitTest/NUTUnrealEngine4/NUTUnrealEngine4.uplugin
LogPluginManager: Loaded Plugin OnlineSubsystemGameCircle, From C:/Program Files (x86)/Epic Games/4.14/Engine/Plugins/Online/Android/OnlineSubsystemGameCircle/OnlineSubsystemGameCircle.uplugin
LogPluginManager: Loaded Plugin OnlineSubsystemGooglePlay, From C:/Program Files (x86)/Epic Games/4.14/Engine/Plugins/Online/Android/OnlineSubsystemGooglePlay/OnlineSubsystemGooglePlay.uplugin
LogPluginManager: Loaded Plugin OnlineSubsystemIOS, From C:/Program Files (x86)/Epic Games/4.14/Engine/Plugins/Online/IOS/OnlineSubsystemIOS/OnlineSubsystemIOS.uplugin
LogPluginManager: Loaded Plugin OnlineFramework, From C:/Program Files (x86)/Epic Games/4.14/Engine/Plugins/Online/OnlineFramework/OnlineFramework.uplugin
LogPluginManager: Loaded Plugin OnlineSubsystem, From C:/Program Files (x86)/Epic Games/4.14/Engine/Plugins/Online/OnlineSubsystem/OnlineSubsystem.uplugin
LogPluginManager: Loaded Plugin OnlineSubsystemAmazon, From C:/Program Files (x86)/Epic Games/4.14/Engine/Plugins/Online/OnlineSubsystemAmazon/OnlineSubsystemAmazon.uplugin
LogPluginManager: Loaded Plugin OnlineSubsystemFacebook, From C:/Program Files (x86)/Epic Games/4.14/Engine/Plugins/Online/OnlineSubsystemFacebook/OnlineSubsystemFacebook.uplugin
LogPluginManager: Loaded Plugin OnlineSubsystemNull, From C:/Program Files (x86)/Epic Games/4.14/Engine/Plugins/Online/OnlineSubsystemNull/OnlineSubsystemNull.uplugin
LogPluginManager: Loaded Plugin OnlineSubsystemOculus, From C:/Program Files (x86)/Epic Games/4.14/Engine/Plugins/Online/OnlineSubsystemOculus/OnlineSubsystemOculus.uplugin
LogPluginManager: Loaded Plugin OnlineSubsystemSteam, From C:/Program Files (x86)/Epic Games/4.14/Engine/Plugins/Online/OnlineSubsystemSteam/OnlineSubsystemSteam.uplugin
LogPluginManager: Loaded Plugin OnlineSubsystemUtils, From C:/Program Files (x86)/Epic Games/4.14/Engine/Plugins/Online/OnlineSubsystemUtils/OnlineSubsystemUtils.uplugin
LogPluginManager: Loaded Plugin IOSTapJoy, From C:/Program Files (x86)/Epic Games/4.14/Engine/Plugins/Runtime/Advertising/IOSTapJoy/IOSTapJoy.uplugin
LogPluginManager: Loaded Plugin AnalyticsBlueprintLibrary, From C:/Program Files (x86)/Epic Games/4.14/Engine/Plugins/Runtime/Analytics/AnalyticsBlueprintLibrary/AnalyticsBlueprintLibrary.uplugin
LogPluginManager: Loaded Plugin AnalyticsMulticast, From C:/Program Files (x86)/Epic Games/4.14/Engine/Plugins/Runtime/Analytics/AnalyticsMulticast/AnalyticsMulticast.uplugin
LogPluginManager: Loaded Plugin Apsalar, From C:/Program Files (x86)/Epic Games/4.14/Engine/Plugins/Runtime/Analytics/Apsalar/Apsalar.uplugin
LogPluginManager: Loaded Plugin FileLogging, From C:/Program Files (x86)/Epic Games/4.14/Engine/Plugins/Runtime/Analytics/FileLogging/FileLogging.uplugin
LogPluginManager: Loaded Plugin Flurry, From C:/Program Files (x86)/Epic Games/4.14/Engine/Plugins/Runtime/Analytics/Flurry/Flurry.uplugin
LogPluginManager: Loaded Plugin AndroidDeviceProfileSelector, From C:/Program Files (x86)/Epic Games/4.14/Engine/Plugins/Runtime/AndroidDeviceProfileSelector/AndroidDeviceProfileSelector.uplugin
LogPluginManager: Loaded Plugin AndroidMoviePlayer, From C:/Program Files (x86)/Epic Games/4.14/Engine/Plugins/Runtime/AndroidMoviePlayer/AndroidMoviePlayer.uplugin
LogPluginManager: Loaded Plugin AppleMoviePlayer, From C:/Program Files (x86)/Epic Games/4.14/Engine/Plugins/Runtime/AppleMoviePlayer/AppleMoviePlayer.uplugin
LogPluginManager: Loaded Plugin ArchVisCharacter, From C:/Program Files (x86)/Epic Games/4.14/Engine/Plugins/Runtime/ArchVisCharacter/ArchVisCharacter.uplugin
LogPluginManager: Loaded Plugin CableComponent, From C:/Program Files (x86)/Epic Games/4.14/Engine/Plugins/Runtime/CableComponent/CableComponent.uplugin
LogPluginManager: Loaded Plugin CustomMeshComponent, From C:/Program Files (x86)/Epic Games/4.14/Engine/Plugins/Runtime/CustomMeshComponent/CustomMeshComponent.uplugin
LogPluginManager: Loaded Plugin ExampleDeviceProfileSelector, From C:/Program Files (x86)/Epic Games/4.14/Engine/Plugins/Runtime/ExampleDeviceProfileSelector/ExampleDeviceProfileSelector.uplugin
LogPluginManager: Loaded Plugin GearVR, From C:/Program Files (x86)/Epic Games/4.14/Engine/Plugins/Runtime/GearVR/GearVR.uplugin
LogPluginManager: Loaded Plugin GoogleVRController, From C:/Program Files (x86)/Epic Games/4.14/Engine/Plugins/Runtime/GoogleVR/GoogleVRController/GoogleVRController.uplugin
LogPluginManager: Loaded Plugin GoogleVRHMD, From C:/Program Files (x86)/Epic Games/4.14/Engine/Plugins/Runtime/GoogleVR/GoogleVRHMD/GoogleVRHMD.uplugin
LogPluginManager: Loaded Plugin IOSDeviceProfileSelector, From C:/Program Files (x86)/Epic Games/4.14/Engine/Plugins/Runtime/IOSDeviceProfileSelector/IOSDeviceProfileSelector.uplugin
LogPluginManager: Loaded Plugin LeapMotion, From C:/Program Files (x86)/Epic Games/4.14/Engine/Plugins/Runtime/LeapMotion/LeapMotion.uplugin
LogPluginManager: Loaded Plugin LinuxDeviceProfileSelector, From C:/Program Files (x86)/Epic Games/4.14/Engine/Plugins/Runtime/LinuxDeviceProfileSelector/LinuxDeviceProfileSelector.uplugin
LogPluginManager: Loaded Plugin MIDIDevice, From C:/Program Files (x86)/Epic Games/4.14/Engine/Plugins/Runtime/MIDIDevice/MIDIDevice.uplugin
LogPluginManager: Loaded Plugin MobilePatchingUtils, From C:/Program Files (x86)/Epic Games/4.14/Engine/Plugins/Runtime/MobilePatchingUtils/MobilePatchingUtils.uplugin
LogPluginManager: Loaded Plugin Ansel, From C:/Program Files (x86)/Epic Games/4.14/Engine/Plugins/Runtime/Nvidia/Ansel/Ansel.uplugin
LogPluginManager: Loaded Plugin OculusAudio, From C:/Program Files (x86)/Epic Games/4.14/Engine/Plugins/Runtime/OculusAudio/OculusAudio.uplugin
LogPluginManager: Loaded Plugin OculusInput, From C:/Program Files (x86)/Epic Games/4.14/Engine/Plugins/Runtime/OculusInput/OculusInput.uplugin
LogPluginManager: Loaded Plugin OculusLibrary, From C:/Program Files (x86)/Epic Games/4.14/Engine/Plugins/Runtime/OculusLibrary/OculusLibrary.uplugin
LogPluginManager: Loaded Plugin OculusRift, From C:/Program Files (x86)/Epic Games/4.14/Engine/Plugins/Runtime/OculusRift/OculusRift.uplugin
LogPluginManager: Loaded Plugin Oodle, From C:/Program Files (x86)/Epic Games/4.14/Engine/Plugins/Runtime/PacketHandlers/CompressionComponents/Oodle/Oodle.uplugin
LogPluginManager: Loaded Plugin ProceduralMeshComponent, From C:/Program Files (x86)/Epic Games/4.14/Engine/Plugins/Runtime/ProceduralMeshComponent/ProceduralMeshComponent.uplugin
LogPluginManager: Loaded Plugin SoundMod, From C:/Program Files (x86)/Epic Games/4.14/Engine/Plugins/Runtime/SoundMod/SoundMod.uplugin
LogPluginManager: Loaded Plugin SoundVisualizations, From C:/Program Files (x86)/Epic Games/4.14/Engine/Plugins/Runtime/SoundVisualizations/SoundVisualizations.uplugin
LogPluginManager: Loaded Plugin SteamController, From C:/Program Files (x86)/Epic Games/4.14/Engine/Plugins/Runtime/Steam/SteamController/SteamController.uplugin
LogPluginManager: Loaded Plugin SteamVR, From C:/Program Files (x86)/Epic Games/4.14/Engine/Plugins/Runtime/Steam/SteamVR/SteamVR.uplugin
LogPluginManager: Loaded Plugin WebBrowserWidget, From C:/Program Files (x86)/Epic Games/4.14/Engine/Plugins/Runtime/WebBrowserWidget/WebBrowserWidget.uplugin
LogPluginManager: Loaded Plugin WindowsDeviceProfileSelector, From C:/Program Files (x86)/Epic Games/4.14/Engine/Plugins/Runtime/WindowsDeviceProfileSelector/WindowsDeviceProfileSelector.uplugin
LogPluginManager: Loaded Plugin WindowsMoviePlayer, From C:/Program Files (x86)/Epic Games/4.14/Engine/Plugins/Runtime/WindowsMoviePlayer/WindowsMoviePlayer.uplugin
LogPluginManager: Loaded Plugin ScriptPlugin, From C:/Program Files (x86)/Epic Games/4.14/Engine/Plugins/ScriptPlugin/ScriptPlugin.uplugin
LogPluginManager: Loaded Plugin SlateRemote, From C:/Program Files (x86)/Epic Games/4.14/Engine/Plugins/Slate/SlateRemote/SlateRemote.uplugin
LogPluginManager: Loaded Plugin EditorTests, From C:/Program Files (x86)/Epic Games/4.14/Engine/Plugins/Tests/EditorTests/EditorTests.uplugin
LogPluginManager: Loaded Plugin FbxAutomationTestBuilder, From C:/Program Files (x86)/Epic Games/4.14/Engine/Plugins/Tests/FbxAutomationTestBuilder/FbxAutomationTestBuilder.uplugin
LogPluginManager: Loaded Plugin FunctionalTestingEditor, From C:/Program Files (x86)/Epic Games/4.14/Engine/Plugins/Tests/FunctionalTestingEditor/FunctionalTestingEditor.uplugin
LogPluginManager: Loaded Plugin RuntimeTests, From C:/Program Files (x86)/Epic Games/4.14/Engine/Plugins/Tests/RuntimeTests/RuntimeTests.uplugin
LogPluginManager: Loaded Plugin ScreenshotTools, From C:/Program Files (x86)/Epic Games/4.14/Engine/Plugins/Tests/ScreenshotTools/ScreenshotTools.uplugin
LogInit: Using libcurl 7.47.1
LogInit:  - built for x86_64-pc-win32
LogInit:  - supports SSL with OpenSSL/1.0.2g
LogInit:  - supports HTTP deflate (compression) using libz 1.2.8
LogInit:  - other features:
LogInit:      CURL_VERSION_SSL
LogInit:      CURL_VERSION_LIBZ
LogInit:      CURL_VERSION_IPV6
LogInit:      CURL_VERSION_ASYNCHDNS
LogInit:      CURL_VERSION_LARGEFILE
LogInit:      CURL_VERSION_IDN
LogInit:  CurlRequestOptions (configurable via config and command line):
LogInit:  - bVerifyPeer = false  - Libcurl will NOT verify peer certificate
LogInit:  - bUseHttpProxy = false  - Libcurl will NOT use HTTP proxy
LogInit:  - bDontReuseConnections = false  - Libcurl will reuse connections
LogInit:  - CertBundlePath = nullptr  - Libcurl will use whatever was configured at build time.
LogInit: Build: ++UE4+Release-4.14-CL-3249277
LogInit: Engine Version: 4.14.3-3249277+++UE4+Release-4.14
LogInit: Compatible Engine Version: 4.14.0-3195953+++UE4+Release-4.14
LogInit: Net CL: 3195953
LogDevObjectVersion: Number of dev versions registered: 13
LogDevObjectVersion:   Dev-Blueprints (B0D832E4-1F89-4F0D-ACCF-7EB736FD4AA2): 7
LogDevObjectVersion:   Dev-Build (E1C64328-A22C-4D53-A36C-8E866417BD8C): 0
LogDevObjectVersion:   Dev-Core (375EC13C-06E4-48FB-B500-84F0262A717E): 1
LogDevObjectVersion:   Dev-Editor (E4B068ED-F494-42E9-A231-DA0B2E46BB41): 8
LogDevObjectVersion:   Dev-Framework (CFFC743F-43B0-4480-9391-14DF171D2073): 17
LogDevObjectVersion:   Dev-Mobile (B02B49B5-BB20-44E9-A304-32B752E40360): 0
LogDevObjectVersion:   Dev-Networking (A4E4105C-59A1-49B5-A7C5-40C4547EDFEE): 0
LogDevObjectVersion:   Dev-Online (39C831C9-5AE6-47DC-9A44-9C173E1C8E7C): 0
LogDevObjectVersion:   Dev-Physics (78F01B33-EBEA-4F98-B9B4-84EACCB95AA2): 0
LogDevObjectVersion:   Dev-Platform (6631380F-2D4D-43E0-8009-CF276956A95A): 0
LogDevObjectVersion:   Dev-Rendering (12F88B9F-8875-4AFC-A67C-D90C383ABD29): 12
LogDevObjectVersion:   Dev-Sequencer (7B5AE74C-D270-4C10-A958-57980B212A5A): 1
LogDevObjectVersion:   Dev-VR (D7296918-1DD6-4BDD-9DE2-64A83CC13884): 0
LogInit: Compiled (64-bit): Jan  6 2017 10:49:43
LogInit: Compiled with Visual C++: 19.00.23026.00
LogInit: Build Configuration: Development
LogInit: Branch Name: ++UE4+Release-4.14
LogInit: Command line: -EpicPortal 
LogInit: Base directory: C:/Program Files (x86)/Epic Games/4.14/Engine/Binaries/Win64/
LogInit: Installed Engine Build: 1
LogInit: Presizing for max 8388607 objects, including 0 objects not considered by GC, pre-allocating 0 bytes for permanent pool.
LogInit: Object subsystem initialized
[2017.03.21-18.43.39:750][  0]LogInit: Selected Device Profile: [Windows]
[2017.03.21-18.43.39:750][  0]LogInit: Applying CVar settings loaded from the selected device profile: [Windows]
[2017.03.21-18.43.39:825][  0]LogInit: Computer: DESKTOP-2MMPK43
[2017.03.21-18.43.39:825][  0]LogInit: User: Turk
[2017.03.21-18.43.39:825][  0]LogInit: CPU Page size=65536, Cores=4
[2017.03.21-18.43.39:825][  0]LogInit: High frequency timer resolution =3.417979 MHz
[2017.03.21-18.43.39:825][  0]LogMemory: Memory total: Physical=7.9GB (8GB approx)
[2017.03.21-18.43.39:825][  0]LogMemory: Platform Memory Stats for Windows
[2017.03.21-18.43.39:825][  0]LogMemory: Process Physical Memory: 264.29 MB used, 264.29 MB peak
[2017.03.21-18.43.39:825][  0]LogMemory: Process Virtual Memory: 262.62 MB used, 262.62 MB peak
[2017.03.21-18.43.39:825][  0]LogMemory: Physical Memory: 3201.45 MB used,  4939.34 MB free, 8140.79 MB total
[2017.03.21-18.43.39:825][  0]LogMemory: Virtual Memory: 675.48 MB used,  4939.34 MB free, 134217728.00 MB total
[2017.03.21-18.43.39:844][  0]LogTextLocalizationManager: No specific translations for ('en-US') exist, so ('en') translations will be used.
[2017.03.21-18.43.40:385][  0]LogD3D11RHI: D3D11 adapters:
[2017.03.21-18.43.40:402][  0]LogD3D11RHI:    0. 'NVIDIA GeForce GTX 770' (Feature Level 11_0)
[2017.03.21-18.43.40:402][  0]LogD3D11RHI:       2017/0/4070 MB DedicatedVideo/DedicatedSystem/SharedSystem, Outputs:1, VendorId:0x10de
[2017.03.21-18.43.40:403][  0]LogD3D11RHI:    1. 'Microsoft Basic Render Driver' (Feature Level 11_0)
[2017.03.21-18.43.40:403][  0]LogD3D11RHI:       0/0/4070 MB DedicatedVideo/DedicatedSystem/SharedSystem, Outputs:0, VendorId:0x1414
[2017.03.21-18.43.40:403][  0]LogD3D11RHI: Chosen D3D11 Adapter: 0
[2017.03.21-18.43.40:406][  0]LogD3D11RHI: Creating new Direct3DDevice
[2017.03.21-18.43.40:406][  0]LogD3D11RHI:     GPU DeviceId: 0x1184 (for the marketing name, search the web for "GPU Device Id")
[2017.03.21-18.43.40:406][  0]LogWindows: EnumDisplayDevices:
[2017.03.21-18.43.40:406][  0]LogWindows:    0. 'NVIDIA GeForce GTX 770' (P:1 D:1)
[2017.03.21-18.43.40:406][  0]LogWindows:    1. 'NVIDIA GeForce GTX 770' (P:0 D:0)
[2017.03.21-18.43.40:406][  0]LogWindows:    2. 'NVIDIA GeForce GTX 770' (P:0 D:0)
[2017.03.21-18.43.40:406][  0]LogWindows:    3. 'NVIDIA GeForce GTX 770' (P:0 D:0)
[2017.03.21-18.43.40:406][  0]LogWindows: DebugString: FoundDriverCount:4 
[2017.03.21-18.43.40:406][  0]LogD3D11RHI:     Adapter Name: NVIDIA GeForce GTX 770
[2017.03.21-18.43.40:407][  0]LogD3D11RHI:   Driver Version: 376.53 (internal:21.21.13.7653, unified:376.53)
[2017.03.21-18.43.40:407][  0]LogD3D11RHI:      Driver Date: 12-29-2016
[2017.03.21-18.43.40:407][  0]LogRHI: Texture pool is 1361 MB (70% of 1945 MB)
[2017.03.21-18.43.40:417][  0]LogD3D11RHI:Warning: Timestamp queries are currently disabled on this hardware due to instability. Realtime GPU stats will not be available. You can override this behaviour by setting r.NVIDIATimestampWorkaround to 0
[2017.03.21-18.43.40:417][  0]LogD3D11RHI: Async texture creation enabled
[2017.03.21-18.43.40:432][  0]LogD3D11RHI: GPU Timing Frequency: 1000.000000 (Debug: 2 2)
[2017.03.21-18.43.40:432][  0]LogShaderCompilers: Guid format shader working directory is 9 characters bigger than the processId version (E:/HGDProj/Ad_Nauseum_UE4/Ad_Nauseum/Intermediate/Shaders/WorkingDirectory/9072/).
[2017.03.21-18.43.40:432][  0]LogShaderCompilers: Cleaned the shader compiler working directory 'C:/Users/Turk/AppData/Local/Temp/UnrealShaderWorkingDir/0EEBA0684BA841CC2E8581B741D7C461/'.
[2017.03.21-18.43.40:432][  0]LogShaderCompilers:Display: Using Local Shader Compiler.
[2017.03.21-18.43.41:299][  0]LogTemp:Display: Loaded TP AllDesktopTargetPlatform
[2017.03.21-18.43.41:345][  0]LogTemp:Display: Loaded TP MacClientTargetPlatform
[2017.03.21-18.43.41:390][  0]LogTemp:Display: Loaded TP MacNoEditorTargetPlatform
[2017.03.21-18.43.41:437][  0]LogTemp:Display: Loaded TP MacServerTargetPlatform
[2017.03.21-18.43.41:485][  0]LogTemp:Display: Loaded TP MacTargetPlatform
[2017.03.21-18.43.41:532][  0]LogTemp:Display: Loaded TP WindowsClientTargetPlatform
[2017.03.21-18.43.41:579][  0]LogTemp:Display: Loaded TP WindowsNoEditorTargetPlatform
[2017.03.21-18.43.41:626][  0]LogTemp:Display: Loaded TP WindowsServerTargetPlatform
[2017.03.21-18.43.41:663][  0]LogTemp:Display: Loaded TP WindowsTargetPlatform
[2017.03.21-18.43.41:709][  0]LogTemp:Display: Loaded TP AndroidTargetPlatform
[2017.03.21-18.43.41:753][  0]LogTemp:Display: Loaded TP Android_ASTCTargetPlatform
[2017.03.21-18.43.41:798][  0]LogTemp:Display: Loaded TP Android_ATCTargetPlatform
[2017.03.21-18.43.41:842][  0]LogTemp:Display: Loaded TP Android_DXTTargetPlatform
[2017.03.21-18.43.41:901][  0]LogTemp:Display: Loaded TP Android_ETC1TargetPlatform
[2017.03.21-18.43.41:945][  0]LogTemp:Display: Loaded TP Android_ETC2TargetPlatform
[2017.03.21-18.43.42:036][  0]LogTemp:Display: Loaded TP Android_MultiTargetPlatform
[2017.03.21-18.43.42:036][  0]LogTemp:Display: Loaded TP Android_PVRTCTargetPlatform
[2017.03.21-18.43.42:067][  0]LogTemp:Display: Loaded TP HTML5TargetPlatform
[2017.03.21-18.43.42:138][  0]LogTemp:Display: Loaded TP IOSTargetPlatform
[2017.03.21-18.43.42:169][  0]LogTemp:Display: Loaded TP TVOSTargetPlatform
[2017.03.21-18.43.42:227][  0]LogTemp:Display: Loaded TP LinuxClientTargetPlatform
[2017.03.21-18.43.42:274][  0]LogTemp:Display: Loaded TP LinuxNoEditorTargetPlatform
[2017.03.21-18.43.42:321][  0]LogTemp:Display: Loaded TP LinuxServerTargetPlatform
[2017.03.21-18.43.42:369][  0]LogTemp:Display: Loaded TP LinuxTargetPlatform
[2017.03.21-18.43.42:370][  0]LogTargetPlatformManager:Display: Building Assets For Windows
[2017.03.21-18.43.42:693][  0]LogDerivedDataCache:Display: Max Cache Size: 512 MB
[2017.03.21-18.43.42:749][  0]LogDerivedDataCache: Loaded boot cache 0.06s 50MB C:/Users/Turk/AppData/Local/UnrealEngine/4.14/DerivedDataCache/Boot.ddc.
[2017.03.21-18.43.42:749][  0]LogDerivedDataCache:Display: Loaded Boot cache: C:/Users/Turk/AppData/Local/UnrealEngine/4.14/DerivedDataCache/Boot.ddc
[2017.03.21-18.43.42:749][  0]LogDerivedDataCache: FDerivedDataBackendGraph:  Pak pak cache file E:/HGDProj/Ad_Nauseum_UE4/Ad_Nauseum/DerivedDataCache/DDC.ddp not found, will not use a pak cache.
[2017.03.21-18.43.42:749][  0]LogDerivedDataCache: Unable to find inner node Pak for hierarchical cache Hierarchy.
[2017.03.21-18.43.42:749][  0]LogDerivedDataCache: FDerivedDataBackendGraph:  CompressedPak pak cache file E:/HGDProj/Ad_Nauseum_UE4/Ad_Nauseum/DerivedDataCache/Compressed.ddp not found, will not use a pak cache.
[2017.03.21-18.43.42:749][  0]LogDerivedDataCache: Unable to find inner node CompressedPak for hierarchical cache Hierarchy.
[2017.03.21-18.43.42:763][  0]LogDerivedDataCache:Display: Pak cache opened for reading ../../../Engine/DerivedDataCache/Compressed.ddp.
[2017.03.21-18.43.42:775][  0]LogDerivedDataCache: Using Local data cache path C:/Users/Turk/AppData/Local/UnrealEngine/Common/DerivedDataCache: Writable
[2017.03.21-18.43.42:950][  0]LogInit: Selected Device Profile: [Windows]
[2017.03.21-18.43.42:953][  0]LogContentStreaming: Texture pool size is 0.00 MB
[2017.03.21-18.43.43:121][  0]LogMeshUtilities: Using QuadricMeshReduction for automatic static mesh reduction
[2017.03.21-18.43.43:156][  0]LogSimplygon: Simplygon DLL not present - disabling.
[2017.03.21-18.43.43:192][  0]LogMeshUtilities: Using SimplygonSwarm for distributed automatic mesh merging
[2017.03.21-18.43.43:192][  0]LogMeshUtilities: No automatic skeletal mesh reduction module available
[2017.03.21-18.43.43:192][  0]LogMeshUtilities: No automatic mesh merging module available
[2017.03.21-18.43.43:734][  0]LogNetVersion: GetLocalNetworkVersion: CL: 3195953, ProjectName: ad_nauseum, ProjectVersion: , EngineNetworkVersion: 2, GameNetworkVersion: 0, NetworkChecksum: 86724054
[2017.03.21-18.43.43:788][  0]LogAssetRegistry: FAssetRegistry took 0.0223 seconds to start up
[2017.03.21-18.43.44:225][  0]LogPackageLocalizationCache: Processed 3 localized package path(s) for 2 prioritized culture(s) in 0.418403 seconds
[2017.03.21-18.43.44:232][  0]LogUObjectArray: 31946 objects as part of root set at end of initial load.
[2017.03.21-18.43.44:232][  0]LogUObjectAllocator: 6935840 out of 0 bytes used by permanent object pool.
[2017.03.21-18.43.44:232][  0]LogUObjectArray: CloseDisregardForGC: 0/0 objects in disregard for GC pool
[2017.03.21-18.43.44:301][  0]LogInit: WinSock: version 1.1 (2.2), MaxSocks=32767, MaxUdp=65467
[2017.03.21-18.43.44:975][  0]LogSlate: Using Freetype 2.6.0
[2017.03.21-18.43.44:976][  0]LogSlate: SlateFontCache - WITH_FREETYPE: 1, WITH_HARFBUZZ: 1
[2017.03.21-18.43.44:976][  0]LogSlate: SlateFontCache - WITH_FREETYPE: 1, WITH_HARFBUZZ: 1
[2017.03.21-18.43.45:631][  0]LogTcpMessaging: Initializing TcpMessaging bridge
[2017.03.21-18.43.45:666][  0]LogUdpMessaging: Initializing bridge on interface 0.0.0.0:0 to multicast group 230.0.0.1:6666.
[2017.03.21-18.43.46:047][  0]LogMaterial: Uniform references updated for custom material expression Custom.
[2017.03.21-18.43.46:369][  0]SourceControl: Info Source control is disabled
[2017.03.21-18.43.46:392][  0]SourceControl: Info Source control is disabled
[2017.03.21-18.43.46:429][  0]SourceControl: Info Source control is disabled
[2017.03.21-18.43.46:466][  0]SourceControl: Info Source control is disabled
[2017.03.21-18.43.47:504][  0]LogEngine: Initializing Engine...
[2017.03.21-18.43.47:504][  0]LogHMD: Failed to initialize OpenVR with code 110
[2017.03.21-18.43.47:700][  0]LogAIModule: Creating AISystem for world Untitled
[2017.03.21-18.43.47:707][  0]LogInit: XAudio2 using 'Speakers (4- Plantronics GameCom 780)' : 2 channels at 44.1 kHz using 16 bits per sample (channel mask 0x3)
[2017.03.21-18.43.47:720][  0]LogInit: FAudioDevice initialized.
[2017.03.21-18.43.47:751][  0]LogDerivedDataCache: Saved boot cache 0.03s 50MB C:/Users/Turk/AppData/Local/UnrealEngine/4.14/DerivedDataCache/Boot.ddc.
[2017.03.21-18.43.47:763][  0]LogInit: Texture streaming: Enabled
[2017.03.21-18.43.47:912][  0]LogInit: Transaction tracking system initialized
[2017.03.21-18.43.48:186][  0]BlueprintLog: New page: Editor Load
[2017.03.21-18.43.48:934][  0]LocalizationService: Info Localization service is disabled
[2017.03.21-18.43.49:463][  0]LogConsoleResponse:Display: 
[2017.03.21-18.43.49:614][  0]LogCook:Display: Max memory allowance for cook 16384mb min free memory 0mb
[2017.03.21-18.43.49:614][  0]LogCook:Display: Mobile HDR setting 1
[2017.03.21-18.43.50:376][  0]LogFileCache: Scanning file cache for directory 'E:/HGDProj/Ad_Nauseum_UE4/Ad_Nauseum/Content/' took 0.01s
[2017.03.21-18.43.50:376][  0]SourceControl: Info Source control is disabled
[2017.03.21-18.43.50:376][  0]Cmd: MAP LOAD FILE="E:/HGDProj/Ad_Nauseum_UE4/Ad_Nauseum/Content/Ad_Nauseum/MenuItems/MenuMap.umap" TEMPLATE=0 SHOWPROGRESS=1 FEATURELEVEL=3
[2017.03.21-18.43.50:392][  0]LightingResults: New page: Lighting Build
[2017.03.21-18.43.50:424][  0]MapCheck: New page: Map Check
[2017.03.21-18.43.50:424][  0]LightingResults: New page: Lighting Build
[2017.03.21-18.43.51:077][  0]LogAIModule: Creating AISystem for world MenuMap
[2017.03.21-18.43.51:085][  0]LogEditorServer: Finished looking for orphan Actors (0.000 secs)
[2017.03.21-18.43.51:086][  0]Cmd: MAP CHECKDEP NOCLEARLOG
[2017.03.21-18.43.51:123][  0]MapCheck: Info Map check complete: 0 Error(s), 0 Warning(s), took 36.254ms to complete.
[2017.03.21-18.43.51:123][  0]LogFileHelpers: Loading map 'MenuMap' took 0.746
[2017.03.21-18.43.51:172][  0]LogWindowsTextInputMethodSystem:Display: IME system now deactivated.
[2017.03.21-18.43.51:288][  0]LogCollectionManager: Loaded 0 collections in 0.001189 seconds
[2017.03.21-18.43.51:373][  0]LogFileCache: Scanning file cache for directory 'E:/HGDProj/Ad_Nauseum_UE4/Ad_Nauseum/Saved/Collections/' took 0.01s
[2017.03.21-18.43.51:373][  0]LogFileCache: Scanning file cache for directory 'E:/HGDProj/Ad_Nauseum_UE4/Ad_Nauseum/Content/Developers/Turk/Collections/' took 0.01s
[2017.03.21-18.43.51:373][  0]LogFileCache: Scanning file cache for directory 'E:/HGDProj/Ad_Nauseum_UE4/Ad_Nauseum/Content/Collections/' took 0.01s
[2017.03.21-18.43.51:373][  0]LogCollectionManager: Rebuilt the GUID cache for 0 collections in 0.000002 seconds
[2017.03.21-18.43.51:384][  0]LogContentBrowser: Native class hierarchy populated in 0.0087 seconds. Added 2190 classes and 428 folders.
[2017.03.21-18.43.51:421][  0]LogStats: UGameplayTagsManager::ConstructGameplayTagTree: Construct from data asset -  0.000 s
[2017.03.21-18.43.51:422][  0]LogStats: UGameplayTagsManager::ConstructGameplayTagTree: GameplayTagTreeChangedEvent.Broadcast -  0.000 s
[2017.03.21-18.43.51:423][  0]LogContentBrowser: Native class hierarchy updated for 'GameplayTags' in 0.0006 seconds. Added 13 classes and 0 folders.
[2017.03.21-18.43.51:473][  0]LogContentBrowser: Native class hierarchy updated for 'WidgetCarousel' in 0.0005 seconds. Added 0 classes and 0 folders.
[2017.03.21-18.43.51:741][  0]LogContentBrowser: Native class hierarchy updated for 'AddContentDialog' in 0.0006 seconds. Added 0 classes and 0 folders.
[2017.03.21-18.43.51:786][  0]LogContentBrowser: Native class hierarchy updated for 'SceneOutliner' in 0.0006 seconds. Added 1 classes and 2 folders.
[2017.03.21-18.43.51:900][  0]LogCrashTracker: Crashtracker disabled due to settings.
[2017.03.21-18.43.51:910][  0]LogUObjectGlobals:Warning: Failed to find object 'Class None.'
[2017.03.21-18.43.51:970][  0]LogContentBrowser: Native class hierarchy updated for 'HierarchicalLODOutliner' in 0.0006 seconds. Added 1 classes and 2 folders.
[2017.03.21-18.43.51:970][  0]LogLoad: (Engine Initialization) Total time: 14.91 seconds
[2017.03.21-18.43.51:970][  0]LogLoad: (Engine Initialization) Total Blueprint compile time: 0.19 seconds
[2017.03.21-18.43.51:970][  0]LogExternalProfiler: No external profilers were discovered.  External profiling features will not be available.
[2017.03.21-18.43.51:980][  0]LogOcInput: OculusInput pre-init called
[2017.03.21-18.43.51:999][  0]LogContentStreaming: Texture pool size now 1000 MB
[2017.03.21-18.43.52:155][  0]LogRenderer: Reallocating scene render targets to support 1004x324 NumSamples 1 (Frame:2).
[2017.03.21-18.43.52:313][  1]LogAssetRegistry: Asset discovery search completed in 8.5472 seconds
[2017.03.21-18.43.52:313][  1]LogCollectionManager: Rebuilt the object cache for 0 collections in 0.000001 seconds (found 0 objects)
[2017.03.21-18.43.52:313][  1]LogCollectionManager: Fixed up redirectors for 0 collections in 0.000021 seconds (updated 0 objects)
[2017.03.21-18.44.03:187][210]LogContentBrowser: Native class hierarchy updated for 'BlueprintGraph' in 0.0009 seconds. Added 111 classes and 0 folders.
[2017.03.21-18.46.41:552][620]LogTemp: Repeting last play command: New Editor Window (PIE)
[2017.03.21-18.46.41:861][620]LogBlueprintUserMessages: Early PlayInEditor Detection: Level '/Game/Ad_Nauseum/MenuItems/MenuMap.MenuMap:PersistentLevel' has LevelScriptBlueprint '/Game/Ad_Nauseum/MenuItems/MenuMap.MenuMap:PersistentLevel.MenuMap' with GeneratedClass '/Game/Ad_Nauseum/MenuItems/MenuMap.MenuMap_C' with ClassGeneratedBy '/Game/Ad_Nauseum/MenuItems/MenuMap.MenuMap:PersistentLevel.MenuMap'
[2017.03.21-18.46.41:861][620]BlueprintLog: New page: Pre-Play auto-recompile
[2017.03.21-18.46.41:862][620]LogPlayLevel: [PlayLevel] Compiling Slime before play...
[2017.03.21-18.46.41:989][620]LogPlayLevel: PlayLevel: Blueprint regeneration took 127 ms (1 blueprints)
[2017.03.21-18.46.41:990][620]PIE: New page: PIE session: MenuMap (Mar 21, 2017, 10:46:41 AM)
[2017.03.21-18.46.41:991][620]LogPlayLevel: Creating play world package: /Game/Ad_Nauseum/MenuItems/UEDPIE_0_MenuMap
[2017.03.21-18.46.41:993][620]LogPlayLevel: PIE: StaticDuplicateObject took: (0.002057s)
[2017.03.21-18.46.41:993][620]LogAIModule: Creating AISystem for world MenuMap
[2017.03.21-18.46.41:994][620]LogPlayLevel: PIE: World Init took: (0.000989s)
[2017.03.21-18.46.41:994][620]LogPlayLevel: PIE: Created PIE world by copying editor world from /Game/Ad_Nauseum/MenuItems/MenuMap.MenuMap to /Game/Ad_Nauseum/MenuItems/UEDPIE_0_MenuMap.MenuMap (0.003296s)
[2017.03.21-18.46.42:010][620]LogInit: XAudio2 using 'Speakers (4- Plantronics GameCom 780)' : 2 channels at 44.1 kHz using 16 bits per sample (channel mask 0x3)
[2017.03.21-18.46.42:016][620]LogInit: FAudioDevice initialized.
[2017.03.21-18.46.42:069][620]LogLinker:Warning: Can't find file '/Game/Ad_Nauseum/Blueprints/Map_GM'
[2017.03.21-18.46.42:069][620]LogLinker:Warning: Can't find file '/Game/Ad_Nauseum/Blueprints/Map_GM'
[2017.03.21-18.46.42:069][620]LogUObjectGlobals:Warning: Failed to find object 'Class /Game/Ad_Nauseum/Blueprints/Map_GM.Map_GM_C'
[2017.03.21-18.46.42:069][620]LogLoad: Game class is 'GameModeBase'
[2017.03.21-18.46.42:074][620]LogWorld: Bringing World /Game/Ad_Nauseum/MenuItems/UEDPIE_0_MenuMap.MenuMap up for play (max tick rate 0) at 2017.03.21-14.46.42
[2017.03.21-18.46.42:078][620]LogWorld: Bringing up level for play took: 0.005870
[2017.03.21-18.46.42:081][620]LogGameMode: Warning - PATHS NOT DEFINED or NO PLAYERSTART with positive rating
[2017.03.21-18.46.42:126][620]LogContentBrowser: Native class hierarchy updated for 'MovieSceneCapture' in 0.0006 seconds. Added 11 classes and 0 folders.
[2017.03.21-18.46.42:148][620]PIE: Info Play in editor start time for /Game/Ad_Nauseum/MenuItems/UEDPIE_0_MenuMap 0.607
[2017.03.21-18.46.42:149][620]LogBlueprintUserMessages: Late PlayInEditor Detection: Level '/Game/Ad_Nauseum/MenuItems/MenuMap.MenuMap:PersistentLevel' has LevelScriptBlueprint '/Game/Ad_Nauseum/MenuItems/MenuMap.MenuMap:PersistentLevel.MenuMap' with GeneratedClass '/Game/Ad_Nauseum/MenuItems/MenuMap.MenuMap_C' with ClassGeneratedBy '/Game/Ad_Nauseum/MenuItems/MenuMap.MenuMap:PersistentLevel.MenuMap'
[2017.03.21-18.46.42:154][620]LogRenderer: Reallocating scene render targets to support 1164x684 NumSamples 1 (Frame:5).
[2017.03.21-18.46.42:154][620]LogAudio:Warning: Detected orphaned looping sound 'HGD_Song_Demo_1'.
[2017.03.21-18.46.43:409][740]LogNet: Browse: /Game/Ad_Nauseum/Levels/Level_1
[2017.03.21-18.46.43:411][740]LogLoad: LoadMap: /Game/Ad_Nauseum/Levels/Level_1
[2017.03.21-18.46.43:428][740]Cmd: MEM
[2017.03.21-18.46.43:444][740]LogMemory: Platform Memory Stats for Windows
[2017.03.21-18.46.43:444][740]LogMemory: Process Physical Memory: 1141.55 MB used, 1146.90 MB peak
[2017.03.21-18.46.43:444][740]LogMemory: Process Virtual Memory: 1551.23 MB used, 1555.66 MB peak
[2017.03.21-18.46.43:444][740]LogMemory: Physical Memory: 3274.54 MB used,  4866.25 MB free, 8140.79 MB total
[2017.03.21-18.46.43:444][740]LogMemory: Virtual Memory: 2302.53 MB used,  4866.25 MB free, 134217728.00 MB total
[2017.03.21-18.46.43:444][740]LogMemory: 
[2017.03.21-18.46.43:444][740]Allocator Stats for TBB: (not implemented)
[2017.03.21-18.46.44:354][740]LogAIModule: Creating AISystem for world Level_1
[2017.03.21-18.46.44:354][740]LogLoad: Game class is 'Ad_Nauseum_GameMode_C'
[2017.03.21-18.46.44:362][740]LogWorld: Bringing World /Game/Ad_Nauseum/Levels/UEDPIE_0_Level_1.Level_1 up for play (max tick rate 0) at 2017.03.21-14.46.44
[2017.03.21-18.46.44:363][740]LogWorld: Bringing up level for play took: 0.007789
[2017.03.21-18.46.44:367][740]LogLoad: Took 0.956307 seconds to LoadMap(/Game/Ad_Nauseum/Levels/Level_1)
[2017.03.21-18.46.49:491][287]LogScript:Warning: FLatentActionManager::ProcessLatentActions: CallbackTarget is None.
[2017.03.21-18.46.51:120][462]LogBlueprintUserMessages: Early EndPlayMap Detection: Level '/Game/Ad_Nauseum/MenuItems/MenuMap.MenuMap:PersistentLevel' has LevelScriptBlueprint '/Game/Ad_Nauseum/MenuItems/MenuMap.MenuMap:PersistentLevel.MenuMap' with GeneratedClass '/Game/Ad_Nauseum/MenuItems/MenuMap.MenuMap_C' with ClassGeneratedBy '/Game/Ad_Nauseum/MenuItems/MenuMap.MenuMap:PersistentLevel.MenuMap'
[2017.03.21-18.46.51:179][462]LogBlueprintUserMessages: Late EndPlayMap Detection: Level '/Game/Ad_Nauseum/MenuItems/MenuMap.MenuMap:PersistentLevel' has LevelScriptBlueprint '/Game/Ad_Nauseum/MenuItems/MenuMap.MenuMap:PersistentLevel.MenuMap' with GeneratedClass '/Game/Ad_Nauseum/MenuItems/MenuMap.MenuMap_C' with ClassGeneratedBy '/Game/Ad_Nauseum/MenuItems/MenuMap.MenuMap:PersistentLevel.MenuMap'
[2017.03.21-18.46.59:064][390]LogAIModule: Creating AISystem for world Level_1
[2017.03.21-18.47.00:590][390]Cmd: OBJ SAVEPACKAGE PACKAGE="/Game/Ad_Nauseum/Blueprints/BasicMobs/Slime" FILE="E:/HGDProj/Ad_Nauseum_UE4/Ad_Nauseum/Content/Ad_Nauseum/Blueprints/BasicMobs/Slime.uasset" SILENT=true
[2017.03.21-18.47.00:812][390]LogSavePackage: Save=47.73ms
[2017.03.21-18.47.00:812][390]LogSavePackage: Moving 'E:/HGDProj/Ad_Nauseum_UE4/Ad_Nauseum/Saved/Slime33EE17744947D829825EE2B2BC7194FF.tmp' to 'E:/HGDProj/Ad_Nauseum_UE4/Ad_Nauseum/Content/Ad_Nauseum/Blueprints/BasicMobs/Slime.uasset'
[2017.03.21-18.47.00:818][390]LogSavePackage:Display: Finished SavePackage E:/HGDProj/Ad_Nauseum_UE4/Ad_Nauseum/Content/Ad_Nauseum/Blueprints/BasicMobs/Slime.uasset
[2017.03.21-18.47.00:819][390]Cmd: MAP LOAD FILE="E:/HGDProj/Ad_Nauseum_UE4/Ad_Nauseum/Content/Ad_Nauseum/Levels/Level_1.umap" TEMPLATE=0 SHOWPROGRESS=1 FEATURELEVEL=3
[2017.03.21-18.47.00:819][390]LightingResults: New page: Lighting Build
[2017.03.21-18.47.00:819][390]LoadErrors: New page: Loading map: Level_1.umap
[2017.03.21-18.47.00:820][390]MapCheck: New page: Map Check
[2017.03.21-18.47.00:820][390]LightingResults: New page: Lighting Build
[2017.03.21-18.47.00:844][390]LogEditorServer: Finished looking for orphan Actors (0.000 secs)
[2017.03.21-18.47.00:875][390]Cmd: MAP CHECKDEP NOCLEARLOG
[2017.03.21-18.47.00:918][390]MapCheck: Info Map check complete: 0 Error(s), 0 Warning(s), took 42.29ms to complete.
[2017.03.21-18.47.00:918][390]LogFileHelpers: Loading map 'Level_1' took 0.100
[2017.03.21-18.47.43:371][413]LogEditorViewport: Clicking Background
[2017.03.21-18.47.44:993][607]LogEditorViewport: Clicking on Actor (LMB): Slime_C (Slime)
[2017.03.21-18.48.34:649][480]LogTemp: Repeting last play command: New Editor Window (PIE)
[2017.03.21-18.48.34:972][480]LogBlueprintUserMessages: Early PlayInEditor Detection: Level '/Game/Ad_Nauseum/Levels/Level_1.Level_1:PersistentLevel' has LevelScriptBlueprint '/Game/Ad_Nauseum/Levels/Level_1.Level_1:PersistentLevel.Level_1' with GeneratedClass '/Game/Ad_Nauseum/Levels/Level_1.Level_C' with ClassGeneratedBy '/Game/Ad_Nauseum/Levels/Level_1.Level_1:PersistentLevel.Level_1'
[2017.03.21-18.48.34:972][480]LogPlayLevel: PlayLevel: No blueprints needed recompiling
[2017.03.21-18.48.34:972][480]PIE: New page: PIE session: Level_1 (Mar 21, 2017, 10:48:34 AM)
[2017.03.21-18.48.34:972][480]LogPlayLevel: Creating play world package: /Game/Ad_Nauseum/Levels/UEDPIE_0_Level_1
[2017.03.21-18.48.34:975][480]LogPlayLevel: PIE: StaticDuplicateObject took: (0.002825s)
[2017.03.21-18.48.34:975][480]LogAIModule: Creating AISystem for world Level_1
[2017.03.21-18.48.34:975][480]LogPlayLevel: PIE: World Init took: (0.000512s)
[2017.03.21-18.48.34:975][480]LogPlayLevel: PIE: Created PIE world by copying editor world from /Game/Ad_Nauseum/Levels/Level_1.Level_1 to /Game/Ad_Nauseum/Levels/UEDPIE_0_Level_1.Level_1 (0.003535s)
[2017.03.21-18.48.35:019][480]LogInit: XAudio2 using 'Speakers (4- Plantronics GameCom 780)' : 2 channels at 44.1 kHz using 16 bits per sample (channel mask 0x3)
[2017.03.21-18.48.35:025][480]LogInit: FAudioDevice initialized.
[2017.03.21-18.48.35:063][480]LogLoad: Game class is 'Ad_Nauseum_GameMode_C'
[2017.03.21-18.48.35:065][480]LogWorld: Bringing World /Game/Ad_Nauseum/Levels/UEDPIE_0_Level_1.Level_1 up for play (max tick rate 0) at 2017.03.21-14.48.35
[2017.03.21-18.48.35:066][480]LogWorld: Bringing up level for play took: 0.002485
[2017.03.21-18.48.35:072][480]PIE: Info Play in editor start time for /Game/Ad_Nauseum/Levels/UEDPIE_0_Level_1 -0.469
[2017.03.21-18.48.35:072][480]LogBlueprintUserMessages: Late PlayInEditor Detection: Level '/Game/Ad_Nauseum/Levels/Level_1.Level_1:PersistentLevel' has LevelScriptBlueprint '/Game/Ad_Nauseum/Levels/Level_1.Level_1:PersistentLevel.Level_1' with GeneratedClass '/Game/Ad_Nauseum/Levels/Level_1.Level_C' with ClassGeneratedBy '/Game/Ad_Nauseum/Levels/Level_1.Level_1:PersistentLevel.Level_1'
[2017.03.21-18.48.46:215][806]LogScript:Warning: FLatentActionManager::ProcessLatentActions: CallbackTarget is None.
[2017.03.21-18.48.50:458][315]LogBlueprintUserMessages: Early EndPlayMap Detection: Level '/Game/Ad_Nauseum/Levels/Level_1.Level_1:PersistentLevel' has LevelScriptBlueprint '/Game/Ad_Nauseum/Levels/Level_1.Level_1:PersistentLevel.Level_1' with GeneratedClass '/Game/Ad_Nauseum/Levels/Level_1.Level_C' with ClassGeneratedBy '/Game/Ad_Nauseum/Levels/Level_1.Level_1:PersistentLevel.Level_1'
[2017.03.21-18.48.50:519][315]LogBlueprintUserMessages: Late EndPlayMap Detection: Level '/Game/Ad_Nauseum/Levels/Level_1.Level_1:PersistentLevel' has LevelScriptBlueprint '/Game/Ad_Nauseum/Levels/Level_1.Level_1:PersistentLevel.Level_1' with GeneratedClass '/Game/Ad_Nauseum/Levels/Level_1.Level_C' with ClassGeneratedBy '/Game/Ad_Nauseum/Levels/Level_1.Level_1:PersistentLevel.Level_1'
[2017.03.21-18.48.52:005][489]LogTemp: Repeting last play command: New Editor Window (PIE)
[2017.03.21-18.48.52:023][489]LogBlueprintUserMessages: Early PlayInEditor Detection: Level '/Game/Ad_Nauseum/Levels/Level_1.Level_1:PersistentLevel' has LevelScriptBlueprint '/Game/Ad_Nauseum/Levels/Level_1.Level_1:PersistentLevel.Level_1' with GeneratedClass '/Game/Ad_Nauseum/Levels/Level_1.Level_C' with ClassGeneratedBy '/Game/Ad_Nauseum/Levels/Level_1.Level_1:PersistentLevel.Level_1'
[2017.03.21-18.48.52:023][489]LogPlayLevel: PlayLevel: No blueprints needed recompiling
[2017.03.21-18.48.52:023][489]PIE: New page: PIE session: Level_1 (Mar 21, 2017, 10:48:52 AM)
[2017.03.21-18.48.52:023][489]LogPlayLevel: Creating play world package: /Game/Ad_Nauseum/Levels/UEDPIE_0_Level_1
[2017.03.21-18.48.52:026][489]LogPlayLevel: PIE: StaticDuplicateObject took: (0.002758s)
[2017.03.21-18.48.52:026][489]LogAIModule: Creating AISystem for world Level_1
[2017.03.21-18.48.52:027][489]LogPlayLevel: PIE: World Init took: (0.000468s)
[2017.03.21-18.48.52:027][489]LogPlayLevel: PIE: Created PIE world by copying editor world from /Game/Ad_Nauseum/Levels/Level_1.Level_1 to /Game/Ad_Nauseum/Levels/UEDPIE_0_Level_1.Level_1 (0.003422s)
[2017.03.21-18.48.52:053][489]LogInit: XAudio2 using 'Speakers (4- Plantronics GameCom 780)' : 2 channels at 44.1 kHz using 16 bits per sample (channel mask 0x3)
[2017.03.21-18.48.52:058][489]LogInit: FAudioDevice initialized.
[2017.03.21-18.48.52:100][489]LogLoad: Game class is 'Ad_Nauseum_GameMode_C'
[2017.03.21-18.48.52:103][489]LogWorld: Bringing World /Game/Ad_Nauseum/Levels/UEDPIE_0_Level_1.Level_1 up for play (max tick rate 0) at 2017.03.21-14.48.52
[2017.03.21-18.48.52:103][489]LogWorld: Bringing up level for play took: 0.002448
[2017.03.21-18.48.52:109][489]PIE: Info Play in editor start time for /Game/Ad_Nauseum/Levels/UEDPIE_0_Level_1 0.568
[2017.03.21-18.48.52:110][489]LogBlueprintUserMessages: Late PlayInEditor Detection: Level '/Game/Ad_Nauseum/Levels/Level_1.Level_1:PersistentLevel' has LevelScriptBlueprint '/Game/Ad_Nauseum/Levels/Level_1.Level_1:PersistentLevel.Level_1' with GeneratedClass '/Game/Ad_Nauseum/Levels/Level_1.Level_C' with ClassGeneratedBy '/Game/Ad_Nauseum/Levels/Level_1.Level_1:PersistentLevel.Level_1'
[2017.03.21-18.49.01:097][558]LogBlueprintUserMessages: Early EndPlayMap Detection: Level '/Game/Ad_Nauseum/Levels/Level_1.Level_1:PersistentLevel' has LevelScriptBlueprint '/Game/Ad_Nauseum/Levels/Level_1.Level_1:PersistentLevel.Level_1' with GeneratedClass '/Game/Ad_Nauseum/Levels/Level_1.Level_C' with ClassGeneratedBy '/Game/Ad_Nauseum/Levels/Level_1.Level_1:PersistentLevel.Level_1'
[2017.03.21-18.49.01:160][558]LogBlueprintUserMessages: Late EndPlayMap Detection: Level '/Game/Ad_Nauseum/Levels/Level_1.Level_1:PersistentLevel' has LevelScriptBlueprint '/Game/Ad_Nauseum/Levels/Level_1.Level_1:PersistentLevel.Level_1' with GeneratedClass '/Game/Ad_Nauseum/Levels/Level_1.Level_C' with ClassGeneratedBy '/Game/Ad_Nauseum/Levels/Level_1.Level_1:PersistentLevel.Level_1'
[2017.03.21-18.49.02:510][716]LogTemp: Repeting last play command: New Editor Window (PIE)
[2017.03.21-18.49.02:527][716]LogBlueprintUserMessages: Early PlayInEditor Detection: Level '/Game/Ad_Nauseum/Levels/Level_1.Level_1:PersistentLevel' has LevelScriptBlueprint '/Game/Ad_Nauseum/Levels/Level_1.Level_1:PersistentLevel.Level_1' with GeneratedClass '/Game/Ad_Nauseum/Levels/Level_1.Level_C' with ClassGeneratedBy '/Game/Ad_Nauseum/Levels/Level_1.Level_1:PersistentLevel.Level_1'
[2017.03.21-18.49.02:527][716]LogPlayLevel: PlayLevel: No blueprints needed recompiling
[2017.03.21-18.49.02:527][716]PIE: New page: PIE session: Level_1 (Mar 21, 2017, 10:49:02 AM)
[2017.03.21-18.49.02:527][716]LogPlayLevel: Creating play world package: /Game/Ad_Nauseum/Levels/UEDPIE_0_Level_1
[2017.03.21-18.49.02:530][716]LogPlayLevel: PIE: StaticDuplicateObject took: (0.002592s)
[2017.03.21-18.49.02:530][716]LogAIModule: Creating AISystem for world Level_1
[2017.03.21-18.49.02:530][716]LogPlayLevel: PIE: World Init took: (0.000446s)
[2017.03.21-18.49.02:530][716]LogPlayLevel: PIE: Created PIE world by copying editor world from /Game/Ad_Nauseum/Levels/Level_1.Level_1 to /Game/Ad_Nauseum/Levels/UEDPIE_0_Level_1.Level_1 (0.003312s)
[2017.03.21-18.49.02:557][716]LogInit: XAudio2 using 'Speakers (4- Plantronics GameCom 780)' : 2 channels at 44.1 kHz using 16 bits per sample (channel mask 0x3)
[2017.03.21-18.49.02:562][716]LogInit: FAudioDevice initialized.
[2017.03.21-18.49.02:599][716]LogLoad: Game class is 'Ad_Nauseum_GameMode_C'
[2017.03.21-18.49.02:602][716]LogWorld: Bringing World /Game/Ad_Nauseum/Levels/UEDPIE_0_Level_1.Level_1 up for play (max tick rate 0) at 2017.03.21-14.49.02
[2017.03.21-18.49.02:603][716]LogWorld: Bringing up level for play took: 0.002681
[2017.03.21-18.49.02:609][716]PIE: Info Play in editor start time for /Game/Ad_Nauseum/Levels/UEDPIE_0_Level_1 1.068
[2017.03.21-18.49.02:609][716]LogBlueprintUserMessages: Late PlayInEditor Detection: Level '/Game/Ad_Nauseum/Levels/Level_1.Level_1:PersistentLevel' has LevelScriptBlueprint '/Game/Ad_Nauseum/Levels/Level_1.Level_1:PersistentLevel.Level_1' with GeneratedClass '/Game/Ad_Nauseum/Levels/Level_1.Level_C' with ClassGeneratedBy '/Game/Ad_Nauseum/Levels/Level_1.Level_1:PersistentLevel.Level_1'
[2017.03.21-18.49.20:422][848]LogBlueprintUserMessages: Early EndPlayMap Detection: Level '/Game/Ad_Nauseum/Levels/Level_1.Level_1:PersistentLevel' has LevelScriptBlueprint '/Game/Ad_Nauseum/Levels/Level_1.Level_1:PersistentLevel.Level_1' with GeneratedClass '/Game/Ad_Nauseum/Levels/Level_1.Level_C' with ClassGeneratedBy '/Game/Ad_Nauseum/Levels/Level_1.Level_1:PersistentLevel.Level_1'
[2017.03.21-18.49.20:484][848]LogBlueprintUserMessages: Late EndPlayMap Detection: Level '/Game/Ad_Nauseum/Levels/Level_1.Level_1:PersistentLevel' has LevelScriptBlueprint '/Game/Ad_Nauseum/Levels/Level_1.Level_1:PersistentLevel.Level_1' with GeneratedClass '/Game/Ad_Nauseum/Levels/Level_1.Level_C' with ClassGeneratedBy '/Game/Ad_Nauseum/Levels/Level_1.Level_1:PersistentLevel.Level_1'
[2017.03.21-18.51.09:776][851]LogTemp: Repeting last play command: New Editor Window (PIE)
[2017.03.21-18.51.10:075][851]LogBlueprintUserMessages: Early PlayInEditor Detection: Level '/Game/Ad_Nauseum/Levels/Level_1.Level_1:PersistentLevel' has LevelScriptBlueprint '/Game/Ad_Nauseum/Levels/Level_1.Level_1:PersistentLevel.Level_1' with GeneratedClass '/Game/Ad_Nauseum/Levels/Level_1.Level_C' with ClassGeneratedBy '/Game/Ad_Nauseum/Levels/Level_1.Level_1:PersistentLevel.Level_1'
[2017.03.21-18.51.10:075][851]BlueprintLog: New page: Pre-Play auto-recompile
[2017.03.21-18.51.10:075][851]LogPlayLevel: [PlayLevel] Compiling Slime before play...
[2017.03.21-18.51.10:182][851]LogPlayLevel: PlayLevel: Blueprint regeneration took 106 ms (1 blueprints)
[2017.03.21-18.51.10:182][851]PIE: New page: PIE session: Level_1 (Mar 21, 2017, 10:51:10 AM)
[2017.03.21-18.51.10:182][851]LogPlayLevel: Creating play world package: /Game/Ad_Nauseum/Levels/UEDPIE_0_Level_1
[2017.03.21-18.51.10:185][851]LogPlayLevel: PIE: StaticDuplicateObject took: (0.002798s)
[2017.03.21-18.51.10:185][851]LogAIModule: Creating AISystem for world Level_1
[2017.03.21-18.51.10:186][851]LogPlayLevel: PIE: World Init took: (0.000490s)
[2017.03.21-18.51.10:186][851]LogPlayLevel: PIE: Created PIE world by copying editor world from /Game/Ad_Nauseum/Levels/Level_1.Level_1 to /Game/Ad_Nauseum/Levels/UEDPIE_0_Level_1.Level_1 (0.003528s)
[2017.03.21-18.51.10:203][851]LogInit: XAudio2 using 'Speakers (4- Plantronics GameCom 780)' : 2 channels at 44.1 kHz using 16 bits per sample (channel mask 0x3)
[2017.03.21-18.51.10:209][851]LogInit: FAudioDevice initialized.
[2017.03.21-18.51.10:250][851]LogLoad: Game class is 'Ad_Nauseum_GameMode_C'
[2017.03.21-18.51.10:253][851]LogWorld: Bringing World /Game/Ad_Nauseum/Levels/UEDPIE_0_Level_1.Level_1 up for play (max tick rate 0) at 2017.03.21-14.51.10
[2017.03.21-18.51.10:254][851]LogWorld: Bringing up level for play took: 0.002798
[2017.03.21-18.51.10:260][851]PIE: Info Play in editor start time for /Game/Ad_Nauseum/Levels/UEDPIE_0_Level_1 0.719
[2017.03.21-18.51.10:261][851]LogBlueprintUserMessages: Late PlayInEditor Detection: Level '/Game/Ad_Nauseum/Levels/Level_1.Level_1:PersistentLevel' has LevelScriptBlueprint '/Game/Ad_Nauseum/Levels/Level_1.Level_1:PersistentLevel.Level_1' with GeneratedClass '/Game/Ad_Nauseum/Levels/Level_1.Level_C' with ClassGeneratedBy '/Game/Ad_Nauseum/Levels/Level_1.Level_1:PersistentLevel.Level_1'
[2017.03.21-18.51.15:424][449]LogScript:Warning: FLatentActionManager::ProcessLatentActions: CallbackTarget is None.
[2017.03.21-18.51.21:441][169]LogScript:Warning: FLatentActionManager::ProcessLatentActions: CallbackTarget is None.
[2017.03.21-18.51.25:554][662]LogBlueprintUserMessages: Early EndPlayMap Detection: Level '/Game/Ad_Nauseum/Levels/Level_1.Level_1:PersistentLevel' has LevelScriptBlueprint '/Game/Ad_Nauseum/Levels/Level_1.Level_1:PersistentLevel.Level_1' with GeneratedClass '/Game/Ad_Nauseum/Levels/Level_1.Level_C' with ClassGeneratedBy '/Game/Ad_Nauseum/Levels/Level_1.Level_1:PersistentLevel.Level_1'
[2017.03.21-18.51.25:642][662]LogBlueprintUserMessages: Late EndPlayMap Detection: Level '/Game/Ad_Nauseum/Levels/Level_1.Level_1:PersistentLevel' has LevelScriptBlueprint '/Game/Ad_Nauseum/Levels/Level_1.Level_1:PersistentLevel.Level_1' with GeneratedClass '/Game/Ad_Nauseum/Levels/Level_1.Level_C' with ClassGeneratedBy '/Game/Ad_Nauseum/Levels/Level_1.Level_1:PersistentLevel.Level_1'
[2017.03.21-19.02.17:677][323]LogSavePackage: Save=101.06ms
[2017.03.21-19.02.17:678][323]LogSavePackage: Moving 'E:/HGDProj/Ad_Nauseum_UE4/Ad_Nauseum/Saved/Level_1_Auto15CEFDB8445A9A61F8EC906B414A98C55.tmp' to 'E:/HGDProj/Ad_Nauseum_UE4/Ad_Nauseum/Saved/Autosaves/Game/Ad_Nauseum/Levels/Level_1_Auto1.umap'
[2017.03.21-19.02.17:679][323]LogSavePackage:Display: Finished SavePackage E:/HGDProj/Ad_Nauseum_UE4/Ad_Nauseum/Saved/Autosaves/Game/Ad_Nauseum/Levels/Level_1_Auto1.umap
[2017.03.21-19.02.17:873][323]LogFileHelpers: Editor autosave (incl. sublevels) for '/Game/Ad_Nauseum/Levels/Level_1' took 0.729
[2017.03.21-19.02.17:873][323]LogFileHelpers: Editor autosave (incl. sublevels) for all levels took 0.729
[2017.03.21-19.02.17:911][323]OBJ SavePackage: Generating thumbnails for [0] asset(s) in package [/Game/Ad_Nauseum/Blueprints/BasicMobs/Slime] ([1] browsable assets)...
[2017.03.21-19.02.17:911][323]OBJ SavePackage: Finished generating thumbnails for package [/Game/Ad_Nauseum/Blueprints/BasicMobs/Slime]
[2017.03.21-19.02.18:023][323]LogSavePackage: Save=42.41ms
[2017.03.21-19.02.18:023][323]LogSavePackage: Moving 'E:/HGDProj/Ad_Nauseum_UE4/Ad_Nauseum/Saved/Slime_Auto1F070C5704757D7A78700C8A4913E2EA4.tmp' to 'E:/HGDProj/Ad_Nauseum_UE4/Ad_Nauseum/Saved/Autosaves/Game/Ad_Nauseum/Blueprints/BasicMobs/Slime_Auto1.uasset'
[2017.03.21-19.02.18:041][323]LogSavePackage:Display: Finished SavePackage E:/HGDProj/Ad_Nauseum_UE4/Ad_Nauseum/Saved/Autosaves/Game/Ad_Nauseum/Blueprints/BasicMobs/Slime_Auto1.uasset
[2017.03.21-19.02.18:041][323]LogFileHelpers: Auto-saving content packages took 0.168
[2017.03.21-19.03.18:276][491]LogTemp: Repeting last play command: New Editor Window (PIE)
[2017.03.21-19.03.18:573][491]LogBlueprintUserMessages: Early PlayInEditor Detection: Level '/Game/Ad_Nauseum/Levels/Level_1.Level_1:PersistentLevel' has LevelScriptBlueprint '/Game/Ad_Nauseum/Levels/Level_1.Level_1:PersistentLevel.Level_1' with GeneratedClass '/Game/Ad_Nauseum/Levels/Level_1.Level_C' with ClassGeneratedBy '/Game/Ad_Nauseum/Levels/Level_1.Level_1:PersistentLevel.Level_1'
[2017.03.21-19.03.18:573][491]BlueprintLog: New page: Pre-Play auto-recompile
[2017.03.21-19.03.18:573][491]LogPlayLevel: [PlayLevel] Compiling Slime before play...
[2017.03.21-19.03.18:800][491]LogPlayLevel: PlayLevel: Blueprint regeneration took 226 ms (1 blueprints)
[2017.03.21-19.03.18:800][491]PIE: New page: PIE session: Level_1 (Mar 21, 2017, 11:03:18 AM)
[2017.03.21-19.03.18:800][491]LogPlayLevel: Creating play world package: /Game/Ad_Nauseum/Levels/UEDPIE_0_Level_1
[2017.03.21-19.03.18:803][491]LogPlayLevel: PIE: StaticDuplicateObject took: (0.002872s)
[2017.03.21-19.03.18:803][491]LogAIModule: Creating AISystem for world Level_1
[2017.03.21-19.03.18:803][491]LogPlayLevel: PIE: World Init took: (0.000581s)
[2017.03.21-19.03.18:803][491]LogPlayLevel: PIE: Created PIE world by copying editor world from /Game/Ad_Nauseum/Levels/Level_1.Level_1 to /Game/Ad_Nauseum/Levels/UEDPIE_0_Level_1.Level_1 (0.003644s)
[2017.03.21-19.03.18:821][491]LogInit: XAudio2 using 'Speakers (4- Plantronics GameCom 780)' : 2 channels at 44.1 kHz using 16 bits per sample (channel mask 0x3)
[2017.03.21-19.03.18:827][491]LogInit: FAudioDevice initialized.
[2017.03.21-19.03.18:862][491]LogLoad: Game class is 'Ad_Nauseum_GameMode_C'
[2017.03.21-19.03.18:866][491]LogWorld: Bringing World /Game/Ad_Nauseum/Levels/UEDPIE_0_Level_1.Level_1 up for play (max tick rate 0) at 2017.03.21-15.03.18
[2017.03.21-19.03.18:866][491]LogWorld: Bringing up level for play took: 0.002706
[2017.03.21-19.03.18:873][491]PIE: Info Play in editor start time for /Game/Ad_Nauseum/Levels/UEDPIE_0_Level_1 -0.668
[2017.03.21-19.03.18:874][491]LogBlueprintUserMessages: Late PlayInEditor Detection: Level '/Game/Ad_Nauseum/Levels/Level_1.Level_1:PersistentLevel' has LevelScriptBlueprint '/Game/Ad_Nauseum/Levels/Level_1.Level_1:PersistentLevel.Level_1' with GeneratedClass '/Game/Ad_Nauseum/Levels/Level_1.Level_C' with ClassGeneratedBy '/Game/Ad_Nauseum/Levels/Level_1.Level_1:PersistentLevel.Level_1'
[2017.03.21-19.03.24:047][100]LogScript:Warning: FLatentActionManager::ProcessLatentActions: CallbackTarget is None.
[2017.03.21-19.03.29:628][767]LogBlueprintUserMessages: Early EndPlayMap Detection: Level '/Game/Ad_Nauseum/Levels/Level_1.Level_1:PersistentLevel' has LevelScriptBlueprint '/Game/Ad_Nauseum/Levels/Level_1.Level_1:PersistentLevel.Level_1' with GeneratedClass '/Game/Ad_Nauseum/Levels/Level_1.Level_C' with ClassGeneratedBy '/Game/Ad_Nauseum/Levels/Level_1.Level_1:PersistentLevel.Level_1'
[2017.03.21-19.03.29:712][767]LogBlueprintUserMessages: Late EndPlayMap Detection: Level '/Game/Ad_Nauseum/Levels/Level_1.Level_1:PersistentLevel' has LevelScriptBlueprint '/Game/Ad_Nauseum/Levels/Level_1.Level_1:PersistentLevel.Level_1' with GeneratedClass '/Game/Ad_Nauseum/Levels/Level_1.Level_C' with ClassGeneratedBy '/Game/Ad_Nauseum/Levels/Level_1.Level_1:PersistentLevel.Level_1'
[2017.03.21-19.04.00:826][478]LogTemp: Repeting last play command: New Editor Window (PIE)
[2017.03.21-19.04.01:125][478]LogBlueprintUserMessages: Early PlayInEditor Detection: Level '/Game/Ad_Nauseum/Levels/Level_1.Level_1:PersistentLevel' has LevelScriptBlueprint '/Game/Ad_Nauseum/Levels/Level_1.Level_1:PersistentLevel.Level_1' with GeneratedClass '/Game/Ad_Nauseum/Levels/Level_1.Level_C' with ClassGeneratedBy '/Game/Ad_Nauseum/Levels/Level_1.Level_1:PersistentLevel.Level_1'
[2017.03.21-19.04.01:125][478]LogPlayLevel: PlayLevel: No blueprints needed recompiling
[2017.03.21-19.04.01:125][478]PIE: New page: PIE session: Level_1 (Mar 21, 2017, 11:04:01 AM)
[2017.03.21-19.04.01:125][478]LogPlayLevel: Creating play world package: /Game/Ad_Nauseum/Levels/UEDPIE_0_Level_1
[2017.03.21-19.04.01:128][478]LogPlayLevel: PIE: StaticDuplicateObject took: (0.002686s)
[2017.03.21-19.04.01:128][478]LogAIModule: Creating AISystem for world Level_1
[2017.03.21-19.04.01:128][478]LogPlayLevel: PIE: World Init took: (0.000500s)
[2017.03.21-19.04.01:129][478]LogPlayLevel: PIE: Created PIE world by copying editor world from /Game/Ad_Nauseum/Levels/Level_1.Level_1 to /Game/Ad_Nauseum/Levels/UEDPIE_0_Level_1.Level_1 (0.003430s)
[2017.03.21-19.04.01:146][478]LogInit: XAudio2 using 'Speakers (4- Plantronics GameCom 780)' : 2 channels at 44.1 kHz using 16 bits per sample (channel mask 0x3)
[2017.03.21-19.04.01:151][478]LogInit: FAudioDevice initialized.
[2017.03.21-19.04.01:189][478]LogLoad: Game class is 'Ad_Nauseum_GameMode_C'
[2017.03.21-19.04.01:193][478]LogWorld: Bringing World /Game/Ad_Nauseum/Levels/UEDPIE_0_Level_1.Level_1 up for play (max tick rate 0) at 2017.03.21-15.04.01
[2017.03.21-19.04.01:193][478]LogWorld: Bringing up level for play took: 0.002841
[2017.03.21-19.04.01:200][478]PIE: Info Play in editor start time for /Game/Ad_Nauseum/Levels/UEDPIE_0_Level_1 -0.341
[2017.03.21-19.04.01:200][478]LogBlueprintUserMessages: Late PlayInEditor Detection: Level '/Game/Ad_Nauseum/Levels/Level_1.Level_1:PersistentLevel' has LevelScriptBlueprint '/Game/Ad_Nauseum/Levels/Level_1.Level_1:PersistentLevel.Level_1' with GeneratedClass '/Game/Ad_Nauseum/Levels/Level_1.Level_C' with ClassGeneratedBy '/Game/Ad_Nauseum/Levels/Level_1.Level_1:PersistentLevel.Level_1'
[2017.03.21-19.04.05:295][958]LogBlueprintUserMessages: Early EndPlayMap Detection: Level '/Game/Ad_Nauseum/Levels/Level_1.Level_1:PersistentLevel' has LevelScriptBlueprint '/Game/Ad_Nauseum/Levels/Level_1.Level_1:PersistentLevel.Level_1' with GeneratedClass '/Game/Ad_Nauseum/Levels/Level_1.Level_C' with ClassGeneratedBy '/Game/Ad_Nauseum/Levels/Level_1.Level_1:PersistentLevel.Level_1'
[2017.03.21-19.04.05:368][958]LogBlueprintUserMessages: Late EndPlayMap Detection: Level '/Game/Ad_Nauseum/Levels/Level_1.Level_1:PersistentLevel' has LevelScriptBlueprint '/Game/Ad_Nauseum/Levels/Level_1.Level_1:PersistentLevel.Level_1' with GeneratedClass '/Game/Ad_Nauseum/Levels/Level_1.Level_C' with ClassGeneratedBy '/Game/Ad_Nauseum/Levels/Level_1.Level_1:PersistentLevel.Level_1'
[2017.03.21-19.04.25:096][311]Cmd: TRANSACTION UNDO
[2017.03.21-19.04.25:098][311]LogEditorTransaction: Undo Mouse Drag
[2017.03.21-19.04.27:017][541]LogEditorTransaction: Undo Create Pin Link
[2017.03.21-19.05.10:236][709]LogTemp: Repeting last play command: New Editor Window (PIE)
[2017.03.21-19.05.10:543][709]LogBlueprintUserMessages: Early PlayInEditor Detection: Level '/Game/Ad_Nauseum/Levels/Level_1.Level_1:PersistentLevel' has LevelScriptBlueprint '/Game/Ad_Nauseum/Levels/Level_1.Level_1:PersistentLevel.Level_1' with GeneratedClass '/Game/Ad_Nauseum/Levels/Level_1.Level_C' with ClassGeneratedBy '/Game/Ad_Nauseum/Levels/Level_1.Level_1:PersistentLevel.Level_1'
[2017.03.21-19.05.10:543][709]BlueprintLog: New page: Pre-Play auto-recompile
[2017.03.21-19.05.10:543][709]LogPlayLevel: [PlayLevel] Compiling Slime before play...
[2017.03.21-19.05.10:658][709]LogPlayLevel: PlayLevel: Blueprint regeneration took 114 ms (1 blueprints)
[2017.03.21-19.05.10:658][709]PIE: New page: PIE session: Level_1 (Mar 21, 2017, 11:05:10 AM)
[2017.03.21-19.05.10:658][709]LogPlayLevel: Creating play world package: /Game/Ad_Nauseum/Levels/UEDPIE_0_Level_1
[2017.03.21-19.05.10:661][709]LogPlayLevel: PIE: StaticDuplicateObject took: (0.002816s)
[2017.03.21-19.05.10:661][709]LogAIModule: Creating AISystem for world Level_1
[2017.03.21-19.05.10:662][709]LogPlayLevel: PIE: World Init took: (0.000468s)
[2017.03.21-19.05.10:662][709]LogPlayLevel: PIE: Created PIE world by copying editor world from /Game/Ad_Nauseum/Levels/Level_1.Level_1 to /Game/Ad_Nauseum/Levels/UEDPIE_0_Level_1.Level_1 (0.003507s)
[2017.03.21-19.05.10:680][709]LogInit: XAudio2 using 'Speakers (4- Plantronics GameCom 780)' : 2 channels at 44.1 kHz using 16 bits per sample (channel mask 0x3)
[2017.03.21-19.05.10:685][709]LogInit: FAudioDevice initialized.
[2017.03.21-19.05.10:721][709]LogLoad: Game class is 'Ad_Nauseum_GameMode_C'
[2017.03.21-19.05.10:724][709]LogWorld: Bringing World /Game/Ad_Nauseum/Levels/UEDPIE_0_Level_1.Level_1 up for play (max tick rate 0) at 2017.03.21-15.05.10
[2017.03.21-19.05.10:725][709]LogWorld: Bringing up level for play took: 0.002739
[2017.03.21-19.05.10:729][709]PIE: Info Play in editor start time for /Game/Ad_Nauseum/Levels/UEDPIE_0_Level_1 1.188
[2017.03.21-19.05.10:730][709]LogBlueprintUserMessages: Late PlayInEditor Detection: Level '/Game/Ad_Nauseum/Levels/Level_1.Level_1:PersistentLevel' has LevelScriptBlueprint '/Game/Ad_Nauseum/Levels/Level_1.Level_1:PersistentLevel.Level_1' with GeneratedClass '/Game/Ad_Nauseum/Levels/Level_1.Level_C' with ClassGeneratedBy '/Game/Ad_Nauseum/Levels/Level_1.Level_1:PersistentLevel.Level_1'
[2017.03.21-19.05.15:050][208]LogBlueprintUserMessages: Early EndPlayMap Detection: Level '/Game/Ad_Nauseum/Levels/Level_1.Level_1:PersistentLevel' has LevelScriptBlueprint '/Game/Ad_Nauseum/Levels/Level_1.Level_1:PersistentLevel.Level_1' with GeneratedClass '/Game/Ad_Nauseum/Levels/Level_1.Level_C' with ClassGeneratedBy '/Game/Ad_Nauseum/Levels/Level_1.Level_1:PersistentLevel.Level_1'
[2017.03.21-19.05.15:122][208]LogBlueprintUserMessages: Late EndPlayMap Detection: Level '/Game/Ad_Nauseum/Levels/Level_1.Level_1:PersistentLevel' has LevelScriptBlueprint '/Game/Ad_Nauseum/Levels/Level_1.Level_1:PersistentLevel.Level_1' with GeneratedClass '/Game/Ad_Nauseum/Levels/Level_1.Level_C' with ClassGeneratedBy '/Game/Ad_Nauseum/Levels/Level_1.Level_1:PersistentLevel.Level_1'
[2017.03.21-19.06.38:191][849]Cmd: OBJ SAVEPACKAGE PACKAGE="/Game/Ad_Nauseum/Blueprints/BasicMobs/Slime" FILE="E:/HGDProj/Ad_Nauseum_UE4/Ad_Nauseum/Content/Ad_Nauseum/Blueprints/BasicMobs/Slime.uasset" SILENT=true
[2017.03.21-19.06.38:573][849]LogSavePackage: Save=42.59ms
[2017.03.21-19.06.38:573][849]LogSavePackage: Moving 'E:/HGDProj/Ad_Nauseum_UE4/Ad_Nauseum/Saved/Slime8E30308842EB3618605968AB680A393E.tmp' to 'E:/HGDProj/Ad_Nauseum_UE4/Ad_Nauseum/Content/Ad_Nauseum/Blueprints/BasicMobs/Slime.uasset'
[2017.03.21-19.06.38:579][849]LogSavePackage:Display: Finished SavePackage E:/HGDProj/Ad_Nauseum_UE4/Ad_Nauseum/Content/Ad_Nauseum/Blueprints/BasicMobs/Slime.uasset
[2017.03.21-19.06.41:345][973]Cmd: OBJ SAVEPACKAGE PACKAGE="/Game/Ad_Nauseum/Levels/Level_1" FILE="E:/HGDProj/Ad_Nauseum_UE4/Ad_Nauseum/Content/Ad_Nauseum/Levels/Level_1.umap" SILENT=true AUTOSAVING=false KEEPDIRTY=false
[2017.03.21-19.06.41:482][973]LogSavePackage: Save=97.03ms
[2017.03.21-19.06.41:482][973]LogSavePackage: Moving 'E:/HGDProj/Ad_Nauseum_UE4/Ad_Nauseum/Saved/Level_1F1ECA45C4E5AEC40435DBFB74637FF01.tmp' to 'E:/HGDProj/Ad_Nauseum_UE4/Ad_Nauseum/Content/Ad_Nauseum/Levels/Level_1.umap'
[2017.03.21-19.06.41:487][973]LogSavePackage:Display: Finished SavePackage E:/HGDProj/Ad_Nauseum_UE4/Ad_Nauseum/Content/Ad_Nauseum/Levels/Level_1.umap
[2017.03.21-19.06.41:705][973]LogFileHelpers: Saving map 'Level_1' took 0.405
[2017.03.21-19.06.41:845][973]LogActorComponent: UnregisterComponent: (/Engine/Transient.EditorFloorComp) Not registered. Aborting.
[2017.03.21-19.06.42:079][974]Cmd: QUIT_EDITOR
[2017.03.21-19.06.42:376][974]LogWindowsTextInputMethodSystem:Display: IME system now deactivated.
[2017.03.21-19.06.42:395][974]LogExit: Preparing to exit.
[2017.03.21-19.06.43:251][974]LogExit: Editor shut down
[2017.03.21-19.06.43:252][974]LogExit: Transaction tracking system shut down
[2017.03.21-19.06.43:343][974]LogObj: Freed 0b from 0 cluster array pools.
[2017.03.21-19.06.43:343][974]LogExit: Object subsystem successfully closed.
[2017.03.21-19.06.43:358][974]LogD3D11RHI: Shutdown
[2017.03.21-19.06.43:358][974]LogD3D11RHI: CleanupD3DDevice
[2017.03.21-19.06.43:402][974]LogD3D11RHI: ~FD3D11DynamicRHI
[2017.03.21-19.06.43:413][974]LogHttp:Display: Http module shutting down, but needs to wait on 1 outstanding Http requests:
[2017.03.21-19.06.43:413][974]LogHttp:Display: 	verb=[POST] url=[https://datarouter.ol.epicgames.com/datarouter/api/v1/public/data?SessionID=%7B6CCF527C-49D5-5B19-F02C-6F85CEF20AFC%7D&AppID=UEEditor.Rocket.Release&AppVersion=4.14.3-3249277%2B%2B%2BUE4%2BRelease-4.14&UserID=2a89ff0c411d85b7c49ca49f65f69ed9%7Cd36e7ebc1aa343b8932dbda9c41e0f29%7Cca2f1940-fe58-440a-a626-c308d9d6742f&AppEnvironment=datacollector-binary&UploadType=eteventstream] status=Processing
[2017.03.21-19.06.43:419][974]LogModuleManager: Shutting down and abandoning module MovieSceneCapture (244)
[2017.03.21-19.06.43:419][974]LogModuleManager: Shutting down and abandoning module BlueprintGraph (243)
[2017.03.21-19.06.43:419][974]LogModuleManager: Shutting down and abandoning module BlueprintProfiler (242)
[2017.03.21-19.06.43:420][974]LogModuleManager: Shutting down and abandoning module HierarchicalLODOutliner (241)
[2017.03.21-19.06.43:420][974]LogModuleManager: Shutting down and abandoning module CrashTracker (240)
[2017.03.21-19.06.43:420][974]LogModuleManager: Shutting down and abandoning module SceneOutliner (239)
[2017.03.21-19.06.43:420][974]LogModuleManager: Shutting down and abandoning module WidgetCarousel (238)
[2017.03.21-19.06.43:420][974]LogModuleManager: Shutting down and abandoning module AddContentDialog (237)
[2017.03.21-19.06.43:420][974]LogDirectoryWatcher: A directory notification for 'C:/Program Files (x86)/Epic Games/4.14/FeaturePacks/' was aborted.
[2017.03.21-19.06.43:421][974]LogModuleManager: Shutting down and abandoning module GameplayTags (236)
[2017.03.21-19.06.43:421][974]LogModuleManager: Shutting down and abandoning module EditorWidgets (235)
[2017.03.21-19.06.43:421][974]LogModuleManager: Shutting down and abandoning module CollectionManager (234)
[2017.03.21-19.06.43:421][974]LogDirectoryWatcher: A directory notification for 'E:/HGDProj/Ad_Nauseum_UE4/Ad_Nauseum/Content/Collections/' was aborted.
[2017.03.21-19.06.43:421][974]LogDirectoryWatcher: A directory notification for 'E:/HGDProj/Ad_Nauseum_UE4/Ad_Nauseum/Content/Developers/Turk/Collections/' was aborted.
[2017.03.21-19.06.43:421][974]LogDirectoryWatcher: A directory notification for 'E:/HGDProj/Ad_Nauseum_UE4/Ad_Nauseum/Saved/Collections/' was aborted.
[2017.03.21-19.06.43:421][974]LogModuleManager: Shutting down and abandoning module StatsViewer (233)
[2017.03.21-19.06.43:421][974]LogModuleManager: Shutting down and abandoning module FoliageEdit (232)
[2017.03.21-19.06.43:421][974]LogModuleManager: Shutting down and abandoning module LandscapeEditor (231)
[2017.03.21-19.06.43:421][974]LogModuleManager: Shutting down and abandoning module SceneDepthPickerMode (230)
[2017.03.21-19.06.43:421][974]LogModuleManager: Shutting down and abandoning module ActorPickerMode (229)
[2017.03.21-19.06.43:421][974]LogModuleManager: Shutting down and abandoning module GeometryMode (228)
[2017.03.21-19.06.43:421][974]LogModuleManager: Shutting down and abandoning module TextureAlignMode (227)
[2017.03.21-19.06.43:421][974]LogModuleManager: Shutting down and abandoning module BspMode (226)
[2017.03.21-19.06.43:421][974]LogModuleManager: Shutting down and abandoning module HardwareSurvey (225)
[2017.03.21-19.06.43:421][974]LogModuleManager: Shutting down and abandoning module SequenceRecorderSections (224)
[2017.03.21-19.06.43:421][974]LogModuleManager: Shutting down and abandoning module AutomationWorker (223)
[2017.03.21-19.06.43:421][974]LogModuleManager: Shutting down and abandoning module MatineeToLevelSequence (222)
[2017.03.21-19.06.43:421][974]LogModuleManager: Shutting down and abandoning module PlacementMode (221)
[2017.03.21-19.06.43:421][974]LogModuleManager: Shutting down and abandoning module LevelSequenceEditor (220)
[2017.03.21-19.06.43:421][974]LogModuleManager: Shutting down and abandoning module WmfMediaFactory (219)
[2017.03.21-19.06.43:421][974]LogModuleManager: Shutting down and abandoning module WmfMediaEditor (218)
[2017.03.21-19.06.43:421][974]LogModuleManager: Shutting down and abandoning module AvfMediaFactory (217)
[2017.03.21-19.06.43:421][974]LogModuleManager: Shutting down and abandoning module AvfMediaEditor (216)
[2017.03.21-19.06.43:421][974]LogModuleManager: Shutting down and abandoning module Media (215)
[2017.03.21-19.06.43:421][974]LogModuleManager: Shutting down and abandoning module AndroidMediaFactory (214)
[2017.03.21-19.06.43:421][974]LogModuleManager: Shutting down and abandoning module AndroidMediaEditor (213)
[2017.03.21-19.06.43:421][974]LogModuleManager: Shutting down and abandoning module CharacterAI (212)
[2017.03.21-19.06.43:421][974]LogModuleManager: Shutting down and abandoning module SequenceRecorder (211)
[2017.03.21-19.06.43:421][974]LogModuleManager: Shutting down and abandoning module AudioCapture (210)
[2017.03.21-19.06.43:421][974]LogModuleManager: Shutting down and abandoning module SmartSnapping (209)
[2017.03.21-19.06.43:421][974]LogModuleManager: Shutting down and abandoning module SessionServices (208)
[2017.03.21-19.06.43:421][974]LogModuleManager: Shutting down and abandoning module ViewportSnapping (207)
[2017.03.21-19.06.43:421][974]LogModuleManager: Shutting down and abandoning module ViewportInteraction (206)
[2017.03.21-19.06.43:421][974]LogModuleManager: Shutting down and abandoning module LogVisualizer (205)
[2017.03.21-19.06.43:421][974]LogModuleManager: Shutting down and abandoning module GameProjectGeneration (204)
[2017.03.21-19.06.43:421][974]LogModuleManager: Shutting down and abandoning module IntroTutorials (203)
[2017.03.21-19.06.43:421][974]LogModuleManager: Shutting down and abandoning module EditorLiveStreaming (202)
[2017.03.21-19.06.43:421][974]LogModuleManager: Shutting down and abandoning module IOSPlatformEditor (201)
[2017.03.21-19.06.43:421][974]LogModuleManager: Shutting down and abandoning module HTML5PlatformEditor (200)
[2017.03.21-19.06.43:421][974]LogModuleManager: Shutting down and abandoning module AndroidDeviceDetection (199)
[2017.03.21-19.06.43:685][974]LogModuleManager: Shutting down and abandoning module AndroidPlatformEditor (198)
[2017.03.21-19.06.43:685][974]LogModuleManager: Shutting down and abandoning module IOSRuntimeSettings (197)
[2017.03.21-19.06.43:685][974]LogModuleManager: Shutting down and abandoning module AndroidRuntimeSettings (196)
[2017.03.21-19.06.43:685][974]LogModuleManager: Shutting down and abandoning module InputBindingEditor (195)
[2017.03.21-19.06.43:685][974]LogModuleManager: Shutting down and abandoning module NiagaraEditor (194)
[2017.03.21-19.06.43:685][974]LogModuleManager: Shutting down and abandoning module MergeActors (193)
[2017.03.21-19.06.43:685][974]LogModuleManager: Shutting down and abandoning module SizeMap (192)
[2017.03.21-19.06.43:685][974]LogModuleManager: Shutting down and abandoning module TreeMap (191)
[2017.03.21-19.06.43:685][974]LogModuleManager: Shutting down and abandoning module ReferenceViewer (190)
[2017.03.21-19.06.43:685][974]LogModuleManager: Shutting down and abandoning module LocalizationService (189)
[2017.03.21-19.06.43:685][974]LogModuleManager: Shutting down and abandoning module LocalizationDashboard (188)
[2017.03.21-19.06.43:685][974]LogModuleManager: Shutting down and abandoning module HardwareTargeting (187)
[2017.03.21-19.06.43:685][974]LogModuleManager: Shutting down and abandoning module DeviceProfileEditor (186)
[2017.03.21-19.06.43:685][974]LogModuleManager: Shutting down and abandoning module UndoHistory (185)
[2017.03.21-19.06.43:685][974]LogModuleManager: Shutting down and abandoning module UserFeedback (184)
[2017.03.21-19.06.43:685][974]LogModuleManager: Shutting down and abandoning module XmlParser (183)
[2017.03.21-19.06.43:685][974]LogModuleManager: Shutting down and abandoning module Blutility (182)
[2017.03.21-19.06.43:685][974]LogModuleManager: Shutting down and abandoning module ProjectTargetPlatformEditor (181)
[2017.03.21-19.06.43:686][974]LogModuleManager: Shutting down and abandoning module ProjectSettingsViewer (180)
[2017.03.21-19.06.43:686][974]LogModuleManager: Shutting down and abandoning module EditorSettingsViewer (179)
[2017.03.21-19.06.43:686][974]LogModuleManager: Shutting down and abandoning module SettingsEditor (178)
[2017.03.21-19.06.43:686][974]LogModuleManager: Shutting down and abandoning module ProjectLauncher (177)
[2017.03.21-19.06.43:686][974]LogModuleManager: Shutting down and abandoning module SessionFrontend (176)
[2017.03.21-19.06.43:686][974]LogModuleManager: Shutting down and abandoning module ProfilerClient (175)
[2017.03.21-19.06.43:686][974]LogModuleManager: Shutting down and abandoning module TargetDeviceServices (174)
[2017.03.21-19.06.43:686][974]LogModuleManager: Shutting down and abandoning module DeviceManager (173)
[2017.03.21-19.06.43:739][974]LogModuleManager: Shutting down and abandoning module AutomationController (172)
[2017.03.21-19.06.43:739][974]LogModuleManager: Shutting down and abandoning module AutomationWindow (171)
[2017.03.21-19.06.43:739][974]LogModuleManager: Shutting down and abandoning module Layers (170)
[2017.03.21-19.06.43:739][974]LogModuleManager: Shutting down and abandoning module ComponentVisualizers (169)
[2017.03.21-19.06.43:739][974]LogModuleManager: Shutting down and abandoning module DetailCustomizations (168)
[2017.03.21-19.06.43:739][974]LogModuleManager: Shutting down and abandoning module PackagesDialog (167)
[2017.03.21-19.06.43:739][974]LogModuleManager: Shutting down and abandoning module AnimGraph (166)
[2017.03.21-19.06.43:739][974]LogModuleManager: Shutting down and abandoning module Persona (165)
[2017.03.21-19.06.43:739][974]LogModuleManager: Shutting down and abandoning module Kismet (164)
[2017.03.21-19.06.43:746][974]LogModuleManager: Shutting down and abandoning module GraphEditor (163)
[2017.03.21-19.06.43:746][974]LogModuleManager: Shutting down and abandoning module ClassViewer (162)
[2017.03.21-19.06.43:746][974]LogModuleManager: Shutting down and abandoning module Toolbox (161)
[2017.03.21-19.06.43:746][974]LogModuleManager: Shutting down and abandoning module ModuleUI (160)
[2017.03.21-19.06.43:746][974]LogModuleManager: Shutting down and abandoning module MovieSceneTools (159)
[2017.03.21-19.06.43:746][974]LogModuleManager: Shutting down and abandoning module OutputLog (158)
[2017.03.21-19.06.43:746][974]LogModuleManager: Shutting down and abandoning module GammaUI (157)
[2017.03.21-19.06.43:746][974]LogModuleManager: Shutting down and abandoning module Documentation (156)
[2017.03.21-19.06.43:746][974]LogModuleManager: Shutting down and abandoning module Niagara (155)
[2017.03.21-19.06.43:746][974]LogModuleManager: Shutting down and abandoning module StreamingPauseRendering (154)
[2017.03.21-19.06.43:746][974]LogModuleManager: Shutting down and abandoning module AnalyticsET (153)
[2017.03.21-19.06.43:746][974]LogModuleManager: Shutting down and abandoning module PortalServices (152)
[2017.03.21-19.06.43:746][974]LogModuleManager: Shutting down and abandoning module PortalRpc (151)
[2017.03.21-19.06.43:746][974]LogModuleManager: Shutting down and abandoning module MessagingRpc (150)
[2017.03.21-19.06.43:746][974]LogModuleManager: Shutting down and abandoning module GameplayDebugger (149)
[2017.03.21-19.06.43:746][974]LogModuleManager: Shutting down and abandoning module AITestSuite (148)
[2017.03.21-19.06.43:746][974]LogModuleManager: Shutting down and abandoning module AIModule (147)
[2017.03.21-19.06.43:746][974]LogModuleManager: Shutting down and abandoning module ProfilerService (146)
[2017.03.21-19.06.43:904][974]LogModuleManager: Shutting down and abandoning module TaskGraph (145)
[2017.03.21-19.06.43:904][974]LogModuleManager: Shutting down and abandoning module SlateRemote (144)
[2017.03.21-19.06.43:904][974]LogModuleManager: Shutting down and abandoning module SteamVRController (143)
[2017.03.21-19.06.43:904][974]LogModuleManager: Shutting down and abandoning module SteamVR (142)
[2017.03.21-19.06.43:904][974]LogModuleManager: Shutting down and abandoning module ProceduralMeshComponentEditor (141)
[2017.03.21-19.06.43:904][974]LogModuleManager: Shutting down and abandoning module ProceduralMeshComponent (140)
[2017.03.21-19.06.43:904][974]LogModuleManager: Shutting down and abandoning module OculusLibrary (139)
[2017.03.21-19.06.43:904][974]LogModuleManager: Shutting down and abandoning module OculusInput (138)
[2017.03.21-19.06.43:904][974]LogModuleManager: Shutting down and abandoning module MobilePatchingUtils (137)
[2017.03.21-19.06.43:904][974]LogModuleManager: Shutting down and abandoning module CustomMeshComponent (136)
[2017.03.21-19.06.43:904][974]LogModuleManager: Shutting down and abandoning module CableComponent (135)
[2017.03.21-19.06.43:904][974]LogModuleManager: Shutting down and abandoning module ArchVisCharacter (134)
[2017.03.21-19.06.43:904][974]LogModuleManager: Shutting down and abandoning module MediaPlayerEditor (132)
[2017.03.21-19.06.43:904][974]LogModuleManager: Shutting down and abandoning module HTML5Networking (131)
[2017.03.21-19.06.43:904][974]LogModuleManager: Shutting down and abandoning module GeometryCacheEd (130)
[2017.03.21-19.06.43:904][974]LogModuleManager: Shutting down and abandoning module GeometryCache (129)
[2017.03.21-19.06.43:904][974]LogModuleManager: Shutting down and abandoning module AlembicLibrary (128)
[2017.03.21-19.06.43:904][974]LogModuleManager: Shutting down and abandoning module AlembicImporter (127)
[2017.03.21-19.06.43:904][974]LogModuleManager: Shutting down and abandoning module SuperSearch (126)
[2017.03.21-19.06.43:904][974]LogModuleManager: Shutting down and abandoning module SuperSearchEditor (125)
[2017.03.21-19.06.43:904][974]LogModuleManager: Shutting down and abandoning module SpeedTreeImporter (124)
[2017.03.21-19.06.43:904][974]LogModuleManager: Shutting down and abandoning module PluginBrowser (123)
[2017.03.21-19.06.43:904][974]LogModuleManager: Shutting down and abandoning module MobileLauncherProfileWizard (122)
[2017.03.21-19.06.43:904][974]LogModuleManager: Shutting down and abandoning module EpicSurvey (121)
[2017.03.21-19.06.43:904][974]LogModuleManager: Shutting down and abandoning module DesktopPlatform (120)
[2017.03.21-19.06.43:904][974]LogModuleManager: Shutting down and abandoning module VisualStudioSourceCodeAccess (119)
[2017.03.21-19.06.43:904][974]LogModuleManager: Shutting down and abandoning module UObjectPlugin (118)
[2017.03.21-19.06.43:904][974]LogModuleManager: Shutting down and abandoning module SubversionSourceControl (117)
[2017.03.21-19.06.43:904][974]LogModuleManager: Shutting down and abandoning module PerforceSourceControl (116)
[2017.03.21-19.06.43:904][974]LogModuleManager: Shutting down and abandoning module SourceControl (115)
[2017.03.21-19.06.43:904][974]LogModuleManager: Shutting down and abandoning module GitSourceControl (114)
[2017.03.21-19.06.43:904][974]LogModuleManager: Shutting down and abandoning module LightPropagationVolumeEditor (113)
[2017.03.21-19.06.43:904][974]LogModuleManager: Shutting down and abandoning module PaperTiledImporter (112)
[2017.03.21-19.06.43:904][974]LogModuleManager: Shutting down and abandoning module PaperSpriteSheetImporter (111)
[2017.03.21-19.06.43:904][974]LogModuleManager: Shutting down and abandoning module MeshPaint (110)
[2017.03.21-19.06.43:904][974]LogModuleManager: Shutting down and abandoning module PixelInspectorModule (109)
[2017.03.21-19.06.43:904][974]LogModuleManager: Shutting down and abandoning module HotReload (108)
[2017.03.21-19.06.43:905][974]LogModuleManager: Shutting down and abandoning module MainFrame (107)
[2017.03.21-19.06.43:905][974]LogModuleManager: Shutting down and abandoning module LevelEditor (106)
[2017.03.21-19.06.43:905][974]LogModuleManager: Shutting down and abandoning module ContentBrowser (105)
[2017.03.21-19.06.43:906][974]LogModuleManager: Shutting down and abandoning module Paper2DEditor (104)
[2017.03.21-19.06.43:906][974]LogModuleManager: Shutting down and abandoning module UdpMessaging (103)
[2017.03.21-19.06.44:008][974]LogModuleManager: Shutting down and abandoning module TcpMessaging (102)
[2017.03.21-19.06.44:108][974]LogModuleManager: Shutting down and abandoning module LightPropagationVolumeRuntime (101)
[2017.03.21-19.06.44:108][974]LogModuleManager: Shutting down and abandoning module Paper2D (100)
[2017.03.21-19.06.44:108][974]LogModuleManager: Shutting down and abandoning module WindowsMoviePlayer (99)
[2017.03.21-19.06.44:108][974]LogModuleManager: Shutting down and abandoning module WmfMedia (98)
[2017.03.21-19.06.44:108][974]LogModuleManager: Shutting down and abandoning module MediaAssets (97)
[2017.03.21-19.06.44:108][974]LogModuleManager: Shutting down and abandoning module GameLiveStreaming (96)
[2017.03.21-19.06.44:108][974]LogModuleManager: Shutting down and abandoning module GameplayTagsEditor (95)
[2017.03.21-19.06.44:108][974]LogModuleManager: Shutting down and abandoning module VREditor (94)
[2017.03.21-19.06.44:108][974]LogModuleManager: Shutting down and abandoning module GameplayTasksEditor (93)
[2017.03.21-19.06.44:108][974]LogModuleManager: Shutting down and abandoning module BehaviorTreeEditor (92)
[2017.03.21-19.06.44:108][974]LogModuleManager: Shutting down and abandoning module FunctionalTesting (91)
[2017.03.21-19.06.44:108][974]LogModuleManager: Shutting down and abandoning module CollisionAnalyzer (90)
[2017.03.21-19.06.44:108][974]LogModuleManager: Shutting down and abandoning module Sequencer (89)
[2017.03.21-19.06.44:108][974]LogModuleManager: Shutting down and abandoning module WorkspaceMenuStructure (88)
[2017.03.21-19.06.44:108][974]LogModuleManager: Shutting down and abandoning module MessageLog (87)
[2017.03.21-19.06.44:108][974]LogModuleManager: Shutting down and abandoning module AssetTools (86)
[2017.03.21-19.06.44:108][974]LogModuleManager: Shutting down and abandoning module UMGEditor (85)
[2017.03.21-19.06.44:108][974]LogModuleManager: Shutting down and abandoning module UMG (84)
[2017.03.21-19.06.44:108][974]LogModuleManager: Shutting down and abandoning module SlateReflector (83)
[2017.03.21-19.06.44:108][974]LogModuleManager: Shutting down and abandoning module Slate (82)
[2017.03.21-19.06.44:108][974]LogModuleManager: Shutting down and abandoning module EditorStyle (81)
[2017.03.21-19.06.44:110][974]LogModuleManager: Shutting down and abandoning module SourceCodeAccess (80)
[2017.03.21-19.06.44:110][974]LogModuleManager: Shutting down and abandoning module HeadMountedDisplay (79)
[2017.03.21-19.06.44:110][974]LogModuleManager: Shutting down and abandoning module XAudio2 (78)
[2017.03.21-19.06.44:110][974]LogModuleManager: Shutting down and abandoning module Networking (76)
[2017.03.21-19.06.44:110][974]LogModuleManager: Shutting down and abandoning module Core (75)
[2017.03.21-19.06.44:110][974]LogModuleManager: Shutting down and abandoning module DirectoryWatcher (74)
[2017.03.21-19.06.44:110][974]LogDirectoryWatcher: A directory notification for '../../../Engine/Content/' was aborted.
[2017.03.21-19.06.44:110][974]LogDirectoryWatcher: A directory notification for 'E:/HGDProj/Ad_Nauseum_UE4/Ad_Nauseum/Content/' was aborted.
[2017.03.21-19.06.44:110][974]LogDirectoryWatcher: A directory notification for '../../../Engine/Plugins/2D/Paper2D/Content/' was aborted.
[2017.03.21-19.06.44:110][974]LogModuleManager: Shutting down and abandoning module AssetRegistry (73)
[2017.03.21-19.06.44:460][974]LogModuleManager: Shutting down and abandoning module KismetCompiler (72)
[2017.03.21-19.06.44:460][974]LogModuleManager: Shutting down and abandoning module PhysXFormats (71)
[2017.03.21-19.06.44:460][974]LogModuleManager: Shutting down and abandoning module SimplygonSwarm (70)
[2017.03.21-19.06.44:460][974]LogModuleManager: Shutting down and abandoning module SimplygonMeshReduction (69)
[2017.03.21-19.06.44:460][974]LogModuleManager: Shutting down and abandoning module QuadricMeshReduction (68)
[2017.03.21-19.06.44:460][974]LogModuleManager: Shutting down and abandoning module PropertyEditor (67)
[2017.03.21-19.06.44:460][974]LogModuleManager: Shutting down and abandoning module MeshUtilities (66)
[2017.03.21-19.06.44:460][974]LogModuleManager: Shutting down and abandoning module DerivedDataCache (65)
[2017.03.21-19.06.44:558][974]LogDerivedDataCache: Shutdown
[2017.03.21-19.06.44:558][974]LogModuleManager: Shutting down and abandoning module VulkanShaderFormat (64)
[2017.03.21-19.06.44:558][974]LogModuleManager: Shutting down and abandoning module ShaderFormatOpenGL (63)
[2017.03.21-19.06.44:558][974]LogModuleManager: Shutting down and abandoning module ShaderFormatD3D (62)
[2017.03.21-19.06.44:558][974]LogModuleManager: Shutting down and abandoning module MetalShaderFormat (61)
[2017.03.21-19.06.44:558][974]LogModuleManager: Shutting down and abandoning module TextureFormatUncompressed (60)
[2017.03.21-19.06.44:558][974]LogModuleManager: Shutting down and abandoning module TextureFormatPVR (59)
[2017.03.21-19.06.44:558][974]LogModuleManager: Shutting down and abandoning module TextureFormatDXT (58)
[2017.03.21-19.06.44:558][974]LogModuleManager: Shutting down and abandoning module TextureFormatIntelISPCTexComp (57)
[2017.03.21-19.06.44:558][974]LogModuleManager: Shutting down and abandoning module ImageWrapper (56)
[2017.03.21-19.06.44:558][974]LogModuleManager: Shutting down and abandoning module TextureFormatASTC (55)
[2017.03.21-19.06.44:558][974]LogModuleManager: Shutting down and abandoning module TextureFormatAndroid (54)
[2017.03.21-19.06.44:558][974]LogModuleManager: Shutting down and abandoning module AudioFormatOpus (53)
[2017.03.21-19.06.44:558][974]LogModuleManager: Shutting down and abandoning module AudioFormatOgg (52)
[2017.03.21-19.06.44:558][974]LogModuleManager: Shutting down and abandoning module AudioFormatADPCM (51)
[2017.03.21-19.06.44:558][974]LogModuleManager: Shutting down and abandoning module LinuxTargetPlatform (50)
[2017.03.21-19.06.44:558][974]LogModuleManager: Shutting down and abandoning module LinuxServerTargetPlatform (49)
[2017.03.21-19.06.44:558][974]LogModuleManager: Shutting down and abandoning module LinuxNoEditorTargetPlatform (48)
[2017.03.21-19.06.44:558][974]LogModuleManager: Shutting down and abandoning module LinuxClientTargetPlatform (47)
[2017.03.21-19.06.44:558][974]LogModuleManager: Shutting down and abandoning module TVOSTargetPlatform (46)
[2017.03.21-19.06.44:558][974]LogModuleManager: Shutting down and abandoning module Messaging (45)
[2017.03.21-19.06.44:558][974]LogModuleManager: Shutting down and abandoning module IOSTargetPlatform (44)
[2017.03.21-19.06.44:558][974]LogModuleManager: Shutting down and abandoning module HTML5TargetPlatform (43)
[2017.03.21-19.06.44:558][974]LogModuleManager: Shutting down and abandoning module Android_PVRTCTargetPlatform (42)
[2017.03.21-19.06.44:558][974]LogModuleManager: Shutting down and abandoning module Android_MultiTargetPlatform (41)
[2017.03.21-19.06.44:558][974]LogModuleManager: Shutting down and abandoning module Android_ETC2TargetPlatform (40)
[2017.03.21-19.06.44:558][974]LogModuleManager: Shutting down and abandoning module Android_ETC1TargetPlatform (39)
[2017.03.21-19.06.44:558][974]LogModuleManager: Shutting down and abandoning module Android_DXTTargetPlatform (38)
[2017.03.21-19.06.44:558][974]LogModuleManager: Shutting down and abandoning module Android_ATCTargetPlatform (37)
[2017.03.21-19.06.44:558][974]LogModuleManager: Shutting down and abandoning module Android_ASTCTargetPlatform (36)
[2017.03.21-19.06.44:558][974]LogModuleManager: Shutting down and abandoning module AndroidTargetPlatform (35)
[2017.03.21-19.06.44:558][974]LogModuleManager: Shutting down and abandoning module WindowsTargetPlatform (34)
[2017.03.21-19.06.44:558][974]LogModuleManager: Shutting down and abandoning module WindowsServerTargetPlatform (33)
[2017.03.21-19.06.44:558][974]LogModuleManager: Shutting down and abandoning module WindowsNoEditorTargetPlatform (32)
[2017.03.21-19.06.44:558][974]LogModuleManager: Shutting down and abandoning module WindowsClientTargetPlatform (31)
[2017.03.21-19.06.44:559][974]LogModuleManager: Shutting down and abandoning module MacTargetPlatform (30)
[2017.03.21-19.06.44:559][974]LogModuleManager: Shutting down and abandoning module MacServerTargetPlatform (29)
[2017.03.21-19.06.44:559][974]LogModuleManager: Shutting down and abandoning module MacNoEditorTargetPlatform (28)
[2017.03.21-19.06.44:559][974]LogModuleManager: Shutting down and abandoning module MacClientTargetPlatform (27)
[2017.03.21-19.06.44:559][974]LogModuleManager: Shutting down and abandoning module AllDesktopTargetPlatform (26)
[2017.03.21-19.06.44:559][974]LogModuleManager: Shutting down and abandoning module TargetPlatform (25)
[2017.03.21-19.06.44:559][974]LogModuleManager: Shutting down and abandoning module InputCore (24)
[2017.03.21-19.06.44:559][974]LogModuleManager: Shutting down and abandoning module Settings (23)
[2017.03.21-19.06.44:559][974]LogModuleManager: Shutting down and abandoning module OculusRift (22)
[2017.03.21-19.06.44:559][974]LogModuleManager: Shutting down and abandoning module ExampleDeviceProfileSelector (21)
[2017.03.21-19.06.44:559][974]LogModuleManager: Shutting down and abandoning module OnlineBlueprintSupport (20)
[2017.03.21-19.06.44:559][974]LogModuleManager: Shutting down and abandoning module OnlineSubsystem (18)
[2017.03.21-19.06.44:559][974]LogOnline:Display: Unloading online subsystem: NULL
[2017.03.21-19.06.44:559][974]LogModuleManager: Shutting down and abandoning module SSL (17)
[2017.03.21-19.06.44:560][974]LogModuleManager: Shutting down and abandoning module HTTP (16)
[2017.03.21-19.06.44:560][974]LogModuleManager: Shutting down and abandoning module XMPP (15)
[2017.03.21-19.06.44:560][974]LogModuleManager: Shutting down and abandoning module TextureCompressor (14)
[2017.03.21-19.06.44:560][974]LogModuleManager: Shutting down and abandoning module ShaderCore (13)
[2017.03.21-19.06.44:560][974]LogModuleManager: Shutting down and abandoning module Landscape (12)
[2017.03.21-19.06.44:560][974]LogModuleManager: Shutting down and abandoning module SlateRHIRenderer (11)
[2017.03.21-19.06.44:562][974]LogModuleManager: Shutting down and abandoning module OpenGLDrv (10)
[2017.03.21-19.06.44:562][974]LogModuleManager: Shutting down and abandoning module D3D11RHI (9)
[2017.03.21-19.06.44:562][974]LogModuleManager: Shutting down and abandoning module AnimGraphRuntime (8)
[2017.03.21-19.06.44:562][974]LogModuleManager: Shutting down and abandoning module Renderer (7)
[2017.03.21-19.06.44:562][974]LogModuleManager: Shutting down and abandoning module Engine (6)
[2017.03.21-19.06.44:562][974]LogModuleManager: Shutting down and abandoning module CoreUObject (5)
[2017.03.21-19.06.44:562][974]LogModuleManager: Shutting down and abandoning module NetworkFile (4)
[2017.03.21-19.06.44:562][974]LogModuleManager: Shutting down and abandoning module StreamingFile (3)
[2017.03.21-19.06.44:562][974]LogModuleManager: Shutting down and abandoning module SandboxFile (2)
[2017.03.21-19.06.44:562][974]LogModuleManager: Shutting down and abandoning module PakFile (1)
[2017.03.21-19.06.44:564][974]LogExit: Exiting.
[2017.03.21-19.06.44:565][974]Log file closed, 03/21/17 15:06:44
