Log file open, 02/21/17 18:33:34
LogInit:Display: Running engine for game: Ad_Nauseum
LogPlatformFile: Not using cached read wrapper
LogInit:Display: RandInit(2066211789) SRandInit(2066211789).
LogTaskGraph: Started task graph with 5 named threads and 8 total threads with 1 sets of task threads.
LogStats: Stats thread started at 0.080444
LogPluginManager: Loaded Plugin Paper2D, From C:/Program Files (x86)/Epic Games/4.14/Engine/Plugins/2D/Paper2D/Paper2D.uplugin
LogPluginManager: Loaded Plugin LightPropagationVolume, From C:/Program Files (x86)/Epic Games/4.14/Engine/Plugins/Blendables/LightPropagationVolume/LightPropagationVolume.uplugin
LogPluginManager: Loaded Plugin BlankPlugin, From C:/Program Files (x86)/Epic Games/4.14/Engine/Plugins/Developer/BlankPlugin/BlankPlugin.uplugin
LogPluginManager: Loaded Plugin CodeLiteSourceCodeAccess, From C:/Program Files (x86)/Epic Games/4.14/Engine/Plugins/Developer/CodeLiteSourceCodeAccess/CodeLiteSourceCodeAccess.uplugin
LogPluginManager: Loaded Plugin GitSourceControl, From C:/Program Files (x86)/Epic Games/4.14/Engine/Plugins/Developer/GitSourceControl/GitSourceControl.uplugin
LogPluginManager: Loaded Plugin KDevelopSourceCodeAccess, From C:/Program Files (x86)/Epic Games/4.14/Engine/Plugins/Developer/KDevelopSourceCodeAccess/KDevelopSourceCodeAccess.uplugin
LogPluginManager: Loaded Plugin NullSourceCodeAccess, From C:/Program Files (x86)/Epic Games/4.14/Engine/Plugins/Developer/NullSourceCodeAccess/NullSourceCodeAccess.uplugin
LogPluginManager: Loaded Plugin OneSkyLocalizationService, From C:/Program Files (x86)/Epic Games/4.14/Engine/Plugins/Developer/OneSkyLocalizationService/OneSkyLocalizationService.uplugin
LogPluginManager: Loaded Plugin PerforceSourceControl, From C:/Program Files (x86)/Epic Games/4.14/Engine/Plugins/Developer/PerforceSourceControl/PerforceSourceControl.uplugin
LogPluginManager: Loaded Plugin SubversionSourceControl, From C:/Program Files (x86)/Epic Games/4.14/Engine/Plugins/Developer/SubversionSourceControl/SubversionSourceControl.uplugin
LogPluginManager: Loaded Plugin UObjectPlugin, From C:/Program Files (x86)/Epic Games/4.14/Engine/Plugins/Developer/UObjectPlugin/UObjectPlugin.uplugin
LogPluginManager: Loaded Plugin VisualStudioSourceCodeAccess, From C:/Program Files (x86)/Epic Games/4.14/Engine/Plugins/Developer/VisualStudioSourceCodeAccess/VisualStudioSourceCodeAccess.uplugin
LogPluginManager: Loaded Plugin XCodeSourceCodeAccess, From C:/Program Files (x86)/Epic Games/4.14/Engine/Plugins/Developer/XCodeSourceCodeAccess/XCodeSourceCodeAccess.uplugin
LogPluginManager: Loaded Plugin AudioCapture, From C:/Program Files (x86)/Epic Games/4.14/Engine/Plugins/Editor/AudioCapture/AudioCapture.uplugin
LogPluginManager: Loaded Plugin EpicSurvey, From C:/Program Files (x86)/Epic Games/4.14/Engine/Plugins/Editor/EpicSurvey/EpicSurvey.uplugin
LogPluginManager: Loaded Plugin MacGraphicsSwitching, From C:/Program Files (x86)/Epic Games/4.14/Engine/Plugins/Editor/MacGraphicsSwitching/MacGraphicsSwitching.uplugin
LogPluginManager: Loaded Plugin MobileLauncherProfileWizard, From C:/Program Files (x86)/Epic Games/4.14/Engine/Plugins/Editor/MobileLauncherProfileWizard/MobileLauncherProfileWizard.uplugin
LogPluginManager: Loaded Plugin PluginBrowser, From C:/Program Files (x86)/Epic Games/4.14/Engine/Plugins/Editor/PluginBrowser/PluginBrowser.uplugin
LogPluginManager: Loaded Plugin SpeedTreeImporter, From C:/Program Files (x86)/Epic Games/4.14/Engine/Plugins/Editor/SpeedTreeImporter/SpeedTreeImporter.uplugin
LogPluginManager: Loaded Plugin SuperSearchEditor, From C:/Program Files (x86)/Epic Games/4.14/Engine/Plugins/Editor/SuperSearchEditor/SuperSearchEditor.uplugin
LogPluginManager: Loaded Plugin AlembicImporter, From C:/Program Files (x86)/Epic Games/4.14/Engine/Plugins/Experimental/AlembicImporter/AlembicImporter.uplugin
LogPluginManager: Loaded Plugin BlueprintStats, From C:/Program Files (x86)/Epic Games/4.14/Engine/Plugins/Experimental/BlueprintStats/BlueprintStats.uplugin
LogPluginManager: Loaded Plugin CharacterAI, From C:/Program Files (x86)/Epic Games/4.14/Engine/Plugins/Experimental/CharacterAI/CharacterAI.uplugin
LogPluginManager: Loaded Plugin CodeEditor, From C:/Program Files (x86)/Epic Games/4.14/Engine/Plugins/Experimental/CodeEditor/CodeEditor.uplugin
LogPluginManager: Loaded Plugin CodeView, From C:/Program Files (x86)/Epic Games/4.14/Engine/Plugins/Experimental/CodeView/CodeView.uplugin
LogPluginManager: Loaded Plugin HTML5Networking, From C:/Program Files (x86)/Epic Games/4.14/Engine/Plugins/Experimental/HTML5Networking/HTML5Networking.uplugin
LogPluginManager: Loaded Plugin OSVR, From C:/Program Files (x86)/Epic Games/4.14/Engine/Plugins/Experimental/OSVR/OSVR.uplugin
LogPluginManager: Loaded Plugin Phya, From C:/Program Files (x86)/Epic Games/4.14/Engine/Plugins/Experimental/Phya/Phya.uplugin
LogPluginManager: Loaded Plugin SignificanceManager, From C:/Program Files (x86)/Epic Games/4.14/Engine/Plugins/Experimental/SignificanceManager/SignificanceManager.uplugin
LogPluginManager: Loaded Plugin SimpleHMD, From C:/Program Files (x86)/Epic Games/4.14/Engine/Plugins/Experimental/SimpleHMD/SimpleHMD.uplugin
LogPluginManager: Loaded Plugin StereoPanorama, From C:/Program Files (x86)/Epic Games/4.14/Engine/Plugins/Experimental/StereoPanorama/StereoPanorama.uplugin
LogPluginManager: Loaded Plugin StructBox, From C:/Program Files (x86)/Epic Games/4.14/Engine/Plugins/Experimental/StructBox/StructBox.uplugin
LogPluginManager: Loaded Plugin AndroidMedia, From C:/Program Files (x86)/Epic Games/4.14/Engine/Plugins/Media/AndroidMedia/AndroidMedia.uplugin
LogPluginManager: Loaded Plugin AvfMedia, From C:/Program Files (x86)/Epic Games/4.14/Engine/Plugins/Media/AvfMedia/AvfMedia.uplugin
LogPluginManager: Loaded Plugin MediaPlayerEditor, From C:/Program Files (x86)/Epic Games/4.14/Engine/Plugins/Media/MediaPlayerEditor/MediaPlayerEditor.uplugin
LogPluginManager: Loaded Plugin WmfMedia, From C:/Program Files (x86)/Epic Games/4.14/Engine/Plugins/Media/WmfMedia/WmfMedia.uplugin
LogPluginManager: Loaded Plugin MessagingDebugger, From C:/Program Files (x86)/Epic Games/4.14/Engine/Plugins/Messaging/MessagingDebugger/MessagingDebugger.uplugin
LogPluginManager: Loaded Plugin TcpMessaging, From C:/Program Files (x86)/Epic Games/4.14/Engine/Plugins/Messaging/TcpMessaging/TcpMessaging.uplugin
LogPluginManager: Loaded Plugin UdpMessaging, From C:/Program Files (x86)/Epic Games/4.14/Engine/Plugins/Messaging/UdpMessaging/UdpMessaging.uplugin
LogPluginManager: Loaded Plugin LevelSequenceEditor, From C:/Program Files (x86)/Epic Games/4.14/Engine/Plugins/MovieScene/LevelSequenceEditor/LevelSequenceEditor.uplugin
LogPluginManager: Loaded Plugin MatineeToLevelSequence, From C:/Program Files (x86)/Epic Games/4.14/Engine/Plugins/MovieScene/MatineeToLevelSequence/MatineeToLevelSequence.uplugin
LogPluginManager: Loaded Plugin NetcodeUnitTest, From C:/Program Files (x86)/Epic Games/4.14/Engine/Plugins/NetcodeUnitTest/NetcodeUnitTest/NetcodeUnitTest.uplugin
LogPluginManager: Loaded Plugin NUTUnrealEngine4, From C:/Program Files (x86)/Epic Games/4.14/Engine/Plugins/NetcodeUnitTest/NUTUnrealEngine4/NUTUnrealEngine4.uplugin
LogPluginManager: Loaded Plugin OnlineSubsystemGameCircle, From C:/Program Files (x86)/Epic Games/4.14/Engine/Plugins/Online/Android/OnlineSubsystemGameCircle/OnlineSubsystemGameCircle.uplugin
LogPluginManager: Loaded Plugin OnlineSubsystemGooglePlay, From C:/Program Files (x86)/Epic Games/4.14/Engine/Plugins/Online/Android/OnlineSubsystemGooglePlay/OnlineSubsystemGooglePlay.uplugin
LogPluginManager: Loaded Plugin OnlineSubsystemIOS, From C:/Program Files (x86)/Epic Games/4.14/Engine/Plugins/Online/IOS/OnlineSubsystemIOS/OnlineSubsystemIOS.uplugin
LogPluginManager: Loaded Plugin OnlineFramework, From C:/Program Files (x86)/Epic Games/4.14/Engine/Plugins/Online/OnlineFramework/OnlineFramework.uplugin
LogPluginManager: Loaded Plugin OnlineSubsystem, From C:/Program Files (x86)/Epic Games/4.14/Engine/Plugins/Online/OnlineSubsystem/OnlineSubsystem.uplugin
LogPluginManager: Loaded Plugin OnlineSubsystemAmazon, From C:/Program Files (x86)/Epic Games/4.14/Engine/Plugins/Online/OnlineSubsystemAmazon/OnlineSubsystemAmazon.uplugin
LogPluginManager: Loaded Plugin OnlineSubsystemFacebook, From C:/Program Files (x86)/Epic Games/4.14/Engine/Plugins/Online/OnlineSubsystemFacebook/OnlineSubsystemFacebook.uplugin
LogPluginManager: Loaded Plugin OnlineSubsystemNull, From C:/Program Files (x86)/Epic Games/4.14/Engine/Plugins/Online/OnlineSubsystemNull/OnlineSubsystemNull.uplugin
LogPluginManager: Loaded Plugin OnlineSubsystemOculus, From C:/Program Files (x86)/Epic Games/4.14/Engine/Plugins/Online/OnlineSubsystemOculus/OnlineSubsystemOculus.uplugin
LogPluginManager: Loaded Plugin OnlineSubsystemSteam, From C:/Program Files (x86)/Epic Games/4.14/Engine/Plugins/Online/OnlineSubsystemSteam/OnlineSubsystemSteam.uplugin
LogPluginManager: Loaded Plugin OnlineSubsystemUtils, From C:/Program Files (x86)/Epic Games/4.14/Engine/Plugins/Online/OnlineSubsystemUtils/OnlineSubsystemUtils.uplugin
LogPluginManager: Loaded Plugin IOSTapJoy, From C:/Program Files (x86)/Epic Games/4.14/Engine/Plugins/Runtime/Advertising/IOSTapJoy/IOSTapJoy.uplugin
LogPluginManager: Loaded Plugin AnalyticsBlueprintLibrary, From C:/Program Files (x86)/Epic Games/4.14/Engine/Plugins/Runtime/Analytics/AnalyticsBlueprintLibrary/AnalyticsBlueprintLibrary.uplugin
LogPluginManager: Loaded Plugin AnalyticsMulticast, From C:/Program Files (x86)/Epic Games/4.14/Engine/Plugins/Runtime/Analytics/AnalyticsMulticast/AnalyticsMulticast.uplugin
LogPluginManager: Loaded Plugin Apsalar, From C:/Program Files (x86)/Epic Games/4.14/Engine/Plugins/Runtime/Analytics/Apsalar/Apsalar.uplugin
LogPluginManager: Loaded Plugin FileLogging, From C:/Program Files (x86)/Epic Games/4.14/Engine/Plugins/Runtime/Analytics/FileLogging/FileLogging.uplugin
LogPluginManager: Loaded Plugin Flurry, From C:/Program Files (x86)/Epic Games/4.14/Engine/Plugins/Runtime/Analytics/Flurry/Flurry.uplugin
LogPluginManager: Loaded Plugin AndroidDeviceProfileSelector, From C:/Program Files (x86)/Epic Games/4.14/Engine/Plugins/Runtime/AndroidDeviceProfileSelector/AndroidDeviceProfileSelector.uplugin
LogPluginManager: Loaded Plugin AndroidMoviePlayer, From C:/Program Files (x86)/Epic Games/4.14/Engine/Plugins/Runtime/AndroidMoviePlayer/AndroidMoviePlayer.uplugin
LogPluginManager: Loaded Plugin AppleMoviePlayer, From C:/Program Files (x86)/Epic Games/4.14/Engine/Plugins/Runtime/AppleMoviePlayer/AppleMoviePlayer.uplugin
LogPluginManager: Loaded Plugin ArchVisCharacter, From C:/Program Files (x86)/Epic Games/4.14/Engine/Plugins/Runtime/ArchVisCharacter/ArchVisCharacter.uplugin
LogPluginManager: Loaded Plugin CableComponent, From C:/Program Files (x86)/Epic Games/4.14/Engine/Plugins/Runtime/CableComponent/CableComponent.uplugin
LogPluginManager: Loaded Plugin CustomMeshComponent, From C:/Program Files (x86)/Epic Games/4.14/Engine/Plugins/Runtime/CustomMeshComponent/CustomMeshComponent.uplugin
LogPluginManager: Loaded Plugin ExampleDeviceProfileSelector, From C:/Program Files (x86)/Epic Games/4.14/Engine/Plugins/Runtime/ExampleDeviceProfileSelector/ExampleDeviceProfileSelector.uplugin
LogPluginManager: Loaded Plugin GearVR, From C:/Program Files (x86)/Epic Games/4.14/Engine/Plugins/Runtime/GearVR/GearVR.uplugin
LogPluginManager: Loaded Plugin GoogleVRController, From C:/Program Files (x86)/Epic Games/4.14/Engine/Plugins/Runtime/GoogleVR/GoogleVRController/GoogleVRController.uplugin
LogPluginManager: Loaded Plugin GoogleVRHMD, From C:/Program Files (x86)/Epic Games/4.14/Engine/Plugins/Runtime/GoogleVR/GoogleVRHMD/GoogleVRHMD.uplugin
LogPluginManager: Loaded Plugin IOSDeviceProfileSelector, From C:/Program Files (x86)/Epic Games/4.14/Engine/Plugins/Runtime/IOSDeviceProfileSelector/IOSDeviceProfileSelector.uplugin
LogPluginManager: Loaded Plugin LeapMotion, From C:/Program Files (x86)/Epic Games/4.14/Engine/Plugins/Runtime/LeapMotion/LeapMotion.uplugin
LogPluginManager: Loaded Plugin LinuxDeviceProfileSelector, From C:/Program Files (x86)/Epic Games/4.14/Engine/Plugins/Runtime/LinuxDeviceProfileSelector/LinuxDeviceProfileSelector.uplugin
LogPluginManager: Loaded Plugin MIDIDevice, From C:/Program Files (x86)/Epic Games/4.14/Engine/Plugins/Runtime/MIDIDevice/MIDIDevice.uplugin
LogPluginManager: Loaded Plugin MobilePatchingUtils, From C:/Program Files (x86)/Epic Games/4.14/Engine/Plugins/Runtime/MobilePatchingUtils/MobilePatchingUtils.uplugin
LogPluginManager: Loaded Plugin Ansel, From C:/Program Files (x86)/Epic Games/4.14/Engine/Plugins/Runtime/Nvidia/Ansel/Ansel.uplugin
LogPluginManager: Loaded Plugin OculusAudio, From C:/Program Files (x86)/Epic Games/4.14/Engine/Plugins/Runtime/OculusAudio/OculusAudio.uplugin
LogPluginManager: Loaded Plugin OculusInput, From C:/Program Files (x86)/Epic Games/4.14/Engine/Plugins/Runtime/OculusInput/OculusInput.uplugin
LogPluginManager: Loaded Plugin OculusLibrary, From C:/Program Files (x86)/Epic Games/4.14/Engine/Plugins/Runtime/OculusLibrary/OculusLibrary.uplugin
LogPluginManager: Loaded Plugin OculusRift, From C:/Program Files (x86)/Epic Games/4.14/Engine/Plugins/Runtime/OculusRift/OculusRift.uplugin
LogPluginManager: Loaded Plugin Oodle, From C:/Program Files (x86)/Epic Games/4.14/Engine/Plugins/Runtime/PacketHandlers/CompressionComponents/Oodle/Oodle.uplugin
LogPluginManager: Loaded Plugin ProceduralMeshComponent, From C:/Program Files (x86)/Epic Games/4.14/Engine/Plugins/Runtime/ProceduralMeshComponent/ProceduralMeshComponent.uplugin
LogPluginManager: Loaded Plugin SoundMod, From C:/Program Files (x86)/Epic Games/4.14/Engine/Plugins/Runtime/SoundMod/SoundMod.uplugin
LogPluginManager: Loaded Plugin SoundVisualizations, From C:/Program Files (x86)/Epic Games/4.14/Engine/Plugins/Runtime/SoundVisualizations/SoundVisualizations.uplugin
LogPluginManager: Loaded Plugin SteamController, From C:/Program Files (x86)/Epic Games/4.14/Engine/Plugins/Runtime/Steam/SteamController/SteamController.uplugin
LogPluginManager: Loaded Plugin SteamVR, From C:/Program Files (x86)/Epic Games/4.14/Engine/Plugins/Runtime/Steam/SteamVR/SteamVR.uplugin
LogPluginManager: Loaded Plugin WebBrowserWidget, From C:/Program Files (x86)/Epic Games/4.14/Engine/Plugins/Runtime/WebBrowserWidget/WebBrowserWidget.uplugin
LogPluginManager: Loaded Plugin WindowsDeviceProfileSelector, From C:/Program Files (x86)/Epic Games/4.14/Engine/Plugins/Runtime/WindowsDeviceProfileSelector/WindowsDeviceProfileSelector.uplugin
LogPluginManager: Loaded Plugin WindowsMoviePlayer, From C:/Program Files (x86)/Epic Games/4.14/Engine/Plugins/Runtime/WindowsMoviePlayer/WindowsMoviePlayer.uplugin
LogPluginManager: Loaded Plugin ScriptPlugin, From C:/Program Files (x86)/Epic Games/4.14/Engine/Plugins/ScriptPlugin/ScriptPlugin.uplugin
LogPluginManager: Loaded Plugin SlateRemote, From C:/Program Files (x86)/Epic Games/4.14/Engine/Plugins/Slate/SlateRemote/SlateRemote.uplugin
LogPluginManager: Loaded Plugin EditorTests, From C:/Program Files (x86)/Epic Games/4.14/Engine/Plugins/Tests/EditorTests/EditorTests.uplugin
LogPluginManager: Loaded Plugin FbxAutomationTestBuilder, From C:/Program Files (x86)/Epic Games/4.14/Engine/Plugins/Tests/FbxAutomationTestBuilder/FbxAutomationTestBuilder.uplugin
LogPluginManager: Loaded Plugin FunctionalTestingEditor, From C:/Program Files (x86)/Epic Games/4.14/Engine/Plugins/Tests/FunctionalTestingEditor/FunctionalTestingEditor.uplugin
LogPluginManager: Loaded Plugin RuntimeTests, From C:/Program Files (x86)/Epic Games/4.14/Engine/Plugins/Tests/RuntimeTests/RuntimeTests.uplugin
LogPluginManager: Loaded Plugin ScreenshotTools, From C:/Program Files (x86)/Epic Games/4.14/Engine/Plugins/Tests/ScreenshotTools/ScreenshotTools.uplugin
LogInit: Using libcurl 7.47.1
LogInit:  - built for x86_64-pc-win32
LogInit:  - supports SSL with OpenSSL/1.0.2g
LogInit:  - supports HTTP deflate (compression) using libz 1.2.8
LogInit:  - other features:
LogInit:      CURL_VERSION_SSL
LogInit:      CURL_VERSION_LIBZ
LogInit:      CURL_VERSION_IPV6
LogInit:      CURL_VERSION_ASYNCHDNS
LogInit:      CURL_VERSION_LARGEFILE
LogInit:      CURL_VERSION_IDN
LogInit:  CurlRequestOptions (configurable via config and command line):
LogInit:  - bVerifyPeer = false  - Libcurl will NOT verify peer certificate
LogInit:  - bUseHttpProxy = false  - Libcurl will NOT use HTTP proxy
LogInit:  - bDontReuseConnections = false  - Libcurl will reuse connections
LogInit:  - CertBundlePath = nullptr  - Libcurl will use whatever was configured at build time.
LogInit: Build: ++UE4+Release-4.14-CL-3249277
LogInit: Engine Version: 4.14.3-3249277+++UE4+Release-4.14
LogInit: Compatible Engine Version: 4.14.0-3195953+++UE4+Release-4.14
LogInit: Net CL: 3195953
LogDevObjectVersion: Number of dev versions registered: 13
LogDevObjectVersion:   Dev-Blueprints (B0D832E4-1F89-4F0D-ACCF-7EB736FD4AA2): 7
LogDevObjectVersion:   Dev-Build (E1C64328-A22C-4D53-A36C-8E866417BD8C): 0
LogDevObjectVersion:   Dev-Core (375EC13C-06E4-48FB-B500-84F0262A717E): 1
LogDevObjectVersion:   Dev-Editor (E4B068ED-F494-42E9-A231-DA0B2E46BB41): 8
LogDevObjectVersion:   Dev-Framework (CFFC743F-43B0-4480-9391-14DF171D2073): 17
LogDevObjectVersion:   Dev-Mobile (B02B49B5-BB20-44E9-A304-32B752E40360): 0
LogDevObjectVersion:   Dev-Networking (A4E4105C-59A1-49B5-A7C5-40C4547EDFEE): 0
LogDevObjectVersion:   Dev-Online (39C831C9-5AE6-47DC-9A44-9C173E1C8E7C): 0
LogDevObjectVersion:   Dev-Physics (78F01B33-EBEA-4F98-B9B4-84EACCB95AA2): 0
LogDevObjectVersion:   Dev-Platform (6631380F-2D4D-43E0-8009-CF276956A95A): 0
LogDevObjectVersion:   Dev-Rendering (12F88B9F-8875-4AFC-A67C-D90C383ABD29): 12
LogDevObjectVersion:   Dev-Sequencer (7B5AE74C-D270-4C10-A958-57980B212A5A): 1
LogDevObjectVersion:   Dev-VR (D7296918-1DD6-4BDD-9DE2-64A83CC13884): 0
LogInit: Compiled (64-bit): Jan  6 2017 10:49:43
LogInit: Compiled with Visual C++: 19.00.23026.00
LogInit: Build Configuration: Development
LogInit: Branch Name: ++UE4+Release-4.14
LogInit: Command line: -EpicPortal 
LogInit: Base directory: C:/Program Files (x86)/Epic Games/4.14/Engine/Binaries/Win64/
LogInit: Installed Engine Build: 1
LogInit: Presizing for max 8388607 objects, including 0 objects not considered by GC, pre-allocating 0 bytes for permanent pool.
LogInit: Object subsystem initialized
[2017.02.21-23.33.34:928][  0]LogInit: Selected Device Profile: [Windows]
[2017.02.21-23.33.34:928][  0]LogInit: Applying CVar settings loaded from the selected device profile: [Windows]
[2017.02.21-23.33.34:940][  0]LogInit: Computer: LOL
[2017.02.21-23.33.34:940][  0]LogInit: User: jrgagnon
[2017.02.21-23.33.34:940][  0]LogInit: CPU Page size=65536, Cores=4
[2017.02.21-23.33.34:940][  0]LogInit: High frequency timer resolution =3.117791 MHz
[2017.02.21-23.33.34:940][  0]LogMemory: Memory total: Physical=15.9GB (16GB approx)
[2017.02.21-23.33.34:940][  0]LogMemory: Platform Memory Stats for Windows
[2017.02.21-23.33.34:940][  0]LogMemory: Process Physical Memory: 265.08 MB used, 265.08 MB peak
[2017.02.21-23.33.34:940][  0]LogMemory: Process Virtual Memory: 262.57 MB used, 262.57 MB peak
[2017.02.21-23.33.34:940][  0]LogMemory: Physical Memory: 7610.47 MB used,  8708.64 MB free, 16319.11 MB total
[2017.02.21-23.33.34:940][  0]LogMemory: Virtual Memory: 675.55 MB used,  8708.64 MB free, 134217728.00 MB total
[2017.02.21-23.33.34:966][  0]LogTextLocalizationManager: No specific translations for ('en-US') exist, so ('en') translations will be used.
[2017.02.21-23.33.35:578][  0]LogD3D11RHI: D3D11 adapters:
[2017.02.21-23.33.35:607][  0]LogD3D11RHI:    0. 'NVIDIA GeForce GTX 970' (Feature Level 11_0)
[2017.02.21-23.33.35:607][  0]LogD3D11RHI:       4058/0/8159 MB DedicatedVideo/DedicatedSystem/SharedSystem, Outputs:2, VendorId:0x10de
[2017.02.21-23.33.35:609][  0]LogD3D11RHI:    1. 'Microsoft Basic Render Driver' (Feature Level 11_0)
[2017.02.21-23.33.35:609][  0]LogD3D11RHI:       0/0/8159 MB DedicatedVideo/DedicatedSystem/SharedSystem, Outputs:0, VendorId:0x1414
[2017.02.21-23.33.35:609][  0]LogD3D11RHI: Chosen D3D11 Adapter: 0
[2017.02.21-23.33.35:614][  0]LogD3D11RHI: Creating new Direct3DDevice
[2017.02.21-23.33.35:614][  0]LogD3D11RHI:     GPU DeviceId: 0x13c2 (for the marketing name, search the web for "GPU Device Id")
[2017.02.21-23.33.35:614][  0]LogWindows: EnumDisplayDevices:
[2017.02.21-23.33.35:614][  0]LogWindows:    0. 'NVIDIA GeForce GTX 970' (P:1 D:1)
[2017.02.21-23.33.35:614][  0]LogWindows:    1. 'NVIDIA GeForce GTX 970' (P:0 D:1)
[2017.02.21-23.33.35:614][  0]LogWindows:    2. 'NVIDIA GeForce GTX 970' (P:0 D:0)
[2017.02.21-23.33.35:614][  0]LogWindows:    3. 'NVIDIA GeForce GTX 970' (P:0 D:0)
[2017.02.21-23.33.35:614][  0]LogWindows: DebugString: FoundDriverCount:4 
[2017.02.21-23.33.35:614][  0]LogD3D11RHI:     Adapter Name: NVIDIA GeForce GTX 970
[2017.02.21-23.33.35:614][  0]LogD3D11RHI:   Driver Version: 376.54 (internal:21.21.13.7654, unified:376.54)
[2017.02.21-23.33.35:614][  0]LogD3D11RHI:      Driver Date: 12-29-2016
[2017.02.21-23.33.35:614][  0]LogRHI: Texture pool is 1361 MB (70% of 1945 MB)
[2017.02.21-23.33.35:627][  0]LogD3D11RHI: Async texture creation enabled
[2017.02.21-23.33.35:637][  0]LogD3D11RHI: GPU Timing Frequency: 1000.000000 (Debug: 2 1)
[2017.02.21-23.33.35:638][  0]LogShaderCompilers: Guid format shader working directory is -23 characters bigger than the processId version (../../../../../../Users/jrgagnon/Merge Folder/Ad_Nauseum_UE4/Ad_Nauseum/Intermediate/Shaders/WorkingDirectory/14260/).
[2017.02.21-23.33.35:638][  0]LogShaderCompilers: Cleaned the shader compiler working directory 'C:/Users/jrgagnon/AppData/Local/Temp/UnrealShaderWorkingDir/6EAE2C6547FE45320796399D91E7036A/'.
[2017.02.21-23.33.35:638][  0]LogShaderCompilers:Display: Using Local Shader Compiler.
[2017.02.21-23.33.36:663][  0]LogTemp:Display: Loaded TP AllDesktopTargetPlatform
[2017.02.21-23.33.36:723][  0]LogTemp:Display: Loaded TP MacClientTargetPlatform
[2017.02.21-23.33.36:786][  0]LogTemp:Display: Loaded TP MacNoEditorTargetPlatform
[2017.02.21-23.33.36:844][  0]LogTemp:Display: Loaded TP MacServerTargetPlatform
[2017.02.21-23.33.36:901][  0]LogTemp:Display: Loaded TP MacTargetPlatform
[2017.02.21-23.33.36:959][  0]LogTemp:Display: Loaded TP WindowsClientTargetPlatform
[2017.02.21-23.33.37:015][  0]LogTemp:Display: Loaded TP WindowsNoEditorTargetPlatform
[2017.02.21-23.33.37:071][  0]LogTemp:Display: Loaded TP WindowsServerTargetPlatform
[2017.02.21-23.33.37:115][  0]LogTemp:Display: Loaded TP WindowsTargetPlatform
[2017.02.21-23.33.37:168][  0]LogTemp:Display: Loaded TP AndroidTargetPlatform
[2017.02.21-23.33.37:222][  0]LogTemp:Display: Loaded TP Android_ASTCTargetPlatform
[2017.02.21-23.33.37:277][  0]LogTemp:Display: Loaded TP Android_ATCTargetPlatform
[2017.02.21-23.33.37:332][  0]LogTemp:Display: Loaded TP Android_DXTTargetPlatform
[2017.02.21-23.33.37:386][  0]LogTemp:Display: Loaded TP Android_ETC1TargetPlatform
[2017.02.21-23.33.37:441][  0]LogTemp:Display: Loaded TP Android_ETC2TargetPlatform
[2017.02.21-23.33.37:549][  0]LogTemp:Display: Loaded TP Android_MultiTargetPlatform
[2017.02.21-23.33.37:549][  0]LogTemp:Display: Loaded TP Android_PVRTCTargetPlatform
[2017.02.21-23.33.37:587][  0]LogTemp:Display: Loaded TP HTML5TargetPlatform
[2017.02.21-23.33.37:672][  0]LogTemp:Display: Loaded TP IOSTargetPlatform
[2017.02.21-23.33.37:706][  0]LogTemp:Display: Loaded TP TVOSTargetPlatform
[2017.02.21-23.33.37:760][  0]LogTemp:Display: Loaded TP LinuxClientTargetPlatform
[2017.02.21-23.33.37:814][  0]LogTemp:Display: Loaded TP LinuxNoEditorTargetPlatform
[2017.02.21-23.33.37:867][  0]LogTemp:Display: Loaded TP LinuxServerTargetPlatform
[2017.02.21-23.33.37:921][  0]LogTemp:Display: Loaded TP LinuxTargetPlatform
[2017.02.21-23.33.37:921][  0]LogTargetPlatformManager:Display: Building Assets For Windows
[2017.02.21-23.33.38:301][  0]LogDerivedDataCache:Display: Max Cache Size: 512 MB
[2017.02.21-23.33.38:353][  0]LogDerivedDataCache: Loaded boot cache 0.05s 50MB C:/Users/jrgagnon/AppData/Local/UnrealEngine/4.14/DerivedDataCache/Boot.ddc.
[2017.02.21-23.33.38:353][  0]LogDerivedDataCache:Display: Loaded Boot cache: C:/Users/jrgagnon/AppData/Local/UnrealEngine/4.14/DerivedDataCache/Boot.ddc
[2017.02.21-23.33.38:353][  0]LogDerivedDataCache: FDerivedDataBackendGraph:  Pak pak cache file ../../../../../../Users/jrgagnon/Merge Folder/Ad_Nauseum_UE4/Ad_Nauseum/DerivedDataCache/DDC.ddp not found, will not use a pak cache.
[2017.02.21-23.33.38:353][  0]LogDerivedDataCache: Unable to find inner node Pak for hierarchical cache Hierarchy.
[2017.02.21-23.33.38:353][  0]LogDerivedDataCache: FDerivedDataBackendGraph:  CompressedPak pak cache file ../../../../../../Users/jrgagnon/Merge Folder/Ad_Nauseum_UE4/Ad_Nauseum/DerivedDataCache/Compressed.ddp not found, will not use a pak cache.
[2017.02.21-23.33.38:353][  0]LogDerivedDataCache: Unable to find inner node CompressedPak for hierarchical cache Hierarchy.
[2017.02.21-23.33.38:371][  0]LogDerivedDataCache:Display: Pak cache opened for reading ../../../Engine/DerivedDataCache/Compressed.ddp.
[2017.02.21-23.33.38:383][  0]LogDerivedDataCache: Using Local data cache path C:/Users/jrgagnon/AppData/Local/UnrealEngine/Common/DerivedDataCache: Writable
[2017.02.21-23.33.38:580][  0]LogInit: Selected Device Profile: [Windows]
[2017.02.21-23.33.38:583][  0]LogContentStreaming: Texture pool size is 0.00 MB
[2017.02.21-23.33.38:784][  0]LogMeshUtilities: Using QuadricMeshReduction for automatic static mesh reduction
[2017.02.21-23.33.38:825][  0]LogSimplygon: Simplygon DLL not present - disabling.
[2017.02.21-23.33.38:872][  0]LogMeshUtilities: Using SimplygonSwarm for distributed automatic mesh merging
[2017.02.21-23.33.38:872][  0]LogMeshUtilities: No automatic skeletal mesh reduction module available
[2017.02.21-23.33.38:872][  0]LogMeshUtilities: No automatic mesh merging module available
[2017.02.21-23.33.39:373][  0]LogNetVersion: GetLocalNetworkVersion: CL: 3195953, ProjectName: ad_nauseum, ProjectVersion: , EngineNetworkVersion: 2, GameNetworkVersion: 0, NetworkChecksum: 86724054
[2017.02.21-23.33.39:429][  0]LogAssetRegistry: FAssetRegistry took 0.0213 seconds to start up
[2017.02.21-23.33.39:478][  0]LogPackageLocalizationCache: Processed 3 localized package path(s) for 2 prioritized culture(s) in 0.025927 seconds
[2017.02.21-23.33.39:485][  0]LogUObjectArray: 31946 objects as part of root set at end of initial load.
[2017.02.21-23.33.39:485][  0]LogUObjectAllocator: 6935848 out of 0 bytes used by permanent object pool.
[2017.02.21-23.33.39:485][  0]LogUObjectArray: CloseDisregardForGC: 0/0 objects in disregard for GC pool
[2017.02.21-23.33.39:546][  0]LogInit: WinSock: version 1.1 (2.2), MaxSocks=32767, MaxUdp=65467
[2017.02.21-23.33.40:273][  0]LogSlate: Using Freetype 2.6.0
[2017.02.21-23.33.40:273][  0]LogSlate: SlateFontCache - WITH_FREETYPE: 1, WITH_HARFBUZZ: 1
[2017.02.21-23.33.40:273][  0]LogSlate: SlateFontCache - WITH_FREETYPE: 1, WITH_HARFBUZZ: 1
[2017.02.21-23.33.41:033][  0]LogTcpMessaging: Initializing TcpMessaging bridge
[2017.02.21-23.33.41:076][  0]LogUdpMessaging: Initializing bridge on interface 0.0.0.0:0 to multicast group 230.0.0.1:6666.
[2017.02.21-23.33.41:394][  0]LogMaterial: Uniform references updated for custom material expression Custom.
[2017.02.21-23.33.41:803][  0]SourceControl: Info Source control is disabled
[2017.02.21-23.33.41:840][  0]SourceControl: Info Source control is disabled
[2017.02.21-23.33.41:888][  0]SourceControl: Info Source control is disabled
[2017.02.21-23.33.41:934][  0]SourceControl: Info Source control is disabled
[2017.02.21-23.33.43:188][  0]LogEngine: Initializing Engine...
[2017.02.21-23.33.43:189][  0]LogHMD: Failed to initialize OpenVR with code 110
[2017.02.21-23.33.43:424][  0]LogAIModule: Creating AISystem for world Untitled
[2017.02.21-23.33.43:435][  0]LogInit: XAudio2 using 'Speakers (High Definition Audio Device)' : 2 channels at 44.1 kHz using 16 bits per sample (channel mask 0x3)
[2017.02.21-23.33.43:446][  0]LogInit: FAudioDevice initialized.
[2017.02.21-23.33.43:471][  0]LogDerivedDataCache: Saved boot cache 0.03s 50MB C:/Users/jrgagnon/AppData/Local/UnrealEngine/4.14/DerivedDataCache/Boot.ddc.
[2017.02.21-23.33.43:479][  0]LogInit: Texture streaming: Enabled
[2017.02.21-23.33.43:661][  0]LogInit: Transaction tracking system initialized
[2017.02.21-23.33.44:012][  0]BlueprintLog: New page: Editor Load
[2017.02.21-23.33.44:873][  0]LocalizationService: Info Localization service is disabled
[2017.02.21-23.33.45:499][  0]LogConsoleResponse:Display: 
[2017.02.21-23.33.45:624][  0]LogCook:Display: Max memory allowance for cook 16384mb min free memory 0mb
[2017.02.21-23.33.45:624][  0]LogCook:Display: Mobile HDR setting 1
[2017.02.21-23.33.46:527][  0]LogFileCache: Scanning file cache for directory 'C:/Users/jrgagnon/Merge Folder/Ad_Nauseum_UE4/Ad_Nauseum/Content/' took 0.01s
[2017.02.21-23.33.46:527][  0]SourceControl: Info Source control is disabled
[2017.02.21-23.33.46:527][  0]Cmd: MAP LOAD FILE="../../../../../../Users/jrgagnon/Merge Folder/Ad_Nauseum_UE4/Ad_Nauseum/Content/Ad_Nauseum/MenuItems/MenuMap.umap" TEMPLATE=0 SHOWPROGRESS=1 FEATURELEVEL=3
[2017.02.21-23.33.46:527][  0]LightingResults: New page: Lighting Build
[2017.02.21-23.33.46:566][  0]MapCheck: New page: Map Check
[2017.02.21-23.33.46:566][  0]LightingResults: New page: Lighting Build
[2017.02.21-23.33.47:042][  0]LogAIModule: Creating AISystem for world MenuMap
[2017.02.21-23.33.47:046][  0]LogEditorServer: Finished looking for orphan Actors (0.000 secs)
[2017.02.21-23.33.47:046][  0]Cmd: MAP CHECKDEP NOCLEARLOG
[2017.02.21-23.33.47:089][  0]MapCheck: Info Map check complete: 0 Error(s), 0 Warning(s), took 43.026ms to complete.
[2017.02.21-23.33.47:089][  0]LogFileHelpers: Loading map 'MenuMap' took 0.563
[2017.02.21-23.33.47:151][  0]LogWindowsTextInputMethodSystem:Display: IME system now deactivated.
[2017.02.21-23.33.47:227][  0]LogCollectionManager: Loaded 0 collections in 0.001419 seconds
[2017.02.21-23.33.47:306][  0]LogFileCache: Scanning file cache for directory 'C:/Users/jrgagnon/Merge Folder/Ad_Nauseum_UE4/Ad_Nauseum/Saved/Collections/' took 0.01s
[2017.02.21-23.33.47:306][  0]LogFileCache: Scanning file cache for directory 'C:/Users/jrgagnon/Merge Folder/Ad_Nauseum_UE4/Ad_Nauseum/Content/Developers/jrgagnon/Collections/' took 0.01s
[2017.02.21-23.33.47:306][  0]LogFileCache: Scanning file cache for directory 'C:/Users/jrgagnon/Merge Folder/Ad_Nauseum_UE4/Ad_Nauseum/Content/Collections/' took 0.01s
[2017.02.21-23.33.47:306][  0]LogCollectionManager: Rebuilt the GUID cache for 0 collections in 0.000002 seconds
[2017.02.21-23.33.47:315][  0]LogContentBrowser: Native class hierarchy populated in 0.0085 seconds. Added 2190 classes and 428 folders.
[2017.02.21-23.33.47:355][  0]LogStats: UGameplayTagsManager::ConstructGameplayTagTree: Construct from data asset -  0.000 s
[2017.02.21-23.33.47:355][  0]LogStats: UGameplayTagsManager::ConstructGameplayTagTree: GameplayTagTreeChangedEvent.Broadcast -  0.000 s
[2017.02.21-23.33.47:356][  0]LogContentBrowser: Native class hierarchy updated for 'GameplayTags' in 0.0008 seconds. Added 13 classes and 0 folders.
[2017.02.21-23.33.47:416][  0]LogContentBrowser: Native class hierarchy updated for 'WidgetCarousel' in 0.0006 seconds. Added 0 classes and 0 folders.
[2017.02.21-23.33.47:452][  0]LogContentBrowser: Native class hierarchy updated for 'AddContentDialog' in 0.0007 seconds. Added 0 classes and 0 folders.
[2017.02.21-23.33.47:493][  0]LogContentBrowser: Native class hierarchy updated for 'SceneOutliner' in 0.0007 seconds. Added 1 classes and 2 folders.
[2017.02.21-23.33.47:567][  0]LogCrashTracker: Crashtracker disabled due to settings.
[2017.02.21-23.33.47:575][  0]LogUObjectGlobals:Warning: Failed to find object 'Class None.'
[2017.02.21-23.33.47:641][  0]LogContentBrowser: Native class hierarchy updated for 'HierarchicalLODOutliner' in 0.0007 seconds. Added 1 classes and 2 folders.
[2017.02.21-23.33.47:641][  0]LogLoad: (Engine Initialization) Total time: 14.04 seconds
[2017.02.21-23.33.47:641][  0]LogLoad: (Engine Initialization) Total Blueprint compile time: 0.23 seconds
[2017.02.21-23.33.47:641][  0]LogExternalProfiler: Found external profiler: VSPerf
[2017.02.21-23.33.47:641][  0]LogExternalProfiler: Using external profiler: VSPerf
[2017.02.21-23.33.47:650][  0]LogOcInput: OculusInput pre-init called
[2017.02.21-23.33.47:669][  0]LogContentStreaming: Texture pool size now 1000 MB
[2017.02.21-23.33.47:800][  0]LogRenderer: Reallocating scene render targets to support 804x540 NumSamples 1 (Frame:2).
[2017.02.21-23.33.47:849][  1]LogAssetRegistry: Asset discovery search completed in 8.4415 seconds
[2017.02.21-23.33.47:849][  1]LogCollectionManager: Rebuilt the object cache for 0 collections in 0.000000 seconds (found 0 objects)
[2017.02.21-23.33.47:849][  1]LogCollectionManager: Fixed up redirectors for 0 collections in 0.000017 seconds (updated 0 objects)
[2017.02.21-23.33.50:555][318]LogTemp: Repeting last play command: New Editor Window (PIE)
[2017.02.21-23.33.50:574][318]LogBlueprintUserMessages: Early PlayInEditor Detection: Level '/Game/Ad_Nauseum/MenuItems/MenuMap.MenuMap:PersistentLevel' has LevelScriptBlueprint '/Game/Ad_Nauseum/MenuItems/MenuMap.MenuMap:PersistentLevel.MenuMap' with GeneratedClass '/Game/Ad_Nauseum/MenuItems/MenuMap.MenuMap_C' with ClassGeneratedBy '/Game/Ad_Nauseum/MenuItems/MenuMap.MenuMap:PersistentLevel.MenuMap'
[2017.02.21-23.33.50:574][318]LogPlayLevel: PlayLevel: No blueprints needed recompiling
[2017.02.21-23.33.50:575][318]PIE: New page: PIE session: MenuMap (Feb 21, 2017, 1:33:50 PM)
[2017.02.21-23.33.50:575][318]LogPlayLevel: Creating play world package: /Game/Ad_Nauseum/MenuItems/UEDPIE_0_MenuMap
[2017.02.21-23.33.50:577][318]LogPlayLevel: PIE: StaticDuplicateObject took: (0.001846s)
[2017.02.21-23.33.50:577][318]LogAIModule: Creating AISystem for world MenuMap
[2017.02.21-23.33.50:577][318]LogPlayLevel: PIE: World Init took: (0.000667s)
[2017.02.21-23.33.50:578][318]LogPlayLevel: PIE: Created PIE world by copying editor world from /Game/Ad_Nauseum/MenuItems/MenuMap.MenuMap to /Game/Ad_Nauseum/MenuItems/UEDPIE_0_MenuMap.MenuMap (0.002771s)
[2017.02.21-23.33.50:601][318]LogInit: XAudio2 using 'Speakers (High Definition Audio Device)' : 2 channels at 44.1 kHz using 16 bits per sample (channel mask 0x3)
[2017.02.21-23.33.50:608][318]LogInit: FAudioDevice initialized.
[2017.02.21-23.33.50:676][318]LogLinker:Warning: Can't find file '/Game/Ad_Nauseum/Blueprints/Map_GM'
[2017.02.21-23.33.50:677][318]LogLinker:Warning: Can't find file '/Game/Ad_Nauseum/Blueprints/Map_GM'
[2017.02.21-23.33.50:677][318]LogUObjectGlobals:Warning: Failed to find object 'Class /Game/Ad_Nauseum/Blueprints/Map_GM.Map_GM_C'
[2017.02.21-23.33.50:677][318]LogLoad: Game class is 'GameModeBase'
[2017.02.21-23.33.50:679][318]LogWorld: Bringing World /Game/Ad_Nauseum/MenuItems/UEDPIE_0_MenuMap.MenuMap up for play (max tick rate 0) at 2017.02.21-18.33.50
[2017.02.21-23.33.50:680][318]LogWorld: Bringing up level for play took: 0.001258
[2017.02.21-23.33.50:721][318]LogContentBrowser: Native class hierarchy updated for 'MovieSceneCapture' in 0.0007 seconds. Added 11 classes and 0 folders.
[2017.02.21-23.33.50:728][318]PIE: Info Play in editor start time for /Game/Ad_Nauseum/MenuItems/UEDPIE_0_MenuMap 0.437
[2017.02.21-23.33.50:729][318]LogBlueprintUserMessages: Late PlayInEditor Detection: Level '/Game/Ad_Nauseum/MenuItems/MenuMap.MenuMap:PersistentLevel' has LevelScriptBlueprint '/Game/Ad_Nauseum/MenuItems/MenuMap.MenuMap:PersistentLevel.MenuMap' with GeneratedClass '/Game/Ad_Nauseum/MenuItems/MenuMap.MenuMap_C' with ClassGeneratedBy '/Game/Ad_Nauseum/MenuItems/MenuMap.MenuMap:PersistentLevel.MenuMap'
[2017.02.21-23.33.50:732][318]LogRenderer: Reallocating scene render targets to support 1164x684 NumSamples 1 (Frame:307).
[2017.02.21-23.33.50:732][318]LogAudio:Warning: Detected orphaned looping sound 'HGD_Song_Demo_1'.
[2017.02.21-23.33.51:653][410]LogNet: Browse: /Game/Ad_Nauseum/Levels/Level_1
[2017.02.21-23.33.51:653][410]LogLoad: LoadMap: /Game/Ad_Nauseum/Levels/Level_1
[2017.02.21-23.33.51:663][410]Cmd: MEM
[2017.02.21-23.33.51:673][410]LogMemory: Platform Memory Stats for Windows
[2017.02.21-23.33.51:673][410]LogMemory: Process Physical Memory: 1011.39 MB used, 1016.43 MB peak
[2017.02.21-23.33.51:673][410]LogMemory: Process Virtual Memory: 1255.95 MB used, 1262.80 MB peak
[2017.02.21-23.33.51:673][410]LogMemory: Physical Memory: 7666.97 MB used,  8652.14 MB free, 16319.11 MB total
[2017.02.21-23.33.51:673][410]LogMemory: Virtual Memory: 2001.02 MB used,  8652.14 MB free, 134217728.00 MB total
[2017.02.21-23.33.51:673][410]LogMemory: 
[2017.02.21-23.33.51:673][410]Allocator Stats for TBB: (not implemented)
[2017.02.21-23.33.51:917][410]LogAIModule: Creating AISystem for world Level_1
[2017.02.21-23.33.51:918][410]LogLoad: Game class is 'Ad_Nauseum_GameMode_C'
[2017.02.21-23.33.51:927][410]LogWorld: Bringing World /Game/Ad_Nauseum/Levels/UEDPIE_0_Level_1.Level_1 up for play (max tick rate 0) at 2017.02.21-18.33.51
[2017.02.21-23.33.51:928][410]LogWorld: Bringing up level for play took: 0.008985
[2017.02.21-23.33.51:931][410]LogLoad: Took 0.278030 seconds to LoadMap(/Game/Ad_Nauseum/Levels/Level_1)
[2017.02.21-23.33.58:798][138]LogBlueprintUserMessages: Early EndPlayMap Detection: Level '/Game/Ad_Nauseum/MenuItems/MenuMap.MenuMap:PersistentLevel' has LevelScriptBlueprint '/Game/Ad_Nauseum/MenuItems/MenuMap.MenuMap:PersistentLevel.MenuMap' with GeneratedClass '/Game/Ad_Nauseum/MenuItems/MenuMap.MenuMap_C' with ClassGeneratedBy '/Game/Ad_Nauseum/MenuItems/MenuMap.MenuMap:PersistentLevel.MenuMap'
[2017.02.21-23.33.58:849][138]LogBlueprintUserMessages: Late EndPlayMap Detection: Level '/Game/Ad_Nauseum/MenuItems/MenuMap.MenuMap:PersistentLevel' has LevelScriptBlueprint '/Game/Ad_Nauseum/MenuItems/MenuMap.MenuMap:PersistentLevel.MenuMap' with GeneratedClass '/Game/Ad_Nauseum/MenuItems/MenuMap.MenuMap_C' with ClassGeneratedBy '/Game/Ad_Nauseum/MenuItems/MenuMap.MenuMap:PersistentLevel.MenuMap'
[2017.02.21-23.34.35:894][580]LogRenderer: Reallocating scene render targets to support 1208x684 NumSamples 1 (Frame:4543).
[2017.02.21-23.35.29:830][185]LogAIModule: Creating AISystem for world Level_1
[2017.02.21-23.35.29:852][185]Cmd: MAP LOAD FILE="../../../../../../Users/jrgagnon/Merge Folder/Ad_Nauseum_UE4/Ad_Nauseum/Content/Ad_Nauseum/Levels/Level_1.umap" TEMPLATE=0 SHOWPROGRESS=1 FEATURELEVEL=3
[2017.02.21-23.35.29:852][185]LightingResults: New page: Lighting Build
[2017.02.21-23.35.29:853][185]LoadErrors: New page: Loading map: Level_1.umap
[2017.02.21-23.35.29:853][185]MapCheck: New page: Map Check
[2017.02.21-23.35.29:853][185]LightingResults: New page: Lighting Build
[2017.02.21-23.35.29:923][185]LogEditorServer: Finished looking for orphan Actors (0.000 secs)
[2017.02.21-23.35.29:960][185]Cmd: MAP CHECKDEP NOCLEARLOG
[2017.02.21-23.35.30:008][185]MapCheck: Info Map check complete: 0 Error(s), 0 Warning(s), took 47.487ms to complete.
[2017.02.21-23.35.30:008][185]LogFileHelpers: Loading map 'Level_1' took 0.157
[2017.02.21-23.35.48:656][297]LogTemp: Repeting last play command: New Editor Window (PIE)
[2017.02.21-23.35.48:674][297]LogBlueprintUserMessages: Early PlayInEditor Detection: Level '/Game/Ad_Nauseum/Levels/Level_1.Level_1:PersistentLevel' has LevelScriptBlueprint '/Game/Ad_Nauseum/Levels/Level_1.Level_1:PersistentLevel.Level_1' with GeneratedClass '/Game/Ad_Nauseum/Levels/Level_1.Level_C' with ClassGeneratedBy '/Game/Ad_Nauseum/Levels/Level_1.Level_1:PersistentLevel.Level_1'
[2017.02.21-23.35.48:674][297]LogPlayLevel: PlayLevel: No blueprints needed recompiling
[2017.02.21-23.35.48:674][297]PIE: New page: PIE session: Level_1 (Feb 21, 2017, 1:35:48 PM)
[2017.02.21-23.35.48:674][297]LogPlayLevel: Creating play world package: /Game/Ad_Nauseum/Levels/UEDPIE_0_Level_1
[2017.02.21-23.35.48:678][297]LogPlayLevel: PIE: StaticDuplicateObject took: (0.004230s)
[2017.02.21-23.35.48:679][297]LogAIModule: Creating AISystem for world Level_1
[2017.02.21-23.35.48:679][297]LogPlayLevel: PIE: World Init took: (0.000787s)
[2017.02.21-23.35.48:679][297]LogPlayLevel: PIE: Created PIE world by copying editor world from /Game/Ad_Nauseum/Levels/Level_1.Level_1 to /Game/Ad_Nauseum/Levels/UEDPIE_0_Level_1.Level_1 (0.005251s)
[2017.02.21-23.35.48:703][297]LogInit: XAudio2 using 'Speakers (High Definition Audio Device)' : 2 channels at 44.1 kHz using 16 bits per sample (channel mask 0x3)
[2017.02.21-23.35.48:711][297]LogInit: FAudioDevice initialized.
[2017.02.21-23.35.48:756][297]LogLoad: Game class is 'Ad_Nauseum_GameMode_C'
[2017.02.21-23.35.48:760][297]LogWorld: Bringing World /Game/Ad_Nauseum/Levels/UEDPIE_0_Level_1.Level_1 up for play (max tick rate 0) at 2017.02.21-18.35.48
[2017.02.21-23.35.48:760][297]LogWorld: Bringing up level for play took: 0.003323
[2017.02.21-23.35.48:768][297]PIE: Info Play in editor start time for /Game/Ad_Nauseum/Levels/UEDPIE_0_Level_1 0.48
[2017.02.21-23.35.48:769][297]LogBlueprintUserMessages: Late PlayInEditor Detection: Level '/Game/Ad_Nauseum/Levels/Level_1.Level_1:PersistentLevel' has LevelScriptBlueprint '/Game/Ad_Nauseum/Levels/Level_1.Level_1:PersistentLevel.Level_1' with GeneratedClass '/Game/Ad_Nauseum/Levels/Level_1.Level_C' with ClassGeneratedBy '/Game/Ad_Nauseum/Levels/Level_1.Level_1:PersistentLevel.Level_1'
[2017.02.21-23.35.53:897][830]LogBlueprintUserMessages: Early EndPlayMap Detection: Level '/Game/Ad_Nauseum/Levels/Level_1.Level_1:PersistentLevel' has LevelScriptBlueprint '/Game/Ad_Nauseum/Levels/Level_1.Level_1:PersistentLevel.Level_1' with GeneratedClass '/Game/Ad_Nauseum/Levels/Level_1.Level_C' with ClassGeneratedBy '/Game/Ad_Nauseum/Levels/Level_1.Level_1:PersistentLevel.Level_1'
[2017.02.21-23.35.53:952][830]LogBlueprintUserMessages: Late EndPlayMap Detection: Level '/Game/Ad_Nauseum/Levels/Level_1.Level_1:PersistentLevel' has LevelScriptBlueprint '/Game/Ad_Nauseum/Levels/Level_1.Level_1:PersistentLevel.Level_1' with GeneratedClass '/Game/Ad_Nauseum/Levels/Level_1.Level_C' with ClassGeneratedBy '/Game/Ad_Nauseum/Levels/Level_1.Level_1:PersistentLevel.Level_1'
[2017.02.21-23.35.55:406][  2]LogEditorViewport: Clicking on Actor (LMB): Moving_Platform2_C (Moving_Platform2)
[2017.02.21-23.35.55:979][ 70]Cmd: DELETE
[2017.02.21-23.35.55:980][ 70]Cmd: ACTOR DELETE
[2017.02.21-23.35.55:980][ 70]LogEditorActor: Deleted Actor: Moving_Platform2_C
[2017.02.21-23.35.55:989][ 70]LogEditorActor: Deleted 1 Actors (0.009 secs)
[2017.02.21-23.35.56:694][154]LogEditorViewport: Clicking on Actor (LMB): Breaking_Platform_C (Breaking_Platform)
[2017.02.21-23.35.56:789][164]Cmd: DELETE
[2017.02.21-23.35.56:789][164]Cmd: ACTOR DELETE
[2017.02.21-23.35.56:789][164]LogEditorActor: Deleted Actor: Breaking_Platform_C
[2017.02.21-23.35.56:800][164]LogEditorActor: Deleted 1 Actors (0.011 secs)
[2017.02.21-23.35.57:320][226]LogEditorViewport: Clicking on Actor (LMB): Falling_B_C (Falling_B)
[2017.02.21-23.35.57:372][231]Cmd: DELETE
[2017.02.21-23.35.57:372][231]Cmd: ACTOR DELETE
[2017.02.21-23.35.57:373][231]LogEditorActor: Deleted Actor: Falling_B_C
[2017.02.21-23.35.57:384][231]LogEditorActor: Deleted 1 Actors (0.011 secs)
[2017.02.21-23.35.58:055][311]LogEditorViewport: Clicking on Actor (LMB): Moving_Platform_C (Moving_Platform)
[2017.02.21-23.35.58:134][319]Cmd: DELETE
[2017.02.21-23.35.58:134][319]Cmd: ACTOR DELETE
[2017.02.21-23.35.58:135][319]LogEditorActor: Deleted Actor: Moving_Platform_C
[2017.02.21-23.35.58:145][319]LogEditorActor: Deleted 1 Actors (0.011 secs)
[2017.02.21-23.39.17:068][713]LogLinker:Warning: Can't find file '/Game/Ad_Nauseum/Sprites/Plasma_Pickup_Sprite'
[2017.02.21-23.39.17:068][713]LogLinker:Warning: Can't find file for asset '/Game/Ad_Nauseum/Sprites/Plasma_Pickup_Sprite' while loading ../../../../../../Users/jrgagnon/Merge Folder/Ad_Nauseum_UE4/Ad_Nauseum/Content/Ad_Nauseum/Blueprints/General/PlasmaPickup.uasset.
[2017.02.21-23.39.17:068][713]LoadErrors:Error: Error /Game/Ad_Nauseum/Blueprints/General/PlasmaPickup : Can't find file for asset. /Game/Ad_Nauseum/Sprites/Plasma_Pickup_Sprite
[2017.02.21-23.39.17:069][713]LogLinker:Warning: Can't find file '/Game/Ad_Nauseum/Sprites/Plasma_Pickup_Sprite'
[2017.02.21-23.39.17:069][713]LogLinker:Warning: Can't find file for asset '/Game/Ad_Nauseum/Sprites/Plasma_Pickup_Sprite' while loading ../../../../../../Users/jrgagnon/Merge Folder/Ad_Nauseum_UE4/Ad_Nauseum/Content/Ad_Nauseum/Blueprints/General/PlasmaPickup.uasset.
[2017.02.21-23.39.17:069][713]LogLinker:Warning: Can't find file '/Game/Ad_Nauseum/Sprites/Plasma_Pickup_Sprite'
[2017.02.21-23.39.17:069][713]LogLinker:Warning: Can't find file for asset '/Game/Ad_Nauseum/Sprites/Plasma_Pickup_Sprite' while loading ../../../../../../Users/jrgagnon/Merge Folder/Ad_Nauseum_UE4/Ad_Nauseum/Content/Ad_Nauseum/Blueprints/BasicMobs/MushroomPatrol_Plasma.uasset.
[2017.02.21-23.39.17:069][713]LoadErrors:Error: Error /Game/Ad_Nauseum/Blueprints/BasicMobs/MushroomPatrol_Plasma : Can't find file for asset. /Game/Ad_Nauseum/Sprites/Plasma_Pickup_Sprite
[2017.02.21-23.39.17:070][713]LogLinker:Warning: Can't find file '/Game/Ad_Nauseum/Sprites/Plasma_Pickup_Sprite'
[2017.02.21-23.39.17:070][713]LogLinker:Warning: Can't find file for asset '/Game/Ad_Nauseum/Sprites/Plasma_Pickup_Sprite' while loading ../../../../../../Users/jrgagnon/Merge Folder/Ad_Nauseum_UE4/Ad_Nauseum/Content/Ad_Nauseum/Blueprints/BasicMobs/MushroomPatrol_Plasma.uasset.
[2017.02.21-23.39.17:071][713]LogLinker:Warning: Can't find file '/Game/Ad_Nauseum/Sprites/Plasma_Pickup_Sprite'
[2017.02.21-23.39.17:071][713]LoadErrors: Info Failed to load /Game/Ad_Nauseum/Sprites/Plasma_Pickup_Sprite.Plasma_Pickup_Sprite Referenced by Plasma_Pickup_GEN_VARIABLE
[2017.02.21-23.39.17:071][713]LogLinker:Warning: Can't find file for asset '/Game/Ad_Nauseum/Sprites/Plasma_Pickup_Sprite' while loading ../../../../../../Users/jrgagnon/Merge Folder/Ad_Nauseum_UE4/Ad_Nauseum/Content/Ad_Nauseum/Blueprints/BasicMobs/MushroomPatrol_Plasma.uasset.
[2017.02.21-23.39.17:075][713]LogBlueprint:Error: [Compiler PlasmaPickup] Error Could not find a function named "Update Powerups" in 'Slimey_C'.
Make sure 'Slimey_C' has been compiled for  K2Node_CallFunction_5
[2017.02.21-23.39.17:077][713]LogBlueprint:Warning: [Compiler PlasmaPickup] Warning [0343.49] Compile of PlasmaPickup failed. 1 Fatal Issue(s) 0 Warning(s) [in 3 ms] (/Game/Ad_Nauseum/Blueprints/General/PlasmaPickup.PlasmaPickup)
[2017.02.21-23.39.17:077][713]LogBlueprint:Warning: [Compiler PlasmaPickup] Warning [0343.49] Compile of PlasmaPickup failed. 1 Fatal Issue(s) 1 Warning(s) [in 0 ms] (/Game/Ad_Nauseum/Blueprints/General/PlasmaPickup.PlasmaPickup)
[2017.02.21-23.39.17:077][713]LogBlueprint:Warning: [Compiler PlasmaPickup] Warning [0343.49] Compile of PlasmaPickup failed. 1 Fatal Issue(s) 2 Warning(s) [in 0 ms] (/Game/Ad_Nauseum/Blueprints/General/PlasmaPickup.PlasmaPickup)
[2017.02.21-23.39.17:586][713]LogContentBrowser: Native class hierarchy updated for 'BlueprintGraph' in 0.0010 seconds. Added 111 classes and 0 folders.
[2017.02.21-23.40.03:438][871]LogSavePackage: Save=36.86ms
[2017.02.21-23.40.03:438][871]LogSavePackage: Moving '../../../../../../Users/jrgagnon/Merge Folder/Ad_Nauseum_UE4/Ad_Nauseum/Saved/MushroomPatrol_Plasma61CA8D2C4F106CB3C314EB8759E8FE62.tmp' to '../../../../../../Users/jrgagnon/Merge Folder/Ad_Nauseum_UE4/Ad_Nauseum/Content/Ad_Nauseum/Blueprints/BasicMobs/MushroomPatrol_Plasma.uasset'
[2017.02.21-23.40.03:441][871]LogSavePackage:Display: Finished SavePackage ../../../../../../Users/jrgagnon/Merge Folder/Ad_Nauseum_UE4/Ad_Nauseum/Content/Ad_Nauseum/Blueprints/BasicMobs/MushroomPatrol_Plasma.uasset
[2017.02.21-23.40.22:108][748]LogTexture:Display: Building textures: BadBlueprintSprite (BGRA8)
[2017.02.21-23.40.45:646][261]LogTemp: Repeting last play command: New Editor Window (PIE)
[2017.02.21-23.40.45:677][261]LogBlueprintUserMessages: Early PlayInEditor Detection: Level '/Game/Ad_Nauseum/Levels/Level_1.Level_1:PersistentLevel' has LevelScriptBlueprint '/Game/Ad_Nauseum/Levels/Level_1.Level_1:PersistentLevel.Level_1' with GeneratedClass '/Game/Ad_Nauseum/Levels/Level_1.Level_C' with ClassGeneratedBy '/Game/Ad_Nauseum/Levels/Level_1.Level_1:PersistentLevel.Level_1'
[2017.02.21-23.40.45:677][261]LogPlayLevel: PlayLevel: No blueprints needed recompiling
[2017.02.21-23.42.44:050][707]LogLinker: Can't find file '/Game/Ad_Nauseum/Sprites/BlueBullet_Sprite'
[2017.02.21-23.42.44:050][707]LogLinker: Can't find file for asset '/Game/Ad_Nauseum/Sprites/BlueBullet_Sprite' while loading ../../../../../../Users/jrgagnon/Merge Folder/Ad_Nauseum_UE4/Ad_Nauseum/Content/Ad_Nauseum/Blueprints/Weapons/BlueBullet.uasset.
[2017.02.21-23.42.44:051][707]LogLinker: Can't find file '/Game/Ad_Nauseum/Sprites/BlueBullet_Sprite'
[2017.02.21-23.42.44:051][707]LogLinker: Can't find file for asset '/Game/Ad_Nauseum/Sprites/BlueBullet_Sprite' while loading ../../../../../../Users/jrgagnon/Merge Folder/Ad_Nauseum_UE4/Ad_Nauseum/Content/Ad_Nauseum/Blueprints/Weapons/BlueBullet.uasset.
[2017.02.21-23.42.44:051][707]LogLinker: Can't find file '/Game/Ad_Nauseum/Sprites/BlueBullet_Sprite'
[2017.02.21-23.42.44:051][707]LogLinker: Can't find file for asset '/Game/Ad_Nauseum/Sprites/BlueBullet_Sprite' while loading NULL.
[2017.02.21-23.42.44:051][707]LogLinker: Can't find file '/Game/Ad_Nauseum/Sprites/BlueBullet_Sprite'
[2017.02.21-23.42.44:052][707]LogLinker: Can't find file for asset '/Game/Ad_Nauseum/Sprites/BlueBullet_Sprite' while loading NULL.
[2017.02.21-23.42.44:053][707]LogLinker: Can't find file '/Game/Ad_Nauseum/Sprites/BlueBullet_Sprite'
[2017.02.21-23.42.44:053][707]LogLinker: Can't find file for asset '/Game/Ad_Nauseum/Sprites/BlueBullet_Sprite' while loading NULL.
[2017.02.21-23.44.34:859][217]BlueprintLog: New page: Compile Slimey
[2017.02.21-23.44.34:940][217]LogBlueprint:Error: [Compiler Slimey] Error Spawn node  K2Node_SpawnActorFromClass_16  must have a  Class  specified.
[2017.02.21-23.44.35:134][217]LogBlueprint:Error: [Compiler Slimey] Error Spawn node  K2Node_SpawnActorFromClass_16  must have a  Class  specified.
[2017.02.21-23.44.35:798][217]LogBlueprint:Error: [Compiler Slimey] Error Spawn node  K2Node_SpawnActorFromClass_16  must have a  Class  specified.
[2017.02.21-23.44.36:146][217]BlueprintEditorCompileResults:Error: Error Spawn node  K2Node_SpawnActorFromClass_16  must have a  Class  specified.
[2017.02.21-23.44.36:146][217]LogBlueprint:Warning: [Compiler Slimey] Warning [0662.57] Compile of Slimey failed. 1 Fatal Issue(s) 0 Warning(s) [in 1,286 ms] (/Game/Ad_Nauseum/Blueprints/General/Slimey.Slimey)
[2017.02.21-23.44.50:596][865]BlueprintLog: New page: Compile Slimey
[2017.02.21-23.44.52:214][958]LogSavePackage: Save=111.53ms
[2017.02.21-23.44.52:214][958]LogSavePackage: Moving '../../../../../../Users/jrgagnon/Merge Folder/Ad_Nauseum_UE4/Ad_Nauseum/Saved/Slimey99DF04074F7BD9B501FDC18C5C34A4D2.tmp' to '../../../../../../Users/jrgagnon/Merge Folder/Ad_Nauseum_UE4/Ad_Nauseum/Content/Ad_Nauseum/Blueprints/General/Slimey.uasset'
[2017.02.21-23.44.52:217][958]LogSavePackage:Display: Finished SavePackage ../../../../../../Users/jrgagnon/Merge Folder/Ad_Nauseum_UE4/Ad_Nauseum/Content/Ad_Nauseum/Blueprints/General/Slimey.uasset
[2017.02.21-23.44.58:917][752]LogTemp: Repeting last play command: New Editor Window (PIE)
[2017.02.21-23.44.58:942][752]LogBlueprintUserMessages: Early PlayInEditor Detection: Level '/Game/Ad_Nauseum/Levels/Level_1.Level_1:PersistentLevel' has LevelScriptBlueprint '/Game/Ad_Nauseum/Levels/Level_1.Level_1:PersistentLevel.Level_1' with GeneratedClass '/Game/Ad_Nauseum/Levels/Level_1.Level_C' with ClassGeneratedBy '/Game/Ad_Nauseum/Levels/Level_1.Level_1:PersistentLevel.Level_1'
[2017.02.21-23.44.58:942][752]LogPlayLevel: PlayLevel: No blueprints needed recompiling
[2017.02.21-23.44.58:942][752]PIE: New page: PIE session: Level_1 (Feb 21, 2017, 1:44:58 PM)
[2017.02.21-23.44.58:942][752]LogPlayLevel: Creating play world package: /Game/Ad_Nauseum/Levels/UEDPIE_0_Level_1
[2017.02.21-23.44.58:945][752]LogPlayLevel: PIE: StaticDuplicateObject took: (0.003392s)
[2017.02.21-23.44.58:946][752]LogAIModule: Creating AISystem for world Level_1
[2017.02.21-23.44.58:946][752]LogPlayLevel: PIE: World Init took: (0.000711s)
[2017.02.21-23.44.58:946][752]LogPlayLevel: PIE: Created PIE world by copying editor world from /Game/Ad_Nauseum/Levels/Level_1.Level_1 to /Game/Ad_Nauseum/Levels/UEDPIE_0_Level_1.Level_1 (0.004364s)
[2017.02.21-23.44.58:970][752]LogInit: XAudio2 using 'Speakers (High Definition Audio Device)' : 2 channels at 44.1 kHz using 16 bits per sample (channel mask 0x3)
[2017.02.21-23.44.58:978][752]LogInit: FAudioDevice initialized.
[2017.02.21-23.44.59:026][752]LogLoad: Game class is 'Ad_Nauseum_GameMode_C'
[2017.02.21-23.44.59:029][752]LogWorld: Bringing World /Game/Ad_Nauseum/Levels/UEDPIE_0_Level_1.Level_1 up for play (max tick rate 0) at 2017.02.21-18.44.59
[2017.02.21-23.44.59:030][752]LogWorld: Bringing up level for play took: 0.003165
[2017.02.21-23.44.59:039][752]PIE: Info Play in editor start time for /Game/Ad_Nauseum/Levels/UEDPIE_0_Level_1 0.767
[2017.02.21-23.44.59:039][752]LogBlueprintUserMessages: Late PlayInEditor Detection: Level '/Game/Ad_Nauseum/Levels/Level_1.Level_1:PersistentLevel' has LevelScriptBlueprint '/Game/Ad_Nauseum/Levels/Level_1.Level_1:PersistentLevel.Level_1' with GeneratedClass '/Game/Ad_Nauseum/Levels/Level_1.Level_C' with ClassGeneratedBy '/Game/Ad_Nauseum/Levels/Level_1.Level_1:PersistentLevel.Level_1'
[2017.02.21-23.45.03:209][162]LogBlueprintUserMessages: Early EndPlayMap Detection: Level '/Game/Ad_Nauseum/Levels/Level_1.Level_1:PersistentLevel' has LevelScriptBlueprint '/Game/Ad_Nauseum/Levels/Level_1.Level_1:PersistentLevel.Level_1' with GeneratedClass '/Game/Ad_Nauseum/Levels/Level_1.Level_C' with ClassGeneratedBy '/Game/Ad_Nauseum/Levels/Level_1.Level_1:PersistentLevel.Level_1'
[2017.02.21-23.45.03:260][162]LogBlueprintUserMessages: Late EndPlayMap Detection: Level '/Game/Ad_Nauseum/Levels/Level_1.Level_1:PersistentLevel' has LevelScriptBlueprint '/Game/Ad_Nauseum/Levels/Level_1.Level_1:PersistentLevel.Level_1' with GeneratedClass '/Game/Ad_Nauseum/Levels/Level_1.Level_C' with ClassGeneratedBy '/Game/Ad_Nauseum/Levels/Level_1.Level_1:PersistentLevel.Level_1'
[2017.02.21-23.45.15:437][586]LogTemp: Repeting last play command: New Editor Window (PIE)
[2017.02.21-23.45.15:463][586]LogBlueprintUserMessages: Early PlayInEditor Detection: Level '/Game/Ad_Nauseum/Levels/Level_1.Level_1:PersistentLevel' has LevelScriptBlueprint '/Game/Ad_Nauseum/Levels/Level_1.Level_1:PersistentLevel.Level_1' with GeneratedClass '/Game/Ad_Nauseum/Levels/Level_1.Level_C' with ClassGeneratedBy '/Game/Ad_Nauseum/Levels/Level_1.Level_1:PersistentLevel.Level_1'
[2017.02.21-23.45.15:463][586]LogPlayLevel: PlayLevel: No blueprints needed recompiling
[2017.02.21-23.45.15:463][586]PIE: New page: PIE session: Level_1 (Feb 21, 2017, 1:45:15 PM)
[2017.02.21-23.45.15:463][586]LogPlayLevel: Creating play world package: /Game/Ad_Nauseum/Levels/UEDPIE_0_Level_1
[2017.02.21-23.45.15:466][586]LogPlayLevel: PIE: StaticDuplicateObject took: (0.003393s)
[2017.02.21-23.45.15:467][586]LogAIModule: Creating AISystem for world Level_1
[2017.02.21-23.45.15:467][586]LogPlayLevel: PIE: World Init took: (0.000557s)
[2017.02.21-23.45.15:467][586]LogPlayLevel: PIE: Created PIE world by copying editor world from /Game/Ad_Nauseum/Levels/Level_1.Level_1 to /Game/Ad_Nauseum/Levels/UEDPIE_0_Level_1.Level_1 (0.004168s)
[2017.02.21-23.45.15:491][586]LogInit: XAudio2 using 'Speakers (High Definition Audio Device)' : 2 channels at 44.1 kHz using 16 bits per sample (channel mask 0x3)
[2017.02.21-23.45.15:498][586]LogInit: FAudioDevice initialized.
[2017.02.21-23.45.15:548][586]LogLoad: Game class is 'Ad_Nauseum_GameMode_C'
[2017.02.21-23.45.15:553][586]LogWorld: Bringing World /Game/Ad_Nauseum/Levels/UEDPIE_0_Level_1.Level_1 up for play (max tick rate 0) at 2017.02.21-18.45.15
[2017.02.21-23.45.15:554][586]LogWorld: Bringing up level for play took: 0.003920
[2017.02.21-23.45.15:562][586]PIE: Info Play in editor start time for /Game/Ad_Nauseum/Levels/UEDPIE_0_Level_1 -0.71
[2017.02.21-23.45.15:562][586]LogBlueprintUserMessages: Late PlayInEditor Detection: Level '/Game/Ad_Nauseum/Levels/Level_1.Level_1:PersistentLevel' has LevelScriptBlueprint '/Game/Ad_Nauseum/Levels/Level_1.Level_1:PersistentLevel.Level_1' with GeneratedClass '/Game/Ad_Nauseum/Levels/Level_1.Level_C' with ClassGeneratedBy '/Game/Ad_Nauseum/Levels/Level_1.Level_1:PersistentLevel.Level_1'
[2017.02.21-23.45.26:988][743]LogScript:Warning: FLatentActionManager::ProcessLatentActions: CallbackTarget is None.
[2017.02.21-23.45.32:143][279]LogBlueprintUserMessages: Early EndPlayMap Detection: Level '/Game/Ad_Nauseum/Levels/Level_1.Level_1:PersistentLevel' has LevelScriptBlueprint '/Game/Ad_Nauseum/Levels/Level_1.Level_1:PersistentLevel.Level_1' with GeneratedClass '/Game/Ad_Nauseum/Levels/Level_1.Level_C' with ClassGeneratedBy '/Game/Ad_Nauseum/Levels/Level_1.Level_1:PersistentLevel.Level_1'
[2017.02.21-23.45.32:203][279]LogBlueprintUserMessages: Late EndPlayMap Detection: Level '/Game/Ad_Nauseum/Levels/Level_1.Level_1:PersistentLevel' has LevelScriptBlueprint '/Game/Ad_Nauseum/Levels/Level_1.Level_1:PersistentLevel.Level_1' with GeneratedClass '/Game/Ad_Nauseum/Levels/Level_1.Level_C' with ClassGeneratedBy '/Game/Ad_Nauseum/Levels/Level_1.Level_1:PersistentLevel.Level_1'
[2017.02.21-23.45.53:456][775]LogRenderer: Reallocating scene render targets to support 1208x712 NumSamples 1 (Frame:22550).
[2017.02.21-23.46.45:658][247]LogSavePackage: Save=120.37ms
[2017.02.21-23.46.45:658][247]LogSavePackage: Moving '../../../../../../Users/jrgagnon/Merge Folder/Ad_Nauseum_UE4/Ad_Nauseum/Saved/Level_1_Auto18504AACA48D4528B74B057A6423FA786.tmp' to '../../../../../../Users/jrgagnon/Merge Folder/Ad_Nauseum_UE4/Ad_Nauseum/Saved/Autosaves/Game/Ad_Nauseum/Levels/Level_1_Auto1.umap'
[2017.02.21-23.46.45:660][247]LogSavePackage:Display: Finished SavePackage ../../../../../../Users/jrgagnon/Merge Folder/Ad_Nauseum_UE4/Ad_Nauseum/Saved/Autosaves/Game/Ad_Nauseum/Levels/Level_1_Auto1.umap
[2017.02.21-23.46.45:662][247]LogFileHelpers: Editor autosave (incl. sublevels) for '/Game/Ad_Nauseum/Levels/Level_1' took 0.164
[2017.02.21-23.46.45:662][247]LogFileHelpers: Editor autosave (incl. sublevels) for all levels took 0.164
[2017.02.21-23.48.12:283][937]LogLinker:Warning: Can't find file '/Game/Ad_Nauseum/Textures/Plasma_Pickup'
[2017.02.21-23.48.12:283][937]LogLinker:Warning: Can't find file for asset '/Game/Ad_Nauseum/Textures/Plasma_Pickup' while loading ../../../../../../Users/jrgagnon/Merge Folder/Ad_Nauseum_UE4/Ad_Nauseum/Content/Ad_Nauseum/Sprites/Plasma_Pickup_Sprite.uasset.
[2017.02.21-23.48.12:283][937]LoadErrors:Error: Error /Game/Ad_Nauseum/Sprites/Plasma_Pickup_Sprite : Can't find file for asset. /Game/Ad_Nauseum/Textures/Plasma_Pickup
[2017.02.21-23.48.12:283][937]LogLinker:Warning: Can't find file '/Game/Ad_Nauseum/Textures/Plasma_Pickup'
[2017.02.21-23.48.12:283][937]LogLinker:Warning: Can't find file for asset '/Game/Ad_Nauseum/Textures/Plasma_Pickup' while loading ../../../../../../Users/jrgagnon/Merge Folder/Ad_Nauseum_UE4/Ad_Nauseum/Content/Ad_Nauseum/Sprites/Plasma_Pickup_Sprite.uasset.
[2017.02.21-23.48.12:284][937]LogLinker:Warning: Can't find file '/Game/Ad_Nauseum/Textures/Plasma_Pickup'
[2017.02.21-23.48.12:284][937]LoadErrors: Info Failed to load /Game/Ad_Nauseum/Textures/Plasma_Pickup.Plasma_Pickup Referenced by Plasma_Pickup_Sprite
[2017.02.21-23.48.12:284][937]LogLinker:Warning: Can't find file for asset '/Game/Ad_Nauseum/Textures/Plasma_Pickup' while loading NULL.
[2017.02.21-23.48.44:576][241]LogSavePackage: Save=13.89ms
[2017.02.21-23.48.44:576][241]LogSavePackage: Moving '../../../../../../Users/jrgagnon/Merge Folder/Ad_Nauseum_UE4/Ad_Nauseum/Saved/PlasmaPickup9F771B834C22F5C37B054E81B5F5B0BB.tmp' to '../../../../../../Users/jrgagnon/Merge Folder/Ad_Nauseum_UE4/Ad_Nauseum/Content/Ad_Nauseum/Blueprints/General/PlasmaPickup.uasset'
[2017.02.21-23.48.44:578][241]LogSavePackage:Display: Finished SavePackage ../../../../../../Users/jrgagnon/Merge Folder/Ad_Nauseum_UE4/Ad_Nauseum/Content/Ad_Nauseum/Blueprints/General/PlasmaPickup.uasset
[2017.02.21-23.50.38:237][307]LogSavePackage: Save=111.43ms
[2017.02.21-23.50.38:237][307]LogSavePackage: Moving '../../../../../../Users/jrgagnon/Merge Folder/Ad_Nauseum_UE4/Ad_Nauseum/Saved/Level_169B1CF9E49746A9B53982B9F9B24ABFE.tmp' to '../../../../../../Users/jrgagnon/Merge Folder/Ad_Nauseum_UE4/Ad_Nauseum/Content/Ad_Nauseum/Levels/Level_1.umap'
[2017.02.21-23.50.38:240][307]LogSavePackage:Display: Finished SavePackage ../../../../../../Users/jrgagnon/Merge Folder/Ad_Nauseum_UE4/Ad_Nauseum/Content/Ad_Nauseum/Levels/Level_1.umap
[2017.02.21-23.50.38:277][307]LogFileHelpers: Saving map 'Level_1' took 0.239
[2017.02.21-23.52.05:243][ 45]LogSavePackage: Save=8.57ms
[2017.02.21-23.52.05:243][ 45]LogSavePackage: Moving '../../../../../../Users/jrgagnon/Merge Folder/Ad_Nauseum_UE4/Ad_Nauseum/Saved/Plasma_Pickup_Sprite906C083043ED33F9F29EFEA554C85BA8.tmp' to '../../../../../../Users/jrgagnon/Merge Folder/Ad_Nauseum_UE4/Ad_Nauseum/Content/Ad_Nauseum/Sprites/Plasma_Pickup_Sprite.uasset'
[2017.02.21-23.52.05:245][ 45]LogSavePackage:Display: Finished SavePackage ../../../../../../Users/jrgagnon/Merge Folder/Ad_Nauseum_UE4/Ad_Nauseum/Content/Ad_Nauseum/Sprites/Plasma_Pickup_Sprite.uasset
[2017.02.21-23.52.08:323][363]LogSavePackage: Save=5.64ms
[2017.02.21-23.52.08:323][363]LogSavePackage: Moving '../../../../../../Users/jrgagnon/Merge Folder/Ad_Nauseum_UE4/Ad_Nauseum/Saved/Plasma_Pickup86F2BBE646B96E8B03929CAA593A1A5C.tmp' to '../../../../../../Users/jrgagnon/Merge Folder/Ad_Nauseum_UE4/Ad_Nauseum/Content/Ad_Nauseum/Textures/Plasma_Pickup.uasset'
[2017.02.21-23.52.08:325][363]LogSavePackage:Display: Finished SavePackage ../../../../../../Users/jrgagnon/Merge Folder/Ad_Nauseum_UE4/Ad_Nauseum/Content/Ad_Nauseum/Textures/Plasma_Pickup.uasset
[2017.02.21-23.52.08:337][363]LogSavePackage: Save=6.01ms
[2017.02.21-23.52.08:337][363]LogSavePackage: Moving '../../../../../../Users/jrgagnon/Merge Folder/Ad_Nauseum_UE4/Ad_Nauseum/Saved/Plasma_Pickup_Sprite7F205D04453B7B49205820A9122FB450.tmp' to '../../../../../../Users/jrgagnon/Merge Folder/Ad_Nauseum_UE4/Ad_Nauseum/Content/Ad_Nauseum/Textures/Plasma_Pickup_Sprite.uasset'
[2017.02.21-23.52.08:341][363]LogSavePackage:Display: Finished SavePackage ../../../../../../Users/jrgagnon/Merge Folder/Ad_Nauseum_UE4/Ad_Nauseum/Content/Ad_Nauseum/Textures/Plasma_Pickup_Sprite.uasset
[2017.02.21-23.52.21:867][926]BlueprintLog: New page: Compile PlasmaPickup
[2017.02.21-23.52.25:238][281]LogSavePackage: Save=108.80ms
[2017.02.21-23.52.25:238][281]LogSavePackage: Moving '../../../../../../Users/jrgagnon/Merge Folder/Ad_Nauseum_UE4/Ad_Nauseum/Saved/Level_105B599ED42122D6ABD1179BE3B28A17C.tmp' to '../../../../../../Users/jrgagnon/Merge Folder/Ad_Nauseum_UE4/Ad_Nauseum/Content/Ad_Nauseum/Levels/Level_1.umap'
[2017.02.21-23.52.25:242][281]LogSavePackage:Display: Finished SavePackage ../../../../../../Users/jrgagnon/Merge Folder/Ad_Nauseum_UE4/Ad_Nauseum/Content/Ad_Nauseum/Levels/Level_1.umap
[2017.02.21-23.52.25:281][281]LogFileHelpers: Saving map 'Level_1' took 0.240
[2017.02.21-23.52.25:313][281]LogSavePackage: Save=13.68ms
[2017.02.21-23.52.25:313][281]LogSavePackage: Moving '../../../../../../Users/jrgagnon/Merge Folder/Ad_Nauseum_UE4/Ad_Nauseum/Saved/PlasmaPickupC1900F24482657734AB6A7BEAC1E4FAF.tmp' to '../../../../../../Users/jrgagnon/Merge Folder/Ad_Nauseum_UE4/Ad_Nauseum/Content/Ad_Nauseum/Blueprints/General/PlasmaPickup.uasset'
[2017.02.21-23.52.25:316][281]LogSavePackage:Display: Finished SavePackage ../../../../../../Users/jrgagnon/Merge Folder/Ad_Nauseum_UE4/Ad_Nauseum/Content/Ad_Nauseum/Blueprints/General/PlasmaPickup.uasset
[2017.02.21-23.52.26:662][442]LogTemp: Repeting last play command: New Editor Window (PIE)
[2017.02.21-23.52.26:688][442]LogBlueprintUserMessages: Early PlayInEditor Detection: Level '/Game/Ad_Nauseum/Levels/Level_1.Level_1:PersistentLevel' has LevelScriptBlueprint '/Game/Ad_Nauseum/Levels/Level_1.Level_1:PersistentLevel.Level_1' with GeneratedClass '/Game/Ad_Nauseum/Levels/Level_1.Level_C' with ClassGeneratedBy '/Game/Ad_Nauseum/Levels/Level_1.Level_1:PersistentLevel.Level_1'
[2017.02.21-23.52.26:688][442]LogPlayLevel: PlayLevel: No blueprints needed recompiling
[2017.02.21-23.52.26:688][442]PIE: New page: PIE session: Level_1 (Feb 21, 2017, 1:52:26 PM)
[2017.02.21-23.52.26:689][442]LogPlayLevel: Creating play world package: /Game/Ad_Nauseum/Levels/UEDPIE_0_Level_1
[2017.02.21-23.52.26:692][442]LogPlayLevel: PIE: StaticDuplicateObject took: (0.003238s)
[2017.02.21-23.52.26:692][442]LogAIModule: Creating AISystem for world Level_1
[2017.02.21-23.52.26:692][442]LogPlayLevel: PIE: World Init took: (0.000557s)
[2017.02.21-23.52.26:693][442]LogPlayLevel: PIE: Created PIE world by copying editor world from /Game/Ad_Nauseum/Levels/Level_1.Level_1 to /Game/Ad_Nauseum/Levels/UEDPIE_0_Level_1.Level_1 (0.004185s)
[2017.02.21-23.52.26:715][442]LogInit: XAudio2 using 'Speakers (High Definition Audio Device)' : 2 channels at 44.1 kHz using 16 bits per sample (channel mask 0x3)
[2017.02.21-23.52.26:724][442]LogInit: FAudioDevice initialized.
[2017.02.21-23.52.26:767][442]LogLoad: Game class is 'Ad_Nauseum_GameMode_C'
[2017.02.21-23.52.26:772][442]LogWorld: Bringing World /Game/Ad_Nauseum/Levels/UEDPIE_0_Level_1.Level_1 up for play (max tick rate 0) at 2017.02.21-18.52.26
[2017.02.21-23.52.26:773][442]LogWorld: Bringing up level for play took: 0.003717
[2017.02.21-23.52.26:779][442]PIE: Info Play in editor start time for /Game/Ad_Nauseum/Levels/UEDPIE_0_Level_1 0.522
[2017.02.21-23.52.26:779][442]LogBlueprintUserMessages: Late PlayInEditor Detection: Level '/Game/Ad_Nauseum/Levels/Level_1.Level_1:PersistentLevel' has LevelScriptBlueprint '/Game/Ad_Nauseum/Levels/Level_1.Level_1:PersistentLevel.Level_1' with GeneratedClass '/Game/Ad_Nauseum/Levels/Level_1.Level_C' with ClassGeneratedBy '/Game/Ad_Nauseum/Levels/Level_1.Level_1:PersistentLevel.Level_1'
[2017.02.21-23.52.32:162][ 80]LogScript:Warning: FLatentActionManager::ProcessLatentActions: CallbackTarget is None.
[2017.02.21-23.52.38:172][800]LogScript:Warning: FLatentActionManager::ProcessLatentActions: CallbackTarget is None.
[2017.02.21-23.52.44:187][520]LogScript:Warning: FLatentActionManager::ProcessLatentActions: CallbackTarget is None.
[2017.02.21-23.52.45:298][653]LogBlueprintUserMessages: Early EndPlayMap Detection: Level '/Game/Ad_Nauseum/Levels/Level_1.Level_1:PersistentLevel' has LevelScriptBlueprint '/Game/Ad_Nauseum/Levels/Level_1.Level_1:PersistentLevel.Level_1' with GeneratedClass '/Game/Ad_Nauseum/Levels/Level_1.Level_C' with ClassGeneratedBy '/Game/Ad_Nauseum/Levels/Level_1.Level_1:PersistentLevel.Level_1'
[2017.02.21-23.52.45:357][653]LogBlueprintUserMessages: Late EndPlayMap Detection: Level '/Game/Ad_Nauseum/Levels/Level_1.Level_1:PersistentLevel' has LevelScriptBlueprint '/Game/Ad_Nauseum/Levels/Level_1.Level_1:PersistentLevel.Level_1' with GeneratedClass '/Game/Ad_Nauseum/Levels/Level_1.Level_C' with ClassGeneratedBy '/Game/Ad_Nauseum/Levels/Level_1.Level_1:PersistentLevel.Level_1'
[2017.02.21-23.52.59:346][235]LogLinker:Warning: Can't find file '/Game/Ad_Nauseum/Textures/BlueBullet'
[2017.02.21-23.52.59:346][235]LogLinker:Warning: Can't find file for asset '/Game/Ad_Nauseum/Textures/BlueBullet' while loading ../../../../../../Users/jrgagnon/Merge Folder/Ad_Nauseum_UE4/Ad_Nauseum/Content/Ad_Nauseum/Sprites/BlueBullet_Sprite.uasset.
[2017.02.21-23.52.59:346][235]LoadErrors:Error: Error /Game/Ad_Nauseum/Sprites/BlueBullet_Sprite : Can't find file for asset. /Game/Ad_Nauseum/Textures/BlueBullet
[2017.02.21-23.52.59:346][235]LogLinker:Warning: Can't find file '/Game/Ad_Nauseum/Textures/BlueBullet'
[2017.02.21-23.52.59:346][235]LogLinker:Warning: Can't find file for asset '/Game/Ad_Nauseum/Textures/BlueBullet' while loading ../../../../../../Users/jrgagnon/Merge Folder/Ad_Nauseum_UE4/Ad_Nauseum/Content/Ad_Nauseum/Sprites/BlueBullet_Sprite.uasset.
[2017.02.21-23.52.59:347][235]LogLinker:Warning: Can't find file '/Game/Ad_Nauseum/Textures/BlueBullet'
[2017.02.21-23.52.59:347][235]LoadErrors: Info Failed to load /Game/Ad_Nauseum/Textures/BlueBullet.BlueBullet Referenced by BlueBullet_Sprite
[2017.02.21-23.52.59:347][235]LogLinker:Warning: Can't find file for asset '/Game/Ad_Nauseum/Textures/BlueBullet' while loading NULL.
[2017.02.21-23.53.37:307][853]LogSavePackage: Save=18.51ms
[2017.02.21-23.53.37:307][853]LogSavePackage: Moving '../../../../../../Users/jrgagnon/Merge Folder/Ad_Nauseum_UE4/Ad_Nauseum/Saved/BlueBullet5D90E39546E0474BB14BE38BAE2254B8.tmp' to '../../../../../../Users/jrgagnon/Merge Folder/Ad_Nauseum_UE4/Ad_Nauseum/Content/Ad_Nauseum/Blueprints/Weapons/BlueBullet.uasset'
[2017.02.21-23.53.37:310][853]LogSavePackage:Display: Finished SavePackage ../../../../../../Users/jrgagnon/Merge Folder/Ad_Nauseum_UE4/Ad_Nauseum/Content/Ad_Nauseum/Blueprints/Weapons/BlueBullet.uasset
[2017.02.21-23.53.50:344][686]LogActorComponent: UnregisterComponent: (/Engine/Transient.EditorFloorComp) Not registered. Aborting.
[2017.02.21-23.54.55:083][596]LogSavePackage: Save=8.04ms
[2017.02.21-23.54.55:083][596]LogSavePackage: Moving '../../../../../../Users/jrgagnon/Merge Folder/Ad_Nauseum_UE4/Ad_Nauseum/Saved/BlueBullet_SpriteFAE0403141E8D08A23C2A3B08FB3C406.tmp' to '../../../../../../Users/jrgagnon/Merge Folder/Ad_Nauseum_UE4/Ad_Nauseum/Content/Ad_Nauseum/Sprites/BlueBullet_Sprite.uasset'
[2017.02.21-23.54.55:086][596]LogSavePackage:Display: Finished SavePackage ../../../../../../Users/jrgagnon/Merge Folder/Ad_Nauseum_UE4/Ad_Nauseum/Content/Ad_Nauseum/Sprites/BlueBullet_Sprite.uasset
[2017.02.21-23.54.58:084][902]Cmd: OBJ SAVEPACKAGE PACKAGE="/Game/Ad_Nauseum/Textures/BlueBullet" FILE="../../../../../../Users/jrgagnon/Merge Folder/Ad_Nauseum_UE4/Ad_Nauseum/Content/Ad_Nauseum/Textures/BlueBullet.uasset" SILENT=true
[2017.02.21-23.54.58:104][902]LogSavePackage: Save=5.34ms
[2017.02.21-23.54.58:104][902]LogSavePackage: Moving '../../../../../../Users/jrgagnon/Merge Folder/Ad_Nauseum_UE4/Ad_Nauseum/Saved/BlueBulletA6857D4B47F9F28D8516C4AE8450E5F0.tmp' to '../../../../../../Users/jrgagnon/Merge Folder/Ad_Nauseum_UE4/Ad_Nauseum/Content/Ad_Nauseum/Textures/BlueBullet.uasset'
[2017.02.21-23.54.58:107][902]LogSavePackage:Display: Finished SavePackage ../../../../../../Users/jrgagnon/Merge Folder/Ad_Nauseum_UE4/Ad_Nauseum/Content/Ad_Nauseum/Textures/BlueBullet.uasset
[2017.02.21-23.54.58:115][902]LogSavePackage: Save=3.98ms
[2017.02.21-23.54.58:115][902]LogSavePackage: Moving '../../../../../../Users/jrgagnon/Merge Folder/Ad_Nauseum_UE4/Ad_Nauseum/Saved/BlueBullet_SpriteF1691C034F769FEFF339D39E99445F0F.tmp' to '../../../../../../Users/jrgagnon/Merge Folder/Ad_Nauseum_UE4/Ad_Nauseum/Content/Ad_Nauseum/Textures/BlueBullet_Sprite.uasset'
[2017.02.21-23.54.58:117][902]LogSavePackage:Display: Finished SavePackage ../../../../../../Users/jrgagnon/Merge Folder/Ad_Nauseum_UE4/Ad_Nauseum/Content/Ad_Nauseum/Textures/BlueBullet_Sprite.uasset
[2017.02.21-23.55.10:630][316]LogSavePackage: Save=16.84ms
[2017.02.21-23.55.10:630][316]LogSavePackage: Moving '../../../../../../Users/jrgagnon/Merge Folder/Ad_Nauseum_UE4/Ad_Nauseum/Saved/BlueBulletB2534CDA44D157E8E9294A84969F0CDB.tmp' to '../../../../../../Users/jrgagnon/Merge Folder/Ad_Nauseum_UE4/Ad_Nauseum/Content/Ad_Nauseum/Blueprints/Weapons/BlueBullet.uasset'
[2017.02.21-23.55.10:633][316]LogSavePackage:Display: Finished SavePackage ../../../../../../Users/jrgagnon/Merge Folder/Ad_Nauseum_UE4/Ad_Nauseum/Content/Ad_Nauseum/Blueprints/Weapons/BlueBullet.uasset
[2017.02.21-23.55.14:056][726]LogTemp: Repeting last play command: New Editor Window (PIE)
[2017.02.21-23.55.14:082][726]LogBlueprintUserMessages: Early PlayInEditor Detection: Level '/Game/Ad_Nauseum/Levels/Level_1.Level_1:PersistentLevel' has LevelScriptBlueprint '/Game/Ad_Nauseum/Levels/Level_1.Level_1:PersistentLevel.Level_1' with GeneratedClass '/Game/Ad_Nauseum/Levels/Level_1.Level_C' with ClassGeneratedBy '/Game/Ad_Nauseum/Levels/Level_1.Level_1:PersistentLevel.Level_1'
[2017.02.21-23.55.14:082][726]BlueprintLog: New page: Pre-Play auto-recompile
[2017.02.21-23.55.14:082][726]LogPlayLevel: [PlayLevel] Compiling BlueBullet before play...
[2017.02.21-23.55.14:223][726]LogPlayLevel: PlayLevel: Blueprint regeneration took 140 ms (1 blueprints)
[2017.02.21-23.55.14:223][726]PIE: New page: PIE session: Level_1 (Feb 21, 2017, 1:55:14 PM)
[2017.02.21-23.55.14:223][726]LogPlayLevel: Creating play world package: /Game/Ad_Nauseum/Levels/UEDPIE_0_Level_1
[2017.02.21-23.55.14:227][726]LogPlayLevel: PIE: StaticDuplicateObject took: (0.003486s)
[2017.02.21-23.55.14:227][726]LogAIModule: Creating AISystem for world Level_1
[2017.02.21-23.55.14:227][726]LogPlayLevel: PIE: World Init took: (0.000550s)
[2017.02.21-23.55.14:227][726]LogPlayLevel: PIE: Created PIE world by copying editor world from /Game/Ad_Nauseum/Levels/Level_1.Level_1 to /Game/Ad_Nauseum/Levels/UEDPIE_0_Level_1.Level_1 (0.004237s)
[2017.02.21-23.55.14:250][726]LogInit: XAudio2 using 'Speakers (High Definition Audio Device)' : 2 channels at 44.1 kHz using 16 bits per sample (channel mask 0x3)
[2017.02.21-23.55.14:259][726]LogInit: FAudioDevice initialized.
[2017.02.21-23.55.14:301][726]LogLoad: Game class is 'Ad_Nauseum_GameMode_C'
[2017.02.21-23.55.14:305][726]LogWorld: Bringing World /Game/Ad_Nauseum/Levels/UEDPIE_0_Level_1.Level_1 up for play (max tick rate 0) at 2017.02.21-18.55.14
[2017.02.21-23.55.14:306][726]LogWorld: Bringing up level for play took: 0.003356
[2017.02.21-23.55.14:312][726]PIE: Info Play in editor start time for /Game/Ad_Nauseum/Levels/UEDPIE_0_Level_1 0.06
[2017.02.21-23.55.14:312][726]LogBlueprintUserMessages: Late PlayInEditor Detection: Level '/Game/Ad_Nauseum/Levels/Level_1.Level_1:PersistentLevel' has LevelScriptBlueprint '/Game/Ad_Nauseum/Levels/Level_1.Level_1:PersistentLevel.Level_1' with GeneratedClass '/Game/Ad_Nauseum/Levels/Level_1.Level_C' with ClassGeneratedBy '/Game/Ad_Nauseum/Levels/Level_1.Level_1:PersistentLevel.Level_1'
[2017.02.21-23.55.19:555][337]LogScript:Warning: FLatentActionManager::ProcessLatentActions: CallbackTarget is None.
[2017.02.21-23.55.25:569][ 57]LogScript:Warning: FLatentActionManager::ProcessLatentActions: CallbackTarget is None.
[2017.02.21-23.55.31:594][777]LogScript:Warning: FLatentActionManager::ProcessLatentActions: CallbackTarget is None.
[2017.02.21-23.55.37:602][497]LogScript:Warning: FLatentActionManager::ProcessLatentActions: CallbackTarget is None.
[2017.02.21-23.55.43:608][217]LogScript:Warning: FLatentActionManager::ProcessLatentActions: CallbackTarget is None.
[2017.02.21-23.55.49:618][937]LogScript:Warning: FLatentActionManager::ProcessLatentActions: CallbackTarget is None.
[2017.02.21-23.57.10:626][628]LogBlueprintUserMessages: Early EndPlayMap Detection: Level '/Game/Ad_Nauseum/Levels/Level_1.Level_1:PersistentLevel' has LevelScriptBlueprint '/Game/Ad_Nauseum/Levels/Level_1.Level_1:PersistentLevel.Level_1' with GeneratedClass '/Game/Ad_Nauseum/Levels/Level_1.Level_C' with ClassGeneratedBy '/Game/Ad_Nauseum/Levels/Level_1.Level_1:PersistentLevel.Level_1'
