Log file open, 02/05/17 13:37:10
LogInit:Display: Running engine for game: Ad_Nauseum
LogPlatformFile: Not using cached read wrapper
LogInit:Display: RandInit(-1102895287) SRandInit(-1102895287).
LogTaskGraph: Started task graph with 5 named threads and 8 total threads with 1 sets of task threads.
LogStats: Stats thread started at 0.081633
LogPluginManager: Loaded Plugin Paper2D, From C:/Program Files (x86)/Epic Games/4.14/Engine/Plugins/2D/Paper2D/Paper2D.uplugin
LogPluginManager: Loaded Plugin LightPropagationVolume, From C:/Program Files (x86)/Epic Games/4.14/Engine/Plugins/Blendables/LightPropagationVolume/LightPropagationVolume.uplugin
LogPluginManager: Loaded Plugin BlankPlugin, From C:/Program Files (x86)/Epic Games/4.14/Engine/Plugins/Developer/BlankPlugin/BlankPlugin.uplugin
LogPluginManager: Loaded Plugin CodeLiteSourceCodeAccess, From C:/Program Files (x86)/Epic Games/4.14/Engine/Plugins/Developer/CodeLiteSourceCodeAccess/CodeLiteSourceCodeAccess.uplugin
LogPluginManager: Loaded Plugin GitSourceControl, From C:/Program Files (x86)/Epic Games/4.14/Engine/Plugins/Developer/GitSourceControl/GitSourceControl.uplugin
LogPluginManager: Loaded Plugin KDevelopSourceCodeAccess, From C:/Program Files (x86)/Epic Games/4.14/Engine/Plugins/Developer/KDevelopSourceCodeAccess/KDevelopSourceCodeAccess.uplugin
LogPluginManager: Loaded Plugin NullSourceCodeAccess, From C:/Program Files (x86)/Epic Games/4.14/Engine/Plugins/Developer/NullSourceCodeAccess/NullSourceCodeAccess.uplugin
LogPluginManager: Loaded Plugin OneSkyLocalizationService, From C:/Program Files (x86)/Epic Games/4.14/Engine/Plugins/Developer/OneSkyLocalizationService/OneSkyLocalizationService.uplugin
LogPluginManager: Loaded Plugin PerforceSourceControl, From C:/Program Files (x86)/Epic Games/4.14/Engine/Plugins/Developer/PerforceSourceControl/PerforceSourceControl.uplugin
LogPluginManager: Loaded Plugin SubversionSourceControl, From C:/Program Files (x86)/Epic Games/4.14/Engine/Plugins/Developer/SubversionSourceControl/SubversionSourceControl.uplugin
LogPluginManager: Loaded Plugin UObjectPlugin, From C:/Program Files (x86)/Epic Games/4.14/Engine/Plugins/Developer/UObjectPlugin/UObjectPlugin.uplugin
LogPluginManager: Loaded Plugin VisualStudioSourceCodeAccess, From C:/Program Files (x86)/Epic Games/4.14/Engine/Plugins/Developer/VisualStudioSourceCodeAccess/VisualStudioSourceCodeAccess.uplugin
LogPluginManager: Loaded Plugin XCodeSourceCodeAccess, From C:/Program Files (x86)/Epic Games/4.14/Engine/Plugins/Developer/XCodeSourceCodeAccess/XCodeSourceCodeAccess.uplugin
LogPluginManager: Loaded Plugin AudioCapture, From C:/Program Files (x86)/Epic Games/4.14/Engine/Plugins/Editor/AudioCapture/AudioCapture.uplugin
LogPluginManager: Loaded Plugin EpicSurvey, From C:/Program Files (x86)/Epic Games/4.14/Engine/Plugins/Editor/EpicSurvey/EpicSurvey.uplugin
LogPluginManager: Loaded Plugin MacGraphicsSwitching, From C:/Program Files (x86)/Epic Games/4.14/Engine/Plugins/Editor/MacGraphicsSwitching/MacGraphicsSwitching.uplugin
LogPluginManager: Loaded Plugin MobileLauncherProfileWizard, From C:/Program Files (x86)/Epic Games/4.14/Engine/Plugins/Editor/MobileLauncherProfileWizard/MobileLauncherProfileWizard.uplugin
LogPluginManager: Loaded Plugin PluginBrowser, From C:/Program Files (x86)/Epic Games/4.14/Engine/Plugins/Editor/PluginBrowser/PluginBrowser.uplugin
LogPluginManager: Loaded Plugin SpeedTreeImporter, From C:/Program Files (x86)/Epic Games/4.14/Engine/Plugins/Editor/SpeedTreeImporter/SpeedTreeImporter.uplugin
LogPluginManager: Loaded Plugin SuperSearchEditor, From C:/Program Files (x86)/Epic Games/4.14/Engine/Plugins/Editor/SuperSearchEditor/SuperSearchEditor.uplugin
LogPluginManager: Loaded Plugin AlembicImporter, From C:/Program Files (x86)/Epic Games/4.14/Engine/Plugins/Experimental/AlembicImporter/AlembicImporter.uplugin
LogPluginManager: Loaded Plugin BlueprintStats, From C:/Program Files (x86)/Epic Games/4.14/Engine/Plugins/Experimental/BlueprintStats/BlueprintStats.uplugin
LogPluginManager: Loaded Plugin CharacterAI, From C:/Program Files (x86)/Epic Games/4.14/Engine/Plugins/Experimental/CharacterAI/CharacterAI.uplugin
LogPluginManager: Loaded Plugin CodeEditor, From C:/Program Files (x86)/Epic Games/4.14/Engine/Plugins/Experimental/CodeEditor/CodeEditor.uplugin
LogPluginManager: Loaded Plugin CodeView, From C:/Program Files (x86)/Epic Games/4.14/Engine/Plugins/Experimental/CodeView/CodeView.uplugin
LogPluginManager: Loaded Plugin HTML5Networking, From C:/Program Files (x86)/Epic Games/4.14/Engine/Plugins/Experimental/HTML5Networking/HTML5Networking.uplugin
LogPluginManager: Loaded Plugin OSVR, From C:/Program Files (x86)/Epic Games/4.14/Engine/Plugins/Experimental/OSVR/OSVR.uplugin
LogPluginManager: Loaded Plugin Phya, From C:/Program Files (x86)/Epic Games/4.14/Engine/Plugins/Experimental/Phya/Phya.uplugin
LogPluginManager: Loaded Plugin SignificanceManager, From C:/Program Files (x86)/Epic Games/4.14/Engine/Plugins/Experimental/SignificanceManager/SignificanceManager.uplugin
LogPluginManager: Loaded Plugin SimpleHMD, From C:/Program Files (x86)/Epic Games/4.14/Engine/Plugins/Experimental/SimpleHMD/SimpleHMD.uplugin
LogPluginManager: Loaded Plugin StereoPanorama, From C:/Program Files (x86)/Epic Games/4.14/Engine/Plugins/Experimental/StereoPanorama/StereoPanorama.uplugin
LogPluginManager: Loaded Plugin StructBox, From C:/Program Files (x86)/Epic Games/4.14/Engine/Plugins/Experimental/StructBox/StructBox.uplugin
LogPluginManager: Loaded Plugin AndroidMedia, From C:/Program Files (x86)/Epic Games/4.14/Engine/Plugins/Media/AndroidMedia/AndroidMedia.uplugin
LogPluginManager: Loaded Plugin AvfMedia, From C:/Program Files (x86)/Epic Games/4.14/Engine/Plugins/Media/AvfMedia/AvfMedia.uplugin
LogPluginManager: Loaded Plugin MediaPlayerEditor, From C:/Program Files (x86)/Epic Games/4.14/Engine/Plugins/Media/MediaPlayerEditor/MediaPlayerEditor.uplugin
LogPluginManager: Loaded Plugin WmfMedia, From C:/Program Files (x86)/Epic Games/4.14/Engine/Plugins/Media/WmfMedia/WmfMedia.uplugin
LogPluginManager: Loaded Plugin MessagingDebugger, From C:/Program Files (x86)/Epic Games/4.14/Engine/Plugins/Messaging/MessagingDebugger/MessagingDebugger.uplugin
LogPluginManager: Loaded Plugin TcpMessaging, From C:/Program Files (x86)/Epic Games/4.14/Engine/Plugins/Messaging/TcpMessaging/TcpMessaging.uplugin
LogPluginManager: Loaded Plugin UdpMessaging, From C:/Program Files (x86)/Epic Games/4.14/Engine/Plugins/Messaging/UdpMessaging/UdpMessaging.uplugin
LogPluginManager: Loaded Plugin LevelSequenceEditor, From C:/Program Files (x86)/Epic Games/4.14/Engine/Plugins/MovieScene/LevelSequenceEditor/LevelSequenceEditor.uplugin
LogPluginManager: Loaded Plugin MatineeToLevelSequence, From C:/Program Files (x86)/Epic Games/4.14/Engine/Plugins/MovieScene/MatineeToLevelSequence/MatineeToLevelSequence.uplugin
LogPluginManager: Loaded Plugin NetcodeUnitTest, From C:/Program Files (x86)/Epic Games/4.14/Engine/Plugins/NetcodeUnitTest/NetcodeUnitTest/NetcodeUnitTest.uplugin
LogPluginManager: Loaded Plugin NUTUnrealEngine4, From C:/Program Files (x86)/Epic Games/4.14/Engine/Plugins/NetcodeUnitTest/NUTUnrealEngine4/NUTUnrealEngine4.uplugin
LogPluginManager: Loaded Plugin OnlineSubsystemGameCircle, From C:/Program Files (x86)/Epic Games/4.14/Engine/Plugins/Online/Android/OnlineSubsystemGameCircle/OnlineSubsystemGameCircle.uplugin
LogPluginManager: Loaded Plugin OnlineSubsystemGooglePlay, From C:/Program Files (x86)/Epic Games/4.14/Engine/Plugins/Online/Android/OnlineSubsystemGooglePlay/OnlineSubsystemGooglePlay.uplugin
LogPluginManager: Loaded Plugin OnlineSubsystemIOS, From C:/Program Files (x86)/Epic Games/4.14/Engine/Plugins/Online/IOS/OnlineSubsystemIOS/OnlineSubsystemIOS.uplugin
LogPluginManager: Loaded Plugin OnlineFramework, From C:/Program Files (x86)/Epic Games/4.14/Engine/Plugins/Online/OnlineFramework/OnlineFramework.uplugin
LogPluginManager: Loaded Plugin OnlineSubsystem, From C:/Program Files (x86)/Epic Games/4.14/Engine/Plugins/Online/OnlineSubsystem/OnlineSubsystem.uplugin
LogPluginManager: Loaded Plugin OnlineSubsystemAmazon, From C:/Program Files (x86)/Epic Games/4.14/Engine/Plugins/Online/OnlineSubsystemAmazon/OnlineSubsystemAmazon.uplugin
LogPluginManager: Loaded Plugin OnlineSubsystemFacebook, From C:/Program Files (x86)/Epic Games/4.14/Engine/Plugins/Online/OnlineSubsystemFacebook/OnlineSubsystemFacebook.uplugin
LogPluginManager: Loaded Plugin OnlineSubsystemNull, From C:/Program Files (x86)/Epic Games/4.14/Engine/Plugins/Online/OnlineSubsystemNull/OnlineSubsystemNull.uplugin
LogPluginManager: Loaded Plugin OnlineSubsystemOculus, From C:/Program Files (x86)/Epic Games/4.14/Engine/Plugins/Online/OnlineSubsystemOculus/OnlineSubsystemOculus.uplugin
LogPluginManager: Loaded Plugin OnlineSubsystemSteam, From C:/Program Files (x86)/Epic Games/4.14/Engine/Plugins/Online/OnlineSubsystemSteam/OnlineSubsystemSteam.uplugin
LogPluginManager: Loaded Plugin OnlineSubsystemUtils, From C:/Program Files (x86)/Epic Games/4.14/Engine/Plugins/Online/OnlineSubsystemUtils/OnlineSubsystemUtils.uplugin
LogPluginManager: Loaded Plugin IOSTapJoy, From C:/Program Files (x86)/Epic Games/4.14/Engine/Plugins/Runtime/Advertising/IOSTapJoy/IOSTapJoy.uplugin
LogPluginManager: Loaded Plugin AnalyticsBlueprintLibrary, From C:/Program Files (x86)/Epic Games/4.14/Engine/Plugins/Runtime/Analytics/AnalyticsBlueprintLibrary/AnalyticsBlueprintLibrary.uplugin
LogPluginManager: Loaded Plugin AnalyticsMulticast, From C:/Program Files (x86)/Epic Games/4.14/Engine/Plugins/Runtime/Analytics/AnalyticsMulticast/AnalyticsMulticast.uplugin
LogPluginManager: Loaded Plugin Apsalar, From C:/Program Files (x86)/Epic Games/4.14/Engine/Plugins/Runtime/Analytics/Apsalar/Apsalar.uplugin
LogPluginManager: Loaded Plugin FileLogging, From C:/Program Files (x86)/Epic Games/4.14/Engine/Plugins/Runtime/Analytics/FileLogging/FileLogging.uplugin
LogPluginManager: Loaded Plugin Flurry, From C:/Program Files (x86)/Epic Games/4.14/Engine/Plugins/Runtime/Analytics/Flurry/Flurry.uplugin
LogPluginManager: Loaded Plugin AndroidDeviceProfileSelector, From C:/Program Files (x86)/Epic Games/4.14/Engine/Plugins/Runtime/AndroidDeviceProfileSelector/AndroidDeviceProfileSelector.uplugin
LogPluginManager: Loaded Plugin AndroidMoviePlayer, From C:/Program Files (x86)/Epic Games/4.14/Engine/Plugins/Runtime/AndroidMoviePlayer/AndroidMoviePlayer.uplugin
LogPluginManager: Loaded Plugin AppleMoviePlayer, From C:/Program Files (x86)/Epic Games/4.14/Engine/Plugins/Runtime/AppleMoviePlayer/AppleMoviePlayer.uplugin
LogPluginManager: Loaded Plugin ArchVisCharacter, From C:/Program Files (x86)/Epic Games/4.14/Engine/Plugins/Runtime/ArchVisCharacter/ArchVisCharacter.uplugin
LogPluginManager: Loaded Plugin CableComponent, From C:/Program Files (x86)/Epic Games/4.14/Engine/Plugins/Runtime/CableComponent/CableComponent.uplugin
LogPluginManager: Loaded Plugin CustomMeshComponent, From C:/Program Files (x86)/Epic Games/4.14/Engine/Plugins/Runtime/CustomMeshComponent/CustomMeshComponent.uplugin
LogPluginManager: Loaded Plugin ExampleDeviceProfileSelector, From C:/Program Files (x86)/Epic Games/4.14/Engine/Plugins/Runtime/ExampleDeviceProfileSelector/ExampleDeviceProfileSelector.uplugin
LogPluginManager: Loaded Plugin GearVR, From C:/Program Files (x86)/Epic Games/4.14/Engine/Plugins/Runtime/GearVR/GearVR.uplugin
LogPluginManager: Loaded Plugin GoogleVRController, From C:/Program Files (x86)/Epic Games/4.14/Engine/Plugins/Runtime/GoogleVR/GoogleVRController/GoogleVRController.uplugin
LogPluginManager: Loaded Plugin GoogleVRHMD, From C:/Program Files (x86)/Epic Games/4.14/Engine/Plugins/Runtime/GoogleVR/GoogleVRHMD/GoogleVRHMD.uplugin
LogPluginManager: Loaded Plugin IOSDeviceProfileSelector, From C:/Program Files (x86)/Epic Games/4.14/Engine/Plugins/Runtime/IOSDeviceProfileSelector/IOSDeviceProfileSelector.uplugin
LogPluginManager: Loaded Plugin LeapMotion, From C:/Program Files (x86)/Epic Games/4.14/Engine/Plugins/Runtime/LeapMotion/LeapMotion.uplugin
LogPluginManager: Loaded Plugin LinuxDeviceProfileSelector, From C:/Program Files (x86)/Epic Games/4.14/Engine/Plugins/Runtime/LinuxDeviceProfileSelector/LinuxDeviceProfileSelector.uplugin
LogPluginManager: Loaded Plugin MIDIDevice, From C:/Program Files (x86)/Epic Games/4.14/Engine/Plugins/Runtime/MIDIDevice/MIDIDevice.uplugin
LogPluginManager: Loaded Plugin MobilePatchingUtils, From C:/Program Files (x86)/Epic Games/4.14/Engine/Plugins/Runtime/MobilePatchingUtils/MobilePatchingUtils.uplugin
LogPluginManager: Loaded Plugin Ansel, From C:/Program Files (x86)/Epic Games/4.14/Engine/Plugins/Runtime/Nvidia/Ansel/Ansel.uplugin
LogPluginManager: Loaded Plugin OculusAudio, From C:/Program Files (x86)/Epic Games/4.14/Engine/Plugins/Runtime/OculusAudio/OculusAudio.uplugin
LogPluginManager: Loaded Plugin OculusInput, From C:/Program Files (x86)/Epic Games/4.14/Engine/Plugins/Runtime/OculusInput/OculusInput.uplugin
LogPluginManager: Loaded Plugin OculusLibrary, From C:/Program Files (x86)/Epic Games/4.14/Engine/Plugins/Runtime/OculusLibrary/OculusLibrary.uplugin
LogPluginManager: Loaded Plugin OculusRift, From C:/Program Files (x86)/Epic Games/4.14/Engine/Plugins/Runtime/OculusRift/OculusRift.uplugin
LogPluginManager: Loaded Plugin Oodle, From C:/Program Files (x86)/Epic Games/4.14/Engine/Plugins/Runtime/PacketHandlers/CompressionComponents/Oodle/Oodle.uplugin
LogPluginManager: Loaded Plugin ProceduralMeshComponent, From C:/Program Files (x86)/Epic Games/4.14/Engine/Plugins/Runtime/ProceduralMeshComponent/ProceduralMeshComponent.uplugin
LogPluginManager: Loaded Plugin SoundMod, From C:/Program Files (x86)/Epic Games/4.14/Engine/Plugins/Runtime/SoundMod/SoundMod.uplugin
LogPluginManager: Loaded Plugin SoundVisualizations, From C:/Program Files (x86)/Epic Games/4.14/Engine/Plugins/Runtime/SoundVisualizations/SoundVisualizations.uplugin
LogPluginManager: Loaded Plugin SteamController, From C:/Program Files (x86)/Epic Games/4.14/Engine/Plugins/Runtime/Steam/SteamController/SteamController.uplugin
LogPluginManager: Loaded Plugin SteamVR, From C:/Program Files (x86)/Epic Games/4.14/Engine/Plugins/Runtime/Steam/SteamVR/SteamVR.uplugin
LogPluginManager: Loaded Plugin WebBrowserWidget, From C:/Program Files (x86)/Epic Games/4.14/Engine/Plugins/Runtime/WebBrowserWidget/WebBrowserWidget.uplugin
LogPluginManager: Loaded Plugin WindowsDeviceProfileSelector, From C:/Program Files (x86)/Epic Games/4.14/Engine/Plugins/Runtime/WindowsDeviceProfileSelector/WindowsDeviceProfileSelector.uplugin
LogPluginManager: Loaded Plugin WindowsMoviePlayer, From C:/Program Files (x86)/Epic Games/4.14/Engine/Plugins/Runtime/WindowsMoviePlayer/WindowsMoviePlayer.uplugin
LogPluginManager: Loaded Plugin ScriptPlugin, From C:/Program Files (x86)/Epic Games/4.14/Engine/Plugins/ScriptPlugin/ScriptPlugin.uplugin
LogPluginManager: Loaded Plugin SlateRemote, From C:/Program Files (x86)/Epic Games/4.14/Engine/Plugins/Slate/SlateRemote/SlateRemote.uplugin
LogPluginManager: Loaded Plugin EditorTests, From C:/Program Files (x86)/Epic Games/4.14/Engine/Plugins/Tests/EditorTests/EditorTests.uplugin
LogPluginManager: Loaded Plugin FbxAutomationTestBuilder, From C:/Program Files (x86)/Epic Games/4.14/Engine/Plugins/Tests/FbxAutomationTestBuilder/FbxAutomationTestBuilder.uplugin
LogPluginManager: Loaded Plugin FunctionalTestingEditor, From C:/Program Files (x86)/Epic Games/4.14/Engine/Plugins/Tests/FunctionalTestingEditor/FunctionalTestingEditor.uplugin
LogPluginManager: Loaded Plugin RuntimeTests, From C:/Program Files (x86)/Epic Games/4.14/Engine/Plugins/Tests/RuntimeTests/RuntimeTests.uplugin
LogPluginManager: Loaded Plugin ScreenshotTools, From C:/Program Files (x86)/Epic Games/4.14/Engine/Plugins/Tests/ScreenshotTools/ScreenshotTools.uplugin
LogInit: Using libcurl 7.47.1
LogInit:  - built for x86_64-pc-win32
LogInit:  - supports SSL with OpenSSL/1.0.2g
LogInit:  - supports HTTP deflate (compression) using libz 1.2.8
LogInit:  - other features:
LogInit:      CURL_VERSION_SSL
LogInit:      CURL_VERSION_LIBZ
LogInit:      CURL_VERSION_IPV6
LogInit:      CURL_VERSION_ASYNCHDNS
LogInit:      CURL_VERSION_LARGEFILE
LogInit:      CURL_VERSION_IDN
LogInit:  CurlRequestOptions (configurable via config and command line):
LogInit:  - bVerifyPeer = false  - Libcurl will NOT verify peer certificate
LogInit:  - bUseHttpProxy = false  - Libcurl will NOT use HTTP proxy
LogInit:  - bDontReuseConnections = false  - Libcurl will reuse connections
LogInit:  - CertBundlePath = nullptr  - Libcurl will use whatever was configured at build time.
LogHMD: Can't find Oculus library dev build: is proper Runtime installed? Version: 1.8.0
LogInit: Build: ++UE4+Release-4.14-CL-3249277
LogInit: Engine Version: 4.14.3-3249277+++UE4+Release-4.14
LogInit: Compatible Engine Version: 4.14.0-3195953+++UE4+Release-4.14
LogInit: Net CL: 3195953
LogDevObjectVersion: Number of dev versions registered: 13
LogDevObjectVersion:   Dev-Blueprints (B0D832E4-1F89-4F0D-ACCF-7EB736FD4AA2): 7
LogDevObjectVersion:   Dev-Build (E1C64328-A22C-4D53-A36C-8E866417BD8C): 0
LogDevObjectVersion:   Dev-Core (375EC13C-06E4-48FB-B500-84F0262A717E): 1
LogDevObjectVersion:   Dev-Editor (E4B068ED-F494-42E9-A231-DA0B2E46BB41): 8
LogDevObjectVersion:   Dev-Framework (CFFC743F-43B0-4480-9391-14DF171D2073): 17
LogDevObjectVersion:   Dev-Mobile (B02B49B5-BB20-44E9-A304-32B752E40360): 0
LogDevObjectVersion:   Dev-Networking (A4E4105C-59A1-49B5-A7C5-40C4547EDFEE): 0
LogDevObjectVersion:   Dev-Online (39C831C9-5AE6-47DC-9A44-9C173E1C8E7C): 0
LogDevObjectVersion:   Dev-Physics (78F01B33-EBEA-4F98-B9B4-84EACCB95AA2): 0
LogDevObjectVersion:   Dev-Platform (6631380F-2D4D-43E0-8009-CF276956A95A): 0
LogDevObjectVersion:   Dev-Rendering (12F88B9F-8875-4AFC-A67C-D90C383ABD29): 12
LogDevObjectVersion:   Dev-Sequencer (7B5AE74C-D270-4C10-A958-57980B212A5A): 1
LogDevObjectVersion:   Dev-VR (D7296918-1DD6-4BDD-9DE2-64A83CC13884): 0
LogInit: Compiled (64-bit): Jan  6 2017 10:49:43
LogInit: Compiled with Visual C++: 19.00.23026.00
LogInit: Build Configuration: Development
LogInit: Branch Name: ++UE4+Release-4.14
LogInit: Command line: -EpicPortal 
LogInit: Base directory: C:/Program Files (x86)/Epic Games/4.14/Engine/Binaries/Win64/
LogInit: Installed Engine Build: 1
LogInit: Presizing for max 8388607 objects, including 0 objects not considered by GC, pre-allocating 0 bytes for permanent pool.
LogInit: Object subsystem initialized
[2017.02.05-18.37.10:543][  0]LogInit: Selected Device Profile: [Windows]
[2017.02.05-18.37.10:543][  0]LogInit: Applying CVar settings loaded from the selected device profile: [Windows]
[2017.02.05-18.37.10:559][  0]LogInit: Computer: BATTLEFRONT
[2017.02.05-18.37.10:559][  0]LogInit: User: nlfosdic
[2017.02.05-18.37.10:559][  0]LogInit: CPU Page size=65536, Cores=4
[2017.02.05-18.37.10:559][  0]LogInit: High frequency timer resolution =3.117789 MHz
[2017.02.05-18.37.10:560][  0]LogMemory: Memory total: Physical=15.9GB (16GB approx)
[2017.02.05-18.37.10:560][  0]LogMemory: Platform Memory Stats for Windows
[2017.02.05-18.37.10:560][  0]LogMemory: Process Physical Memory: 264.81 MB used, 264.81 MB peak
[2017.02.05-18.37.10:560][  0]LogMemory: Process Virtual Memory: 262.57 MB used, 262.57 MB peak
[2017.02.05-18.37.10:560][  0]LogMemory: Physical Memory: 3627.34 MB used,  12691.77 MB free, 16319.11 MB total
[2017.02.05-18.37.10:560][  0]LogMemory: Virtual Memory: 675.54 MB used,  12691.77 MB free, 134217728.00 MB total
[2017.02.05-18.37.10:584][  0]LogTextLocalizationManager: No specific translations for ('en-US') exist, so ('en') translations will be used.
[2017.02.05-18.37.11:171][  0]LogD3D11RHI: D3D11 adapters:
[2017.02.05-18.37.11:196][  0]LogD3D11RHI:    0. 'NVIDIA GeForce GTX 970' (Feature Level 11_0)
[2017.02.05-18.37.11:196][  0]LogD3D11RHI:       4058/0/8159 MB DedicatedVideo/DedicatedSystem/SharedSystem, Outputs:2, VendorId:0x10de
[2017.02.05-18.37.11:197][  0]LogD3D11RHI:    1. 'Microsoft Basic Render Driver' (Feature Level 11_0)
[2017.02.05-18.37.11:197][  0]LogD3D11RHI:       0/0/8159 MB DedicatedVideo/DedicatedSystem/SharedSystem, Outputs:0, VendorId:0x1414
[2017.02.05-18.37.11:197][  0]LogD3D11RHI: Chosen D3D11 Adapter: 0
[2017.02.05-18.37.11:201][  0]LogD3D11RHI: Creating new Direct3DDevice
[2017.02.05-18.37.11:201][  0]LogD3D11RHI:     GPU DeviceId: 0x13c2 (for the marketing name, search the web for "GPU Device Id")
[2017.02.05-18.37.11:201][  0]LogWindows: EnumDisplayDevices:
[2017.02.05-18.37.11:201][  0]LogWindows:    0. 'NVIDIA GeForce GTX 970' (P:0 D:1)
[2017.02.05-18.37.11:202][  0]LogWindows:    1. 'NVIDIA GeForce GTX 970' (P:1 D:1)
[2017.02.05-18.37.11:202][  0]LogWindows:    2. 'NVIDIA GeForce GTX 970' (P:0 D:0)
[2017.02.05-18.37.11:202][  0]LogWindows:    3. 'NVIDIA GeForce GTX 970' (P:0 D:0)
[2017.02.05-18.37.11:202][  0]LogWindows: DebugString: FoundDriverCount:4 
[2017.02.05-18.37.11:202][  0]LogD3D11RHI:     Adapter Name: NVIDIA GeForce GTX 970
[2017.02.05-18.37.11:202][  0]LogD3D11RHI:   Driver Version: 369.09 (internal:21.21.13.6909, unified:369.09)
[2017.02.05-18.37.11:202][  0]LogD3D11RHI:      Driver Date: 8-1-2016
[2017.02.05-18.37.11:202][  0]LogRHI: Texture pool is 1361 MB (70% of 1945 MB)
[2017.02.05-18.37.11:212][  0]LogD3D11RHI: Async texture creation enabled
[2017.02.05-18.37.11:222][  0]LogD3D11RHI: GPU Timing Frequency: 1000.000000 (Debug: 2 1)
[2017.02.05-18.37.11:223][  0]LogShaderCompilers: Guid format shader working directory is -9 characters bigger than the processId version (../../../../../../Users/nlfosdic/Ad_Nauseum_UE4/Ad_Nauseum/Intermediate/Shaders/WorkingDirectory/2704/).
[2017.02.05-18.37.11:223][  0]LogShaderCompilers: Cleaned the shader compiler working directory 'C:/Users/nlfosdic/AppData/Local/Temp/UnrealShaderWorkingDir/DABF25D2491CD67DEFA0B289DB92946B/'.
[2017.02.05-18.37.11:223][  0]LogShaderCompilers:Display: Using Local Shader Compiler.
[2017.02.05-18.37.12:252][  0]LogTemp:Display: Loaded TP AllDesktopTargetPlatform
[2017.02.05-18.37.12:306][  0]LogTemp:Display: Loaded TP MacClientTargetPlatform
[2017.02.05-18.37.12:359][  0]LogTemp:Display: Loaded TP MacNoEditorTargetPlatform
[2017.02.05-18.37.12:413][  0]LogTemp:Display: Loaded TP MacServerTargetPlatform
[2017.02.05-18.37.12:482][  0]LogTemp:Display: Loaded TP MacTargetPlatform
[2017.02.05-18.37.12:536][  0]LogTemp:Display: Loaded TP WindowsClientTargetPlatform
[2017.02.05-18.37.12:586][  0]LogTemp:Display: Loaded TP WindowsNoEditorTargetPlatform
[2017.02.05-18.37.12:637][  0]LogTemp:Display: Loaded TP WindowsServerTargetPlatform
[2017.02.05-18.37.12:678][  0]LogTemp:Display: Loaded TP WindowsTargetPlatform
[2017.02.05-18.37.12:727][  0]LogTemp:Display: Loaded TP AndroidTargetPlatform
[2017.02.05-18.37.12:776][  0]LogTemp:Display: Loaded TP Android_ASTCTargetPlatform
[2017.02.05-18.37.12:827][  0]LogTemp:Display: Loaded TP Android_ATCTargetPlatform
[2017.02.05-18.37.12:876][  0]LogTemp:Display: Loaded TP Android_DXTTargetPlatform
[2017.02.05-18.37.12:926][  0]LogTemp:Display: Loaded TP Android_ETC1TargetPlatform
[2017.02.05-18.37.12:975][  0]LogTemp:Display: Loaded TP Android_ETC2TargetPlatform
[2017.02.05-18.37.13:074][  0]LogTemp:Display: Loaded TP Android_MultiTargetPlatform
[2017.02.05-18.37.13:074][  0]LogTemp:Display: Loaded TP Android_PVRTCTargetPlatform
[2017.02.05-18.37.13:108][  0]LogTemp:Display: Loaded TP HTML5TargetPlatform
[2017.02.05-18.37.13:188][  0]LogTemp:Display: Loaded TP IOSTargetPlatform
[2017.02.05-18.37.13:219][  0]LogTemp:Display: Loaded TP TVOSTargetPlatform
[2017.02.05-18.37.13:269][  0]LogTemp:Display: Loaded TP LinuxClientTargetPlatform
[2017.02.05-18.37.13:318][  0]LogTemp:Display: Loaded TP LinuxNoEditorTargetPlatform
[2017.02.05-18.37.13:370][  0]LogTemp:Display: Loaded TP LinuxServerTargetPlatform
[2017.02.05-18.37.13:421][  0]LogTemp:Display: Loaded TP LinuxTargetPlatform
[2017.02.05-18.37.13:421][  0]LogTargetPlatformManager:Display: Building Assets For Windows
[2017.02.05-18.37.13:750][  0]LogDerivedDataCache:Display: Max Cache Size: 512 MB
[2017.02.05-18.37.13:798][  0]LogDerivedDataCache: Loaded boot cache 0.05s 50MB C:/Users/nlfosdic/AppData/Local/UnrealEngine/4.14/DerivedDataCache/Boot.ddc.
[2017.02.05-18.37.13:798][  0]LogDerivedDataCache:Display: Loaded Boot cache: C:/Users/nlfosdic/AppData/Local/UnrealEngine/4.14/DerivedDataCache/Boot.ddc
[2017.02.05-18.37.13:798][  0]LogDerivedDataCache: FDerivedDataBackendGraph:  Pak pak cache file ../../../../../../Users/nlfosdic/Ad_Nauseum_UE4/Ad_Nauseum/DerivedDataCache/DDC.ddp not found, will not use a pak cache.
[2017.02.05-18.37.13:798][  0]LogDerivedDataCache: Unable to find inner node Pak for hierarchical cache Hierarchy.
[2017.02.05-18.37.13:798][  0]LogDerivedDataCache: FDerivedDataBackendGraph:  CompressedPak pak cache file ../../../../../../Users/nlfosdic/Ad_Nauseum_UE4/Ad_Nauseum/DerivedDataCache/Compressed.ddp not found, will not use a pak cache.
[2017.02.05-18.37.13:798][  0]LogDerivedDataCache: Unable to find inner node CompressedPak for hierarchical cache Hierarchy.
[2017.02.05-18.37.13:816][  0]LogDerivedDataCache:Display: Pak cache opened for reading ../../../Engine/DerivedDataCache/Compressed.ddp.
[2017.02.05-18.37.13:828][  0]LogDerivedDataCache: Using Local data cache path C:/Users/nlfosdic/AppData/Local/UnrealEngine/Common/DerivedDataCache: Writable
[2017.02.05-18.37.14:025][  0]LogInit: Selected Device Profile: [Windows]
[2017.02.05-18.37.14:028][  0]LogContentStreaming: Texture pool size is 0.00 MB
[2017.02.05-18.37.14:222][  0]LogMeshUtilities: Using QuadricMeshReduction for automatic static mesh reduction
[2017.02.05-18.37.14:261][  0]LogSimplygon: Simplygon DLL not present - disabling.
[2017.02.05-18.37.14:301][  0]LogMeshUtilities: Using SimplygonSwarm for distributed automatic mesh merging
[2017.02.05-18.37.14:301][  0]LogMeshUtilities: No automatic skeletal mesh reduction module available
[2017.02.05-18.37.14:301][  0]LogMeshUtilities: No automatic mesh merging module available
[2017.02.05-18.37.14:784][  0]LogNetVersion: GetLocalNetworkVersion: CL: 3195953, ProjectName: ad_nauseum, ProjectVersion: , EngineNetworkVersion: 2, GameNetworkVersion: 0, NetworkChecksum: 86724054
[2017.02.05-18.37.14:837][  0]LogAssetRegistry: FAssetRegistry took 0.0221 seconds to start up
[2017.02.05-18.37.14:883][  0]LogPackageLocalizationCache: Processed 3 localized package path(s) for 2 prioritized culture(s) in 0.027097 seconds
[2017.02.05-18.37.14:889][  0]LogUObjectArray: 31946 objects as part of root set at end of initial load.
[2017.02.05-18.37.14:889][  0]LogUObjectAllocator: 6935840 out of 0 bytes used by permanent object pool.
[2017.02.05-18.37.14:889][  0]LogUObjectArray: CloseDisregardForGC: 0/0 objects in disregard for GC pool
[2017.02.05-18.37.14:946][  0]LogInit: WinSock: version 1.1 (2.2), MaxSocks=32767, MaxUdp=65467
[2017.02.05-18.37.15:622][  0]LogSlate: Using Freetype 2.6.0
[2017.02.05-18.37.15:622][  0]LogSlate: SlateFontCache - WITH_FREETYPE: 1, WITH_HARFBUZZ: 1
[2017.02.05-18.37.15:622][  0]LogSlate: SlateFontCache - WITH_FREETYPE: 1, WITH_HARFBUZZ: 1
[2017.02.05-18.37.16:345][  0]LogTcpMessaging: Initializing TcpMessaging bridge
[2017.02.05-18.37.16:379][  0]LogUdpMessaging: Initializing bridge on interface 0.0.0.0:0 to multicast group 230.0.0.1:6666.
[2017.02.05-18.37.16:656][  0]LogMaterial: Uniform references updated for custom material expression Custom.
[2017.02.05-18.37.16:983][  0]SourceControl: Info Source control is disabled
[2017.02.05-18.37.17:020][  0]SourceControl: Info Source control is disabled
[2017.02.05-18.37.17:059][  0]SourceControl: Info Source control is disabled
[2017.02.05-18.37.17:096][  0]SourceControl: Info Source control is disabled
[2017.02.05-18.37.18:140][  0]LogEngine: Initializing Engine...
[2017.02.05-18.37.18:140][  0]LogHMD: Failed to initialize OpenVR with code 110
[2017.02.05-18.37.18:354][  0]LogAIModule: Creating AISystem for world Untitled
[2017.02.05-18.37.18:364][  0]LogInit: XAudio2 using 'Speakers (High Definition Audio Device)' : 2 channels at 44.1 kHz using 16 bits per sample (channel mask 0x3)
[2017.02.05-18.37.18:384][  0]LogInit: FAudioDevice initialized.
[2017.02.05-18.37.18:409][  0]LogDerivedDataCache: Saved boot cache 0.02s 50MB C:/Users/nlfosdic/AppData/Local/UnrealEngine/4.14/DerivedDataCache/Boot.ddc.
[2017.02.05-18.37.18:416][  0]LogInit: Texture streaming: Enabled
[2017.02.05-18.37.18:568][  0]LogInit: Transaction tracking system initialized
[2017.02.05-18.37.18:856][  0]BlueprintLog: New page: Editor Load
[2017.02.05-18.37.19:617][  0]LocalizationService: Info Localization service is disabled
[2017.02.05-18.37.20:181][  0]LogConsoleResponse:Display: 
[2017.02.05-18.37.20:306][  0]LogCook:Display: Max memory allowance for cook 16384mb min free memory 0mb
[2017.02.05-18.37.20:306][  0]LogCook:Display: Mobile HDR setting 1
[2017.02.05-18.37.21:100][  0]LogFileCache: Scanning file cache for directory 'C:/Users/nlfosdic/Ad_Nauseum_UE4/Ad_Nauseum/Content/' took 0.02s
[2017.02.05-18.37.21:100][  0]SourceControl: Info Source control is disabled
[2017.02.05-18.37.21:100][  0]Cmd: MAP LOAD FILE="../../../../../../Users/nlfosdic/Ad_Nauseum_UE4/Ad_Nauseum/Content/Ad_Nauseum/MenuItems/MenuMap.umap" TEMPLATE=0 SHOWPROGRESS=1 FEATURELEVEL=3
[2017.02.05-18.37.21:104][  0]LightingResults: New page: Lighting Build
[2017.02.05-18.37.21:139][  0]MapCheck: New page: Map Check
[2017.02.05-18.37.21:139][  0]LightingResults: New page: Lighting Build
[2017.02.05-18.37.21:212][  0]LogBlueprint:Warning: [Compiler BlueBullet] Warning Can't connect pins  Object  and  OtherActor : This cast has an invalid target type (was the class deleted without a redirect?).
[2017.02.05-18.37.21:212][  0]LogBlueprint:Warning: [Compiler BlueBullet] Warning Can't connect pins  OtherActor  and  Object : This cast has an invalid target type (was the class deleted without a redirect?).
[2017.02.05-18.37.21:213][  0]LogBlueprint:Error: [Compiler BlueBullet] Error Node  K2Node_DynamicCast_3  has an invalid target type, please delete and recreate it
[2017.02.05-18.37.21:213][  0]LogBlueprint:Error: [Compiler BlueBullet] Error Node  K2Node_DynamicCast_3  has an invalid target class
[2017.02.05-18.37.21:215][  0]LogBlueprint:Warning: [Compiler BlueBullet] Warning [0012.08] Compile of BlueBullet failed. 2 Fatal Issue(s) 2 Warning(s) [in 3 ms] (/Game/Ad_Nauseum/Blueprints/Weapons/BlueBullet.BlueBullet)
[2017.02.05-18.37.21:215][  0]LogBlueprint:Warning: [Compiler BlueBullet] Warning [0012.08] Compile of BlueBullet failed. 2 Fatal Issue(s) 3 Warning(s) [in 0 ms] (/Game/Ad_Nauseum/Blueprints/Weapons/BlueBullet.BlueBullet)
[2017.02.05-18.37.21:215][  0]LogBlueprint:Warning: [Compiler BlueBullet] Warning [0012.08] Compile of BlueBullet failed. 2 Fatal Issue(s) 4 Warning(s) [in 0 ms] (/Game/Ad_Nauseum/Blueprints/Weapons/BlueBullet.BlueBullet)
[2017.02.05-18.37.21:728][  0]LogAIModule: Creating AISystem for world MenuMap
[2017.02.05-18.37.21:731][  0]LogEditorServer: Finished looking for orphan Actors (0.000 secs)
[2017.02.05-18.37.21:732][  0]Cmd: MAP CHECKDEP NOCLEARLOG
[2017.02.05-18.37.21:770][  0]MapCheck: Info Map check complete: 0 Error(s), 0 Warning(s), took 37.737ms to complete.
[2017.02.05-18.37.21:770][  0]LogFileHelpers: Loading map 'MenuMap' took 0.670
[2017.02.05-18.37.21:822][  0]LogWindowsTextInputMethodSystem:Display: IME system now deactivated.
[2017.02.05-18.37.21:909][  0]LogCollectionManager: Loaded 0 collections in 0.001590 seconds
[2017.02.05-18.37.21:984][  0]LogFileCache: Scanning file cache for directory 'C:/Users/nlfosdic/Ad_Nauseum_UE4/Ad_Nauseum/Saved/Collections/' took 0.01s
[2017.02.05-18.37.21:984][  0]LogFileCache: Scanning file cache for directory 'C:/Users/nlfosdic/Ad_Nauseum_UE4/Ad_Nauseum/Content/Developers/nlfosdic/Collections/' took 0.01s
[2017.02.05-18.37.21:984][  0]LogFileCache: Scanning file cache for directory 'C:/Users/nlfosdic/Ad_Nauseum_UE4/Ad_Nauseum/Content/Collections/' took 0.01s
[2017.02.05-18.37.21:984][  0]LogCollectionManager: Rebuilt the GUID cache for 0 collections in 0.000002 seconds
[2017.02.05-18.37.21:993][  0]LogContentBrowser: Native class hierarchy populated in 0.0092 seconds. Added 2190 classes and 428 folders.
[2017.02.05-18.37.22:031][  0]LogStats: UGameplayTagsManager::ConstructGameplayTagTree: Construct from data asset -  0.000 s
[2017.02.05-18.37.22:031][  0]LogStats: UGameplayTagsManager::ConstructGameplayTagTree: GameplayTagTreeChangedEvent.Broadcast -  0.000 s
[2017.02.05-18.37.22:032][  0]LogContentBrowser: Native class hierarchy updated for 'GameplayTags' in 0.0008 seconds. Added 13 classes and 0 folders.
[2017.02.05-18.37.22:087][  0]LogContentBrowser: Native class hierarchy updated for 'WidgetCarousel' in 0.0007 seconds. Added 0 classes and 0 folders.
[2017.02.05-18.37.22:335][  0]LogContentBrowser: Native class hierarchy updated for 'AddContentDialog' in 0.0007 seconds. Added 0 classes and 0 folders.
[2017.02.05-18.37.22:374][  0]LogContentBrowser: Native class hierarchy updated for 'SceneOutliner' in 0.0007 seconds. Added 1 classes and 2 folders.
[2017.02.05-18.37.22:454][  0]LogCrashTracker: Crashtracker disabled due to settings.
[2017.02.05-18.37.22:460][  0]LogUObjectGlobals:Warning: Failed to find object 'Class None.'
[2017.02.05-18.37.22:523][  0]LogContentBrowser: Native class hierarchy updated for 'HierarchicalLODOutliner' in 0.0008 seconds. Added 1 classes and 2 folders.
[2017.02.05-18.37.22:523][  0]LogLoad: (Engine Initialization) Total time: 13.39 seconds
[2017.02.05-18.37.22:523][  0]LogLoad: (Engine Initialization) Total Blueprint compile time: 0.20 seconds
[2017.02.05-18.37.22:523][  0]LogExternalProfiler: Found external profiler: VSPerf
[2017.02.05-18.37.22:523][  0]LogExternalProfiler: Using external profiler: VSPerf
[2017.02.05-18.37.22:532][  0]LogOcInput: OculusInput pre-init called
[2017.02.05-18.37.22:533][  0]LogOcInput: Can't find Oculus library dev build: is proper Runtime installed? Version: 1.8.0
[2017.02.05-18.37.22:553][  0]LogContentStreaming: Texture pool size now 1000 MB
[2017.02.05-18.37.22:710][  0]LogRenderer: Reallocating scene render targets to support 1208x576 NumSamples 1 (Frame:2).
[2017.02.05-18.37.22:767][  1]LogAssetRegistry: Asset discovery search completed in 7.9523 seconds
[2017.02.05-18.37.22:768][  1]LogCollectionManager: Rebuilt the object cache for 0 collections in 0.000001 seconds (found 0 objects)
[2017.02.05-18.37.22:768][  1]LogCollectionManager: Fixed up redirectors for 0 collections in 0.000018 seconds (updated 0 objects)
[2017.02.05-18.37.27:309][468]LogContentBrowser: Native class hierarchy updated for 'BlueprintGraph' in 0.0010 seconds. Added 111 classes and 0 folders.
[2017.02.05-18.37.34:181][846]LogTemp: Repeting last play command: New Editor Window (PIE)
[2017.02.05-18.37.34:204][846]LogBlueprintUserMessages: Early PlayInEditor Detection: Level '/Game/Ad_Nauseum/MenuItems/MenuMap.MenuMap:PersistentLevel' has LevelScriptBlueprint '/Game/Ad_Nauseum/MenuItems/MenuMap.MenuMap:PersistentLevel.MenuMap' with GeneratedClass '/Game/Ad_Nauseum/MenuItems/MenuMap.MenuMap_C' with ClassGeneratedBy '/Game/Ad_Nauseum/MenuItems/MenuMap.MenuMap:PersistentLevel.MenuMap'
[2017.02.05-18.37.34:204][846]LogPlayLevel: PlayLevel: No blueprints needed recompiling
[2017.02.05-18.38.56:303][399]LogSavePackage: Save=22.18ms
[2017.02.05-18.38.56:303][399]LogSavePackage: Moving '../../../../../../Users/nlfosdic/Ad_Nauseum_UE4/Ad_Nauseum/Saved/Falling_BE63165DC4EC0F878AD01779DC9B60ABA.tmp' to '../../../../../../Users/nlfosdic/Ad_Nauseum_UE4/Ad_Nauseum/Content/Ad_Nauseum/Blueprints/Traps/Falling_B.uasset'
[2017.02.05-18.38.56:308][399]LogSavePackage:Display: Finished SavePackage ../../../../../../Users/nlfosdic/Ad_Nauseum_UE4/Ad_Nauseum/Content/Ad_Nauseum/Blueprints/Traps/Falling_B.uasset
[2017.02.05-18.38.57:069][490]LogTemp: Repeting last play command: New Editor Window (PIE)
[2017.02.05-18.38.57:090][490]LogBlueprintUserMessages: Early PlayInEditor Detection: Level '/Game/Ad_Nauseum/MenuItems/MenuMap.MenuMap:PersistentLevel' has LevelScriptBlueprint '/Game/Ad_Nauseum/MenuItems/MenuMap.MenuMap:PersistentLevel.MenuMap' with GeneratedClass '/Game/Ad_Nauseum/MenuItems/MenuMap.MenuMap_C' with ClassGeneratedBy '/Game/Ad_Nauseum/MenuItems/MenuMap.MenuMap:PersistentLevel.MenuMap'
[2017.02.05-18.38.57:090][490]BlueprintLog: New page: Pre-Play auto-recompile
[2017.02.05-18.38.57:090][490]LogPlayLevel: [PlayLevel] Compiling Falling_B before play...
[2017.02.05-18.38.57:204][490]LogPlayLevel: PlayLevel: Blueprint regeneration took 113 ms (1 blueprints)
[2017.02.05-18.40.00:978][406]LogTemp: Repeting last play command: New Editor Window (PIE)
[2017.02.05-18.40.01:001][406]LogBlueprintUserMessages: Early PlayInEditor Detection: Level '/Game/Ad_Nauseum/MenuItems/MenuMap.MenuMap:PersistentLevel' has LevelScriptBlueprint '/Game/Ad_Nauseum/MenuItems/MenuMap.MenuMap:PersistentLevel.MenuMap' with GeneratedClass '/Game/Ad_Nauseum/MenuItems/MenuMap.MenuMap_C' with ClassGeneratedBy '/Game/Ad_Nauseum/MenuItems/MenuMap.MenuMap:PersistentLevel.MenuMap'
[2017.02.05-18.40.01:001][406]BlueprintLog: New page: Pre-Play auto-recompile
[2017.02.05-18.40.01:001][406]LogPlayLevel: [PlayLevel] Compiling BlueBullet before play...
[2017.02.05-18.40.01:099][406]LogPlayLevel: PlayLevel: Blueprint regeneration took 97 ms (1 blueprints)
[2017.02.05-18.40.01:100][406]PIE: New page: PIE session: MenuMap (Feb 5, 2017, 8:40:01 AM)
[2017.02.05-18.40.01:100][406]LogPlayLevel: Creating play world package: /Game/Ad_Nauseum/MenuItems/UEDPIE_0_MenuMap
[2017.02.05-18.40.01:101][406]LogPlayLevel: PIE: StaticDuplicateObject took: (0.001422s)
[2017.02.05-18.40.01:102][406]LogAIModule: Creating AISystem for world MenuMap
[2017.02.05-18.40.01:102][406]LogPlayLevel: PIE: World Init took: (0.000717s)
[2017.02.05-18.40.01:102][406]LogPlayLevel: PIE: Created PIE world by copying editor world from /Game/Ad_Nauseum/MenuItems/MenuMap.MenuMap to /Game/Ad_Nauseum/MenuItems/UEDPIE_0_MenuMap.MenuMap (0.002344s)
[2017.02.05-18.40.01:123][406]LogInit: XAudio2 using 'Speakers (High Definition Audio Device)' : 2 channels at 44.1 kHz using 16 bits per sample (channel mask 0x3)
[2017.02.05-18.40.01:131][406]LogInit: FAudioDevice initialized.
[2017.02.05-18.40.01:192][406]LogLinker:Warning: Can't find file '/Game/Ad_Nauseum/Blueprints/Map_GM'
[2017.02.05-18.40.01:193][406]LogLinker:Warning: Can't find file '/Game/Ad_Nauseum/Blueprints/Map_GM'
[2017.02.05-18.40.01:193][406]LogUObjectGlobals:Warning: Failed to find object 'Class /Game/Ad_Nauseum/Blueprints/Map_GM.Map_GM_C'
[2017.02.05-18.40.01:193][406]LogLoad: Game class is 'GameModeBase'
[2017.02.05-18.40.01:196][406]LogWorld: Bringing World /Game/Ad_Nauseum/MenuItems/UEDPIE_0_MenuMap.MenuMap up for play (max tick rate 0) at 2017.02.05-13.40.01
[2017.02.05-18.40.01:196][406]LogWorld: Bringing up level for play took: 0.001609
[2017.02.05-18.40.01:197][406]LogGameMode: Warning - PATHS NOT DEFINED or NO PLAYERSTART with positive rating
[2017.02.05-18.40.01:236][406]LogContentBrowser: Native class hierarchy updated for 'MovieSceneCapture' in 0.0007 seconds. Added 11 classes and 0 folders.
[2017.02.05-18.40.01:243][406]PIE: Info Play in editor start time for /Game/Ad_Nauseum/MenuItems/UEDPIE_0_MenuMap 0.254
[2017.02.05-18.40.01:244][406]LogBlueprintUserMessages: Late PlayInEditor Detection: Level '/Game/Ad_Nauseum/MenuItems/MenuMap.MenuMap:PersistentLevel' has LevelScriptBlueprint '/Game/Ad_Nauseum/MenuItems/MenuMap.MenuMap:PersistentLevel.MenuMap' with GeneratedClass '/Game/Ad_Nauseum/MenuItems/MenuMap.MenuMap_C' with ClassGeneratedBy '/Game/Ad_Nauseum/MenuItems/MenuMap.MenuMap:PersistentLevel.MenuMap'
[2017.02.05-18.40.01:246][406]LogRenderer: Reallocating scene render targets to support 1208x684 NumSamples 1 (Frame:2720).
[2017.02.05-18.40.01:246][406]LogAudio:Warning: Detected orphaned looping sound 'HGD_Song_Demo_1'.
[2017.02.05-18.40.02:027][493]LogNet: Browse: /Game/Ad_Nauseum/Levels/Level_1
[2017.02.05-18.40.02:027][493]LogLoad: LoadMap: /Game/Ad_Nauseum/Levels/Level_1
[2017.02.05-18.40.02:046][493]Cmd: MEM
[2017.02.05-18.40.02:061][493]LogMemory: Platform Memory Stats for Windows
[2017.02.05-18.40.02:061][493]LogMemory: Process Physical Memory: 1241.07 MB used, 1241.07 MB peak
[2017.02.05-18.40.02:061][493]LogMemory: Process Virtual Memory: 1701.16 MB used, 1701.16 MB peak
[2017.02.05-18.40.02:061][493]LogMemory: Physical Memory: 3895.92 MB used,  12423.20 MB free, 16319.11 MB total
[2017.02.05-18.40.02:061][493]LogMemory: Virtual Memory: 2451.25 MB used,  12423.20 MB free, 134217728.00 MB total
[2017.02.05-18.40.02:061][493]LogMemory: 
[2017.02.05-18.40.02:061][493]Allocator Stats for TBB: (not implemented)
[2017.02.05-18.40.02:557][493]LogAIModule: Creating AISystem for world Level_1
[2017.02.05-18.40.02:557][493]LogLoad: Game class is 'Ad_Nauseum_GameMode_C'
[2017.02.05-18.40.02:568][493]LogWorld: Bringing World /Game/Ad_Nauseum/Levels/UEDPIE_0_Level_1.Level_1 up for play (max tick rate 0) at 2017.02.05-13.40.02
[2017.02.05-18.40.02:569][493]LogWorld: Bringing up level for play took: 0.010495
[2017.02.05-18.40.02:572][493]LogLoad: Took 0.545014 seconds to LoadMap(/Game/Ad_Nauseum/Levels/Level_1)
[2017.02.05-18.40.07:677][105]LogScript:Warning: FLatentActionManager::ProcessLatentActions: CallbackTarget is None.
[2017.02.05-18.40.13:677][825]LogScript:Warning: FLatentActionManager::ProcessLatentActions: CallbackTarget is None.
[2017.02.05-18.40.38:538][808]LogBlueprintUserMessages: Early EndPlayMap Detection: Level '/Game/Ad_Nauseum/MenuItems/MenuMap.MenuMap:PersistentLevel' has LevelScriptBlueprint '/Game/Ad_Nauseum/MenuItems/MenuMap.MenuMap:PersistentLevel.MenuMap' with GeneratedClass '/Game/Ad_Nauseum/MenuItems/MenuMap.MenuMap_C' with ClassGeneratedBy '/Game/Ad_Nauseum/MenuItems/MenuMap.MenuMap:PersistentLevel.MenuMap'
[2017.02.05-18.40.38:587][808]LogBlueprintUserMessages: Late EndPlayMap Detection: Level '/Game/Ad_Nauseum/MenuItems/MenuMap.MenuMap:PersistentLevel' has LevelScriptBlueprint '/Game/Ad_Nauseum/MenuItems/MenuMap.MenuMap:PersistentLevel.MenuMap' with GeneratedClass '/Game/Ad_Nauseum/MenuItems/MenuMap.MenuMap_C' with ClassGeneratedBy '/Game/Ad_Nauseum/MenuItems/MenuMap.MenuMap:PersistentLevel.MenuMap'
[2017.02.05-18.40.51:559][340]LogAIModule: Creating AISystem for world Level_1
[2017.02.05-18.40.53:851][340]LogSavePackage: Save=15.27ms
[2017.02.05-18.40.53:851][340]LogSavePackage: Moving '../../../../../../Users/nlfosdic/Ad_Nauseum_UE4/Ad_Nauseum/Saved/BlueBulletF68573044001258C74CF4A93D9698C7C.tmp' to '../../../../../../Users/nlfosdic/Ad_Nauseum_UE4/Ad_Nauseum/Content/Ad_Nauseum/Blueprints/Weapons/BlueBullet.uasset'
[2017.02.05-18.40.53:854][340]LogSavePackage:Display: Finished SavePackage ../../../../../../Users/nlfosdic/Ad_Nauseum_UE4/Ad_Nauseum/Content/Ad_Nauseum/Blueprints/Weapons/BlueBullet.uasset
[2017.02.05-18.40.53:855][340]Cmd: MAP LOAD FILE="../../../../../../Users/nlfosdic/Ad_Nauseum_UE4/Ad_Nauseum/Content/Ad_Nauseum/Levels/Level_1.umap" TEMPLATE=0 SHOWPROGRESS=1 FEATURELEVEL=3
[2017.02.05-18.40.53:855][340]LightingResults: New page: Lighting Build
[2017.02.05-18.40.53:856][340]LoadErrors: New page: Loading map: Level_1.umap
[2017.02.05-18.40.53:856][340]MapCheck: New page: Map Check
[2017.02.05-18.40.53:856][340]LightingResults: New page: Lighting Build
[2017.02.05-18.40.53:949][340]LogEditorServer: Finished looking for orphan Actors (0.000 secs)
[2017.02.05-18.40.53:979][340]Cmd: MAP CHECKDEP NOCLEARLOG
[2017.02.05-18.40.54:028][340]MapCheck: Info Map check complete: 0 Error(s), 0 Warning(s), took 48.836ms to complete.
[2017.02.05-18.40.54:029][340]LogFileHelpers: Loading map 'Level_1' took 0.175
[2017.02.05-18.41.23:953][873]LogEditorViewport: Clicking Background
[2017.02.05-18.41.33:592][  7]LogEditorViewport: Clicking on Actor (LMB): Breaking_Platform_C (Breaking_Platform)
[2017.02.05-18.41.35:675][255]LogEditorViewport: Clicking Background
[2017.02.05-18.41.37:219][438]LogTemp: Repeting last play command: New Editor Window (PIE)
[2017.02.05-18.41.37:248][438]LogBlueprintUserMessages: Early PlayInEditor Detection: Level '/Game/Ad_Nauseum/Levels/Level_1.Level_1:PersistentLevel' has LevelScriptBlueprint '/Game/Ad_Nauseum/Levels/Level_1.Level_1:PersistentLevel.Level_1' with GeneratedClass '/Game/Ad_Nauseum/Levels/Level_1.Level_C' with ClassGeneratedBy '/Game/Ad_Nauseum/Levels/Level_1.Level_1:PersistentLevel.Level_1'
[2017.02.05-18.41.37:248][438]LogPlayLevel: PlayLevel: No blueprints needed recompiling
[2017.02.05-18.41.37:248][438]PIE: New page: PIE session: Level_1 (Feb 5, 2017, 8:41:37 AM)
[2017.02.05-18.41.37:248][438]LogPlayLevel: Creating play world package: /Game/Ad_Nauseum/Levels/UEDPIE_0_Level_1
[2017.02.05-18.41.37:251][438]LogPlayLevel: PIE: StaticDuplicateObject took: (0.003342s)
[2017.02.05-18.41.37:252][438]LogAIModule: Creating AISystem for world Level_1
[2017.02.05-18.41.37:252][438]LogPlayLevel: PIE: World Init took: (0.000497s)
[2017.02.05-18.41.37:252][438]LogPlayLevel: PIE: Created PIE world by copying editor world from /Game/Ad_Nauseum/Levels/Level_1.Level_1 to /Game/Ad_Nauseum/Levels/UEDPIE_0_Level_1.Level_1 (0.004101s)
[2017.02.05-18.41.37:278][438]LogInit: XAudio2 using 'Speakers (High Definition Audio Device)' : 2 channels at 44.1 kHz using 16 bits per sample (channel mask 0x3)
[2017.02.05-18.41.37:285][438]LogInit: FAudioDevice initialized.
[2017.02.05-18.41.37:334][438]LogLoad: Game class is 'Ad_Nauseum_GameMode_C'
[2017.02.05-18.41.37:339][438]LogWorld: Bringing World /Game/Ad_Nauseum/Levels/UEDPIE_0_Level_1.Level_1 up for play (max tick rate 0) at 2017.02.05-13.41.37
[2017.02.05-18.41.37:339][438]LogWorld: Bringing up level for play took: 0.003329
[2017.02.05-18.41.37:347][438]PIE: Info Play in editor start time for /Game/Ad_Nauseum/Levels/UEDPIE_0_Level_1 0.358
[2017.02.05-18.41.37:347][438]LogBlueprintUserMessages: Late PlayInEditor Detection: Level '/Game/Ad_Nauseum/Levels/Level_1.Level_1:PersistentLevel' has LevelScriptBlueprint '/Game/Ad_Nauseum/Levels/Level_1.Level_1:PersistentLevel.Level_1' with GeneratedClass '/Game/Ad_Nauseum/Levels/Level_1.Level_C' with ClassGeneratedBy '/Game/Ad_Nauseum/Levels/Level_1.Level_1:PersistentLevel.Level_1'
[2017.02.05-18.41.42:725][ 13]LogScript:Warning: FLatentActionManager::ProcessLatentActions: CallbackTarget is None.
[2017.02.05-18.41.47:748][563]LogScript:Warning: FLatentActionManager::ProcessLatentActions: CallbackTarget is None.
[2017.02.05-18.41.47:775][566]LogBlueprintUserMessages: Early EndPlayMap Detection: Level '/Game/Ad_Nauseum/Levels/Level_1.Level_1:PersistentLevel' has LevelScriptBlueprint '/Game/Ad_Nauseum/Levels/Level_1.Level_1:PersistentLevel.Level_1' with GeneratedClass '/Game/Ad_Nauseum/Levels/Level_1.Level_C' with ClassGeneratedBy '/Game/Ad_Nauseum/Levels/Level_1.Level_1:PersistentLevel.Level_1'
[2017.02.05-18.41.47:826][566]LogBlueprintUserMessages: Late EndPlayMap Detection: Level '/Game/Ad_Nauseum/Levels/Level_1.Level_1:PersistentLevel' has LevelScriptBlueprint '/Game/Ad_Nauseum/Levels/Level_1.Level_1:PersistentLevel.Level_1' with GeneratedClass '/Game/Ad_Nauseum/Levels/Level_1.Level_C' with ClassGeneratedBy '/Game/Ad_Nauseum/Levels/Level_1.Level_1:PersistentLevel.Level_1'
[2017.02.05-18.41.49:122][718]LogEditorViewport: Clicking on Actor (LMB): Breaking_Platform_C (Breaking_Platform2)
[2017.02.05-18.41.50:379][867]Cmd: DELETE
[2017.02.05-18.41.50:379][867]Cmd: ACTOR DELETE
[2017.02.05-18.41.50:380][867]LogEditorActor: Deleted Actor: Breaking_Platform_C
[2017.02.05-18.41.50:396][867]LogEditorActor: Deleted 1 Actors (0.016 secs)
[2017.02.05-18.41.50:759][910]LogEditorViewport: Clicking on Actor (LMB): Breaking_Platform_C (Breaking_Platform)
[2017.02.05-18.41.50:987][936]Cmd: DELETE
[2017.02.05-18.41.50:987][936]Cmd: ACTOR DELETE
[2017.02.05-18.41.50:987][936]LogEditorActor: Deleted Actor: Breaking_Platform_C
[2017.02.05-18.41.51:003][936]LogEditorActor: Deleted 1 Actors (0.016 secs)
[2017.02.05-18.42.07:958][955]LogSavePackage: Save=19.28ms
[2017.02.05-18.42.07:958][955]LogSavePackage: Moving '../../../../../../Users/nlfosdic/Ad_Nauseum_UE4/Ad_Nauseum/Saved/Falling_B11D529EB4F5843F9F68D22927AD180C1.tmp' to '../../../../../../Users/nlfosdic/Ad_Nauseum_UE4/Ad_Nauseum/Content/Ad_Nauseum/Blueprints/Traps/Falling_B.uasset'
[2017.02.05-18.42.07:960][955]LogSavePackage:Display: Finished SavePackage ../../../../../../Users/nlfosdic/Ad_Nauseum_UE4/Ad_Nauseum/Content/Ad_Nauseum/Blueprints/Traps/Falling_B.uasset
[2017.02.05-18.42.11:317][350]LogTemp: Repeting last play command: New Editor Window (PIE)
[2017.02.05-18.42.11:338][350]LogBlueprintUserMessages: Early PlayInEditor Detection: Level '/Game/Ad_Nauseum/Levels/Level_1.Level_1:PersistentLevel' has LevelScriptBlueprint '/Game/Ad_Nauseum/Levels/Level_1.Level_1:PersistentLevel.Level_1' with GeneratedClass '/Game/Ad_Nauseum/Levels/Level_1.Level_C' with ClassGeneratedBy '/Game/Ad_Nauseum/Levels/Level_1.Level_1:PersistentLevel.Level_1'
[2017.02.05-18.42.11:338][350]BlueprintLog: New page: Pre-Play auto-recompile
[2017.02.05-18.42.11:338][350]LogPlayLevel: [PlayLevel] Compiling Falling_B before play...
[2017.02.05-18.42.11:434][350]LogPlayLevel: PlayLevel: Blueprint regeneration took 96 ms (1 blueprints)
[2017.02.05-18.42.11:434][350]PIE: New page: PIE session: Level_1 (Feb 5, 2017, 8:42:11 AM)
[2017.02.05-18.42.11:434][350]LogPlayLevel: Creating play world package: /Game/Ad_Nauseum/Levels/UEDPIE_0_Level_1
[2017.02.05-18.42.11:437][350]LogPlayLevel: PIE: StaticDuplicateObject took: (0.003098s)
[2017.02.05-18.42.11:438][350]LogAIModule: Creating AISystem for world Level_1
[2017.02.05-18.42.11:438][350]LogPlayLevel: PIE: World Init took: (0.000499s)
[2017.02.05-18.42.11:438][350]LogPlayLevel: PIE: Created PIE world by copying editor world from /Game/Ad_Nauseum/Levels/Level_1.Level_1 to /Game/Ad_Nauseum/Levels/UEDPIE_0_Level_1.Level_1 (0.003809s)
[2017.02.05-18.42.11:460][350]LogInit: XAudio2 using 'Speakers (High Definition Audio Device)' : 2 channels at 44.1 kHz using 16 bits per sample (channel mask 0x3)
[2017.02.05-18.42.11:467][350]LogInit: FAudioDevice initialized.
[2017.02.05-18.42.11:511][350]LogLoad: Game class is 'Ad_Nauseum_GameMode_C'
[2017.02.05-18.42.11:515][350]LogWorld: Bringing World /Game/Ad_Nauseum/Levels/UEDPIE_0_Level_1.Level_1 up for play (max tick rate 0) at 2017.02.05-13.42.11
[2017.02.05-18.42.11:515][350]LogWorld: Bringing up level for play took: 0.003332
[2017.02.05-18.42.11:523][350]PIE: Info Play in editor start time for /Game/Ad_Nauseum/Levels/UEDPIE_0_Level_1 0.535
[2017.02.05-18.42.11:523][350]LogBlueprintUserMessages: Late PlayInEditor Detection: Level '/Game/Ad_Nauseum/Levels/Level_1.Level_1:PersistentLevel' has LevelScriptBlueprint '/Game/Ad_Nauseum/Levels/Level_1.Level_1:PersistentLevel.Level_1' with GeneratedClass '/Game/Ad_Nauseum/Levels/Level_1.Level_C' with ClassGeneratedBy '/Game/Ad_Nauseum/Levels/Level_1.Level_1:PersistentLevel.Level_1'
[2017.02.05-18.42.12:564][452]LogBlueprintUserMessages: Early EndPlayMap Detection: Level '/Game/Ad_Nauseum/Levels/Level_1.Level_1:PersistentLevel' has LevelScriptBlueprint '/Game/Ad_Nauseum/Levels/Level_1.Level_1:PersistentLevel.Level_1' with GeneratedClass '/Game/Ad_Nauseum/Levels/Level_1.Level_C' with ClassGeneratedBy '/Game/Ad_Nauseum/Levels/Level_1.Level_1:PersistentLevel.Level_1'
[2017.02.05-18.42.12:611][452]LogBlueprintUserMessages: Late EndPlayMap Detection: Level '/Game/Ad_Nauseum/Levels/Level_1.Level_1:PersistentLevel' has LevelScriptBlueprint '/Game/Ad_Nauseum/Levels/Level_1.Level_1:PersistentLevel.Level_1' with GeneratedClass '/Game/Ad_Nauseum/Levels/Level_1.Level_C' with ClassGeneratedBy '/Game/Ad_Nauseum/Levels/Level_1.Level_1:PersistentLevel.Level_1'
[2017.02.05-18.42.28:217][278]LogTemp: Repeting last play command: New Editor Window (PIE)
[2017.02.05-18.42.28:242][278]LogBlueprintUserMessages: Early PlayInEditor Detection: Level '/Game/Ad_Nauseum/Levels/Level_1.Level_1:PersistentLevel' has LevelScriptBlueprint '/Game/Ad_Nauseum/Levels/Level_1.Level_1:PersistentLevel.Level_1' with GeneratedClass '/Game/Ad_Nauseum/Levels/Level_1.Level_C' with ClassGeneratedBy '/Game/Ad_Nauseum/Levels/Level_1.Level_1:PersistentLevel.Level_1'
[2017.02.05-18.42.28:242][278]LogPlayLevel: PlayLevel: No blueprints needed recompiling
[2017.02.05-18.42.28:242][278]PIE: New page: PIE session: Level_1 (Feb 5, 2017, 8:42:28 AM)
[2017.02.05-18.42.28:242][278]LogPlayLevel: Creating play world package: /Game/Ad_Nauseum/Levels/UEDPIE_0_Level_1
[2017.02.05-18.42.28:246][278]LogPlayLevel: PIE: StaticDuplicateObject took: (0.003352s)
[2017.02.05-18.42.28:246][278]LogAIModule: Creating AISystem for world Level_1
[2017.02.05-18.42.28:246][278]LogPlayLevel: PIE: World Init took: (0.000522s)
[2017.02.05-18.42.28:246][278]LogPlayLevel: PIE: Created PIE world by copying editor world from /Game/Ad_Nauseum/Levels/Level_1.Level_1 to /Game/Ad_Nauseum/Levels/UEDPIE_0_Level_1.Level_1 (0.004084s)
[2017.02.05-18.42.28:272][278]LogInit: XAudio2 using 'Speakers (High Definition Audio Device)' : 2 channels at 44.1 kHz using 16 bits per sample (channel mask 0x3)
[2017.02.05-18.42.28:279][278]LogInit: FAudioDevice initialized.
[2017.02.05-18.42.28:325][278]LogLoad: Game class is 'Ad_Nauseum_GameMode_C'
[2017.02.05-18.42.28:329][278]LogWorld: Bringing World /Game/Ad_Nauseum/Levels/UEDPIE_0_Level_1.Level_1 up for play (max tick rate 0) at 2017.02.05-13.42.28
[2017.02.05-18.42.28:330][278]LogWorld: Bringing up level for play took: 0.003824
[2017.02.05-18.42.28:337][278]PIE: Info Play in editor start time for /Game/Ad_Nauseum/Levels/UEDPIE_0_Level_1 -0.65
[2017.02.05-18.42.28:338][278]LogBlueprintUserMessages: Late PlayInEditor Detection: Level '/Game/Ad_Nauseum/Levels/Level_1.Level_1:PersistentLevel' has LevelScriptBlueprint '/Game/Ad_Nauseum/Levels/Level_1.Level_1:PersistentLevel.Level_1' with GeneratedClass '/Game/Ad_Nauseum/Levels/Level_1.Level_C' with ClassGeneratedBy '/Game/Ad_Nauseum/Levels/Level_1.Level_1:PersistentLevel.Level_1'
[2017.02.05-18.42.33:733][857]LogScript:Warning: FLatentActionManager::ProcessLatentActions: CallbackTarget is None.
[2017.02.05-18.42.34:302][920]LogBlueprintUserMessages: Early EndPlayMap Detection: Level '/Game/Ad_Nauseum/Levels/Level_1.Level_1:PersistentLevel' has LevelScriptBlueprint '/Game/Ad_Nauseum/Levels/Level_1.Level_1:PersistentLevel.Level_1' with GeneratedClass '/Game/Ad_Nauseum/Levels/Level_1.Level_C' with ClassGeneratedBy '/Game/Ad_Nauseum/Levels/Level_1.Level_1:PersistentLevel.Level_1'
[2017.02.05-18.42.34:357][920]LogBlueprintUserMessages: Late EndPlayMap Detection: Level '/Game/Ad_Nauseum/Levels/Level_1.Level_1:PersistentLevel' has LevelScriptBlueprint '/Game/Ad_Nauseum/Levels/Level_1.Level_1:PersistentLevel.Level_1' with GeneratedClass '/Game/Ad_Nauseum/Levels/Level_1.Level_C' with ClassGeneratedBy '/Game/Ad_Nauseum/Levels/Level_1.Level_1:PersistentLevel.Level_1'
[2017.02.05-18.42.57:953][719]LogRenderer: Reallocating scene render targets to support 1208x712 NumSamples 1 (Frame:18170).
[2017.02.05-18.43.48:029][703]LogSavePackage: Save=19.48ms
[2017.02.05-18.43.48:029][703]LogSavePackage: Moving '../../../../../../Users/nlfosdic/Ad_Nauseum_UE4/Ad_Nauseum/Saved/Falling_B23B887814BD79BD4A614288C879439CD.tmp' to '../../../../../../Users/nlfosdic/Ad_Nauseum_UE4/Ad_Nauseum/Content/Ad_Nauseum/Blueprints/Traps/Falling_B.uasset'
[2017.02.05-18.43.48:032][703]LogSavePackage:Display: Finished SavePackage ../../../../../../Users/nlfosdic/Ad_Nauseum_UE4/Ad_Nauseum/Content/Ad_Nauseum/Blueprints/Traps/Falling_B.uasset
[2017.02.05-18.43.49:759][910]LogTemp: Repeting last play command: New Editor Window (PIE)
[2017.02.05-18.43.49:778][910]LogBlueprintUserMessages: Early PlayInEditor Detection: Level '/Game/Ad_Nauseum/Levels/Level_1.Level_1:PersistentLevel' has LevelScriptBlueprint '/Game/Ad_Nauseum/Levels/Level_1.Level_1:PersistentLevel.Level_1' with GeneratedClass '/Game/Ad_Nauseum/Levels/Level_1.Level_C' with ClassGeneratedBy '/Game/Ad_Nauseum/Levels/Level_1.Level_1:PersistentLevel.Level_1'
[2017.02.05-18.43.49:778][910]BlueprintLog: New page: Pre-Play auto-recompile
[2017.02.05-18.43.49:778][910]LogPlayLevel: [PlayLevel] Compiling Falling_B before play...
[2017.02.05-18.43.49:884][910]LogPlayLevel: PlayLevel: Blueprint regeneration took 106 ms (1 blueprints)
[2017.02.05-18.43.49:884][910]PIE: New page: PIE session: Level_1 (Feb 5, 2017, 8:43:49 AM)
[2017.02.05-18.43.49:884][910]LogPlayLevel: Creating play world package: /Game/Ad_Nauseum/Levels/UEDPIE_0_Level_1
[2017.02.05-18.43.49:887][910]LogPlayLevel: PIE: StaticDuplicateObject took: (0.003146s)
[2017.02.05-18.43.49:888][910]LogAIModule: Creating AISystem for world Level_1
[2017.02.05-18.43.49:888][910]LogPlayLevel: PIE: World Init took: (0.000501s)
[2017.02.05-18.43.49:888][910]LogPlayLevel: PIE: Created PIE world by copying editor world from /Game/Ad_Nauseum/Levels/Level_1.Level_1 to /Game/Ad_Nauseum/Levels/UEDPIE_0_Level_1.Level_1 (0.003942s)
[2017.02.05-18.43.49:910][910]LogInit: XAudio2 using 'Speakers (High Definition Audio Device)' : 2 channels at 44.1 kHz using 16 bits per sample (channel mask 0x3)
[2017.02.05-18.43.49:917][910]LogInit: FAudioDevice initialized.
[2017.02.05-18.43.49:965][910]LogLoad: Game class is 'Ad_Nauseum_GameMode_C'
[2017.02.05-18.43.49:969][910]LogWorld: Bringing World /Game/Ad_Nauseum/Levels/UEDPIE_0_Level_1.Level_1 up for play (max tick rate 0) at 2017.02.05-13.43.49
[2017.02.05-18.43.49:970][910]LogWorld: Bringing up level for play took: 0.003315
[2017.02.05-18.43.49:975][910]PIE: Info Play in editor start time for /Game/Ad_Nauseum/Levels/UEDPIE_0_Level_1 0.992
[2017.02.05-18.43.49:976][910]LogBlueprintUserMessages: Late PlayInEditor Detection: Level '/Game/Ad_Nauseum/Levels/Level_1.Level_1:PersistentLevel' has LevelScriptBlueprint '/Game/Ad_Nauseum/Levels/Level_1.Level_1:PersistentLevel.Level_1' with GeneratedClass '/Game/Ad_Nauseum/Levels/Level_1.Level_C' with ClassGeneratedBy '/Game/Ad_Nauseum/Levels/Level_1.Level_1:PersistentLevel.Level_1'
[2017.02.05-18.43.52:630][218]LogBlueprintUserMessages: Early EndPlayMap Detection: Level '/Game/Ad_Nauseum/Levels/Level_1.Level_1:PersistentLevel' has LevelScriptBlueprint '/Game/Ad_Nauseum/Levels/Level_1.Level_1:PersistentLevel.Level_1' with GeneratedClass '/Game/Ad_Nauseum/Levels/Level_1.Level_C' with ClassGeneratedBy '/Game/Ad_Nauseum/Levels/Level_1.Level_1:PersistentLevel.Level_1'
[2017.02.05-18.43.52:699][218]LogBlueprintUserMessages: Late EndPlayMap Detection: Level '/Game/Ad_Nauseum/Levels/Level_1.Level_1:PersistentLevel' has LevelScriptBlueprint '/Game/Ad_Nauseum/Levels/Level_1.Level_1:PersistentLevel.Level_1' with GeneratedClass '/Game/Ad_Nauseum/Levels/Level_1.Level_C' with ClassGeneratedBy '/Game/Ad_Nauseum/Levels/Level_1.Level_1:PersistentLevel.Level_1'
[2017.02.05-18.43.54:507][428]LogTemp: Repeting last play command: New Editor Window (PIE)
[2017.02.05-18.43.54:526][428]LogBlueprintUserMessages: Early PlayInEditor Detection: Level '/Game/Ad_Nauseum/Levels/Level_1.Level_1:PersistentLevel' has LevelScriptBlueprint '/Game/Ad_Nauseum/Levels/Level_1.Level_1:PersistentLevel.Level_1' with GeneratedClass '/Game/Ad_Nauseum/Levels/Level_1.Level_C' with ClassGeneratedBy '/Game/Ad_Nauseum/Levels/Level_1.Level_1:PersistentLevel.Level_1'
[2017.02.05-18.43.54:526][428]LogPlayLevel: PlayLevel: No blueprints needed recompiling
[2017.02.05-18.43.54:526][428]PIE: New page: PIE session: Level_1 (Feb 5, 2017, 8:43:54 AM)
[2017.02.05-18.43.54:526][428]LogPlayLevel: Creating play world package: /Game/Ad_Nauseum/Levels/UEDPIE_0_Level_1
[2017.02.05-18.43.54:530][428]LogPlayLevel: PIE: StaticDuplicateObject took: (0.003477s)
[2017.02.05-18.43.54:530][428]LogAIModule: Creating AISystem for world Level_1
[2017.02.05-18.43.54:530][428]LogPlayLevel: PIE: World Init took: (0.000499s)
[2017.02.05-18.43.54:530][428]LogPlayLevel: PIE: Created PIE world by copying editor world from /Game/Ad_Nauseum/Levels/Level_1.Level_1 to /Game/Ad_Nauseum/Levels/UEDPIE_0_Level_1.Level_1 (0.004175s)
[2017.02.05-18.43.54:555][428]LogInit: XAudio2 using 'Speakers (High Definition Audio Device)' : 2 channels at 44.1 kHz using 16 bits per sample (channel mask 0x3)
[2017.02.05-18.43.54:563][428]LogInit: FAudioDevice initialized.
[2017.02.05-18.43.54:606][428]LogLoad: Game class is 'Ad_Nauseum_GameMode_C'
[2017.02.05-18.43.54:610][428]LogWorld: Bringing World /Game/Ad_Nauseum/Levels/UEDPIE_0_Level_1.Level_1 up for play (max tick rate 0) at 2017.02.05-13.43.54
[2017.02.05-18.43.54:611][428]LogWorld: Bringing up level for play took: 0.003586
[2017.02.05-18.43.54:616][428]PIE: Info Play in editor start time for /Game/Ad_Nauseum/Levels/UEDPIE_0_Level_1 -0.367
[2017.02.05-18.43.54:617][428]LogBlueprintUserMessages: Late PlayInEditor Detection: Level '/Game/Ad_Nauseum/Levels/Level_1.Level_1:PersistentLevel' has LevelScriptBlueprint '/Game/Ad_Nauseum/Levels/Level_1.Level_1:PersistentLevel.Level_1' with GeneratedClass '/Game/Ad_Nauseum/Levels/Level_1.Level_C' with ClassGeneratedBy '/Game/Ad_Nauseum/Levels/Level_1.Level_1:PersistentLevel.Level_1'
[2017.02.05-18.44.00:509][130]LogScript:Warning: Attempted to access Falling_Block via property Falling_Block, but Falling_Block is pending kill
	Falling_B_C /Game/Ad_Nauseum/Levels/UEDPIE_0_Level_1.Level_1:PersistentLevel.Falling_B_757
	Function /Game/Ad_Nauseum/Blueprints/Traps/Falling_B.Falling_B_C:ExecuteUbergraph_Falling_B:006B
[2017.02.05-18.44.00:510][130]PIE:Error: Error Blueprint Runtime Error: Attempted to access Falling_Block via property Falling_Block, but Falling_Block is pending kill from function: 'ExecuteUbergraph_Falling_B' from node: DestroyComponent in graph: EventGraph in object: Falling_B with description: Attempted to access Falling_Block via property Falling_Block, but Falling_Block is pending kill
[2017.02.05-18.44.00:510][130]LogScript:Warning: Attempted to access Falling_Block via property Falling_Block, but Falling_Block is pending kill
	Falling_B_C /Game/Ad_Nauseum/Levels/UEDPIE_0_Level_1.Level_1:PersistentLevel.Falling_B2_1415
	Function /Game/Ad_Nauseum/Blueprints/Traps/Falling_B.Falling_B_C:ExecuteUbergraph_Falling_B:006B
[2017.02.05-18.44.00:510][130]PIE:Error: Error Blueprint Runtime Error: Attempted to access Falling_Block via property Falling_Block, but Falling_Block is pending kill from function: 'ExecuteUbergraph_Falling_B' from node: DestroyComponent in graph: EventGraph in object: Falling_B with description: Attempted to access Falling_Block via property Falling_Block, but Falling_Block is pending kill
[2017.02.05-18.44.01:402][237]LogBlueprintUserMessages: Early EndPlayMap Detection: Level '/Game/Ad_Nauseum/Levels/Level_1.Level_1:PersistentLevel' has LevelScriptBlueprint '/Game/Ad_Nauseum/Levels/Level_1.Level_1:PersistentLevel.Level_1' with GeneratedClass '/Game/Ad_Nauseum/Levels/Level_1.Level_C' with ClassGeneratedBy '/Game/Ad_Nauseum/Levels/Level_1.Level_1:PersistentLevel.Level_1'
[2017.02.05-18.44.01:466][237]LogBlueprintUserMessages: Late EndPlayMap Detection: Level '/Game/Ad_Nauseum/Levels/Level_1.Level_1:PersistentLevel' has LevelScriptBlueprint '/Game/Ad_Nauseum/Levels/Level_1.Level_1:PersistentLevel.Level_1' with GeneratedClass '/Game/Ad_Nauseum/Levels/Level_1.Level_C' with ClassGeneratedBy '/Game/Ad_Nauseum/Levels/Level_1.Level_1:PersistentLevel.Level_1'
[2017.02.05-18.44.12:689][571]LogEditorViewport: Clicking on Actor (LMB): Falling_B_C (Falling_B)
[2017.02.05-18.44.13:475][664]Cmd: DELETE
[2017.02.05-18.44.13:475][664]Cmd: ACTOR DELETE
[2017.02.05-18.44.13:475][664]LogEditorActor: Deleted Actor: Falling_B_C
[2017.02.05-18.44.13:491][664]LogEditorActor: Deleted 1 Actors (0.016 secs)
[2017.02.05-18.44.14:019][727]LogEditorViewport: Clicking on Actor (LMB): Falling_B_C (Falling_B2)
[2017.02.05-18.44.14:209][748]Cmd: DELETE
[2017.02.05-18.44.14:209][748]Cmd: ACTOR DELETE
[2017.02.05-18.44.14:210][748]LogEditorActor: Deleted Actor: Falling_B_C
[2017.02.05-18.44.14:225][748]LogEditorActor: Deleted 1 Actors (0.016 secs)
[2017.02.05-18.45.44:691][557]LogSavePackage: Save=108.76ms
[2017.02.05-18.45.44:692][557]LogSavePackage: Moving '../../../../../../Users/nlfosdic/Ad_Nauseum_UE4/Ad_Nauseum/Saved/Level_1FD9C187D423F47A0BC0EC9914DBB856A.tmp' to '../../../../../../Users/nlfosdic/Ad_Nauseum_UE4/Ad_Nauseum/Content/Ad_Nauseum/Levels/Level_1.umap'
[2017.02.05-18.45.44:696][557]LogSavePackage:Display: Finished SavePackage ../../../../../../Users/nlfosdic/Ad_Nauseum_UE4/Ad_Nauseum/Content/Ad_Nauseum/Levels/Level_1.umap
[2017.02.05-18.45.44:737][557]LogFileHelpers: Saving map 'Level_1' took 0.249
[2017.02.05-18.45.47:704][891]LogActorComponent: UnregisterComponent: (/Engine/Transient.EditorFloorComp) Not registered. Aborting.
[2017.02.05-18.45.47:757][891]LogActorComponent: UnregisterComponent: (/Engine/Transient.EditorFloorComp) Not registered. Aborting.
[2017.02.05-18.45.48:004][892]Cmd: QUIT_EDITOR
[2017.02.05-18.45.48:789][892]LogWindowsTextInputMethodSystem:Display: IME system now deactivated.
[2017.02.05-18.45.48:814][892]LogExit: Preparing to exit.
[2017.02.05-18.45.49:645][892]LogDirectoryWatcher: A directory notification for 'C:/Users/nlfosdic/Ad_Nauseum_UE4/Ad_Nauseum/Content/' was aborted.
[2017.02.05-18.45.49:676][892]LogExit: Editor shut down
[2017.02.05-18.45.49:676][892]LogExit: Transaction tracking system shut down
[2017.02.05-18.45.49:775][892]LogObj: Freed 0b from 0 cluster array pools.
[2017.02.05-18.45.49:775][892]LogExit: Object subsystem successfully closed.
[2017.02.05-18.45.49:795][892]LogD3D11RHI: Shutdown
[2017.02.05-18.45.49:795][892]LogD3D11RHI: CleanupD3DDevice
[2017.02.05-18.45.49:856][892]LogD3D11RHI: ~FD3D11DynamicRHI
[2017.02.05-18.45.49:867][892]LogHttp:Display: Http module shutting down, but needs to wait on 1 outstanding Http requests:
[2017.02.05-18.45.49:867][892]LogHttp:Display: 	verb=[POST] url=[https://datarouter.ol.epicgames.com/datarouter/api/v1/public/data?SessionID=%7B434D737D-43E5-41D5-61DE-B3B0507E5592%7D&AppID=UEEditor.Rocket.Release&AppVersion=4.14.3-3249277%2B%2B%2BUE4%2BRelease-4.14&UserID=dd5b4b794741f864ab4a5cb278e5b3f6%7C%7Cab1ccae8-fe87-4443-9802-9f2972d63371&AppEnvironment=datacollector-binary&UploadType=eteventstream] status=Processing
[2017.02.05-18.45.49:899][892]LogModuleManager: Shutting down and abandoning module MovieSceneCapture (244)
[2017.02.05-18.45.49:899][892]LogModuleManager: Shutting down and abandoning module BlueprintGraph (243)
[2017.02.05-18.45.49:899][892]LogModuleManager: Shutting down and abandoning module BlueprintProfiler (242)
[2017.02.05-18.45.49:899][892]LogModuleManager: Shutting down and abandoning module HierarchicalLODOutliner (241)
[2017.02.05-18.45.49:899][892]LogModuleManager: Shutting down and abandoning module CrashTracker (240)
[2017.02.05-18.45.49:899][892]LogModuleManager: Shutting down and abandoning module SceneOutliner (239)
[2017.02.05-18.45.49:899][892]LogModuleManager: Shutting down and abandoning module WidgetCarousel (238)
[2017.02.05-18.45.49:899][892]LogModuleManager: Shutting down and abandoning module AddContentDialog (237)
[2017.02.05-18.45.49:899][892]LogDirectoryWatcher: A directory notification for 'C:/Program Files (x86)/Epic Games/4.14/FeaturePacks/' was aborted.
[2017.02.05-18.45.49:901][892]LogModuleManager: Shutting down and abandoning module GameplayTags (236)
[2017.02.05-18.45.49:901][892]LogModuleManager: Shutting down and abandoning module EditorWidgets (235)
[2017.02.05-18.45.49:901][892]LogModuleManager: Shutting down and abandoning module CollectionManager (234)
[2017.02.05-18.45.49:901][892]LogDirectoryWatcher: A directory notification for 'C:/Users/nlfosdic/Ad_Nauseum_UE4/Ad_Nauseum/Content/Collections/' was aborted.
[2017.02.05-18.45.49:901][892]LogDirectoryWatcher: A directory notification for 'C:/Users/nlfosdic/Ad_Nauseum_UE4/Ad_Nauseum/Content/Developers/nlfosdic/Collections/' was aborted.
[2017.02.05-18.45.49:901][892]LogDirectoryWatcher: A directory notification for 'C:/Users/nlfosdic/Ad_Nauseum_UE4/Ad_Nauseum/Saved/Collections/' was aborted.
[2017.02.05-18.45.49:901][892]LogModuleManager: Shutting down and abandoning module StatsViewer (233)
[2017.02.05-18.45.49:901][892]LogModuleManager: Shutting down and abandoning module FoliageEdit (232)
[2017.02.05-18.45.49:901][892]LogModuleManager: Shutting down and abandoning module LandscapeEditor (231)
[2017.02.05-18.45.49:901][892]LogModuleManager: Shutting down and abandoning module SceneDepthPickerMode (230)
[2017.02.05-18.45.49:901][892]LogModuleManager: Shutting down and abandoning module ActorPickerMode (229)
[2017.02.05-18.45.49:901][892]LogModuleManager: Shutting down and abandoning module GeometryMode (228)
[2017.02.05-18.45.49:901][892]LogModuleManager: Shutting down and abandoning module TextureAlignMode (227)
[2017.02.05-18.45.49:901][892]LogModuleManager: Shutting down and abandoning module BspMode (226)
[2017.02.05-18.45.49:901][892]LogModuleManager: Shutting down and abandoning module HardwareSurvey (225)
[2017.02.05-18.45.49:901][892]LogModuleManager: Shutting down and abandoning module SequenceRecorderSections (224)
[2017.02.05-18.45.49:901][892]LogModuleManager: Shutting down and abandoning module AutomationWorker (223)
[2017.02.05-18.45.49:901][892]LogModuleManager: Shutting down and abandoning module MatineeToLevelSequence (222)
[2017.02.05-18.45.49:901][892]LogModuleManager: Shutting down and abandoning module PlacementMode (221)
[2017.02.05-18.45.49:901][892]LogModuleManager: Shutting down and abandoning module LevelSequenceEditor (220)
[2017.02.05-18.45.49:902][892]LogModuleManager: Shutting down and abandoning module WmfMediaFactory (219)
[2017.02.05-18.45.49:902][892]LogModuleManager: Shutting down and abandoning module WmfMediaEditor (218)
[2017.02.05-18.45.49:902][892]LogModuleManager: Shutting down and abandoning module AvfMediaFactory (217)
[2017.02.05-18.45.49:902][892]LogModuleManager: Shutting down and abandoning module AvfMediaEditor (216)
[2017.02.05-18.45.49:902][892]LogModuleManager: Shutting down and abandoning module Media (215)
[2017.02.05-18.45.49:902][892]LogModuleManager: Shutting down and abandoning module AndroidMediaFactory (214)
[2017.02.05-18.45.49:902][892]LogModuleManager: Shutting down and abandoning module AndroidMediaEditor (213)
[2017.02.05-18.45.49:902][892]LogModuleManager: Shutting down and abandoning module CharacterAI (212)
[2017.02.05-18.45.49:902][892]LogModuleManager: Shutting down and abandoning module SequenceRecorder (211)
[2017.02.05-18.45.49:902][892]LogModuleManager: Shutting down and abandoning module AudioCapture (210)
[2017.02.05-18.45.49:902][892]LogModuleManager: Shutting down and abandoning module SmartSnapping (209)
[2017.02.05-18.45.49:902][892]LogModuleManager: Shutting down and abandoning module SessionServices (208)
[2017.02.05-18.45.49:902][892]LogModuleManager: Shutting down and abandoning module ViewportSnapping (207)
[2017.02.05-18.45.49:902][892]LogModuleManager: Shutting down and abandoning module ViewportInteraction (206)
[2017.02.05-18.45.49:902][892]LogModuleManager: Shutting down and abandoning module LogVisualizer (205)
[2017.02.05-18.45.49:902][892]LogModuleManager: Shutting down and abandoning module GameProjectGeneration (204)
[2017.02.05-18.45.49:902][892]LogModuleManager: Shutting down and abandoning module IntroTutorials (203)
[2017.02.05-18.45.49:902][892]LogModuleManager: Shutting down and abandoning module EditorLiveStreaming (202)
[2017.02.05-18.45.49:902][892]LogModuleManager: Shutting down and abandoning module IOSPlatformEditor (201)
[2017.02.05-18.45.49:902][892]LogModuleManager: Shutting down and abandoning module HTML5PlatformEditor (200)
[2017.02.05-18.45.49:902][892]LogModuleManager: Shutting down and abandoning module AndroidDeviceDetection (199)
[2017.02.05-18.45.50:133][892]LogModuleManager: Shutting down and abandoning module AndroidPlatformEditor (198)
[2017.02.05-18.45.50:133][892]LogModuleManager: Shutting down and abandoning module IOSRuntimeSettings (197)
[2017.02.05-18.45.50:133][892]LogModuleManager: Shutting down and abandoning module AndroidRuntimeSettings (196)
[2017.02.05-18.45.50:133][892]LogModuleManager: Shutting down and abandoning module InputBindingEditor (195)
[2017.02.05-18.45.50:133][892]LogModuleManager: Shutting down and abandoning module NiagaraEditor (194)
[2017.02.05-18.45.50:134][892]LogModuleManager: Shutting down and abandoning module MergeActors (193)
[2017.02.05-18.45.50:134][892]LogModuleManager: Shutting down and abandoning module SizeMap (192)
[2017.02.05-18.45.50:134][892]LogModuleManager: Shutting down and abandoning module TreeMap (191)
[2017.02.05-18.45.50:134][892]LogModuleManager: Shutting down and abandoning module ReferenceViewer (190)
[2017.02.05-18.45.50:134][892]LogModuleManager: Shutting down and abandoning module LocalizationService (189)
[2017.02.05-18.45.50:134][892]LogModuleManager: Shutting down and abandoning module LocalizationDashboard (188)
[2017.02.05-18.45.50:134][892]LogModuleManager: Shutting down and abandoning module HardwareTargeting (187)
[2017.02.05-18.45.50:134][892]LogModuleManager: Shutting down and abandoning module DeviceProfileEditor (186)
[2017.02.05-18.45.50:134][892]LogModuleManager: Shutting down and abandoning module UndoHistory (185)
[2017.02.05-18.45.50:134][892]LogModuleManager: Shutting down and abandoning module UserFeedback (184)
[2017.02.05-18.45.50:134][892]LogModuleManager: Shutting down and abandoning module XmlParser (183)
[2017.02.05-18.45.50:134][892]LogModuleManager: Shutting down and abandoning module Blutility (182)
[2017.02.05-18.45.50:134][892]LogModuleManager: Shutting down and abandoning module ProjectTargetPlatformEditor (181)
[2017.02.05-18.45.50:134][892]LogModuleManager: Shutting down and abandoning module ProjectSettingsViewer (180)
[2017.02.05-18.45.50:134][892]LogModuleManager: Shutting down and abandoning module EditorSettingsViewer (179)
[2017.02.05-18.45.50:134][892]LogModuleManager: Shutting down and abandoning module SettingsEditor (178)
[2017.02.05-18.45.50:134][892]LogModuleManager: Shutting down and abandoning module ProjectLauncher (177)
[2017.02.05-18.45.50:134][892]LogModuleManager: Shutting down and abandoning module SessionFrontend (176)
[2017.02.05-18.45.50:134][892]LogModuleManager: Shutting down and abandoning module ProfilerClient (175)
[2017.02.05-18.45.50:134][892]LogModuleManager: Shutting down and abandoning module TargetDeviceServices (174)
[2017.02.05-18.45.50:134][892]LogModuleManager: Shutting down and abandoning module DeviceManager (173)
[2017.02.05-18.45.50:187][892]LogModuleManager: Shutting down and abandoning module AutomationController (172)
[2017.02.05-18.45.50:187][892]LogModuleManager: Shutting down and abandoning module AutomationWindow (171)
[2017.02.05-18.45.50:187][892]LogModuleManager: Shutting down and abandoning module Layers (170)
[2017.02.05-18.45.50:187][892]LogModuleManager: Shutting down and abandoning module ComponentVisualizers (169)
[2017.02.05-18.45.50:187][892]LogModuleManager: Shutting down and abandoning module DetailCustomizations (168)
[2017.02.05-18.45.50:187][892]LogModuleManager: Shutting down and abandoning module PackagesDialog (167)
[2017.02.05-18.45.50:187][892]LogModuleManager: Shutting down and abandoning module AnimGraph (166)
[2017.02.05-18.45.50:187][892]LogModuleManager: Shutting down and abandoning module Persona (165)
[2017.02.05-18.45.50:188][892]LogModuleManager: Shutting down and abandoning module Kismet (164)
[2017.02.05-18.45.50:204][892]LogModuleManager: Shutting down and abandoning module GraphEditor (163)
[2017.02.05-18.45.50:204][892]LogModuleManager: Shutting down and abandoning module ClassViewer (162)
[2017.02.05-18.45.50:204][892]LogModuleManager: Shutting down and abandoning module Toolbox (161)
[2017.02.05-18.45.50:204][892]LogModuleManager: Shutting down and abandoning module ModuleUI (160)
[2017.02.05-18.45.50:204][892]LogModuleManager: Shutting down and abandoning module MovieSceneTools (159)
[2017.02.05-18.45.50:204][892]LogModuleManager: Shutting down and abandoning module OutputLog (158)
[2017.02.05-18.45.50:204][892]LogModuleManager: Shutting down and abandoning module GammaUI (157)
[2017.02.05-18.45.50:204][892]LogModuleManager: Shutting down and abandoning module Documentation (156)
[2017.02.05-18.45.50:204][892]LogModuleManager: Shutting down and abandoning module Niagara (155)
[2017.02.05-18.45.50:204][892]LogModuleManager: Shutting down and abandoning module StreamingPauseRendering (154)
[2017.02.05-18.45.50:204][892]LogModuleManager: Shutting down and abandoning module AnalyticsET (153)
[2017.02.05-18.45.50:204][892]LogModuleManager: Shutting down and abandoning module PortalServices (152)
[2017.02.05-18.45.50:204][892]LogModuleManager: Shutting down and abandoning module PortalRpc (151)
[2017.02.05-18.45.50:204][892]LogModuleManager: Shutting down and abandoning module MessagingRpc (150)
[2017.02.05-18.45.50:204][892]LogModuleManager: Shutting down and abandoning module GameplayDebugger (149)
[2017.02.05-18.45.50:204][892]LogModuleManager: Shutting down and abandoning module AITestSuite (148)
[2017.02.05-18.45.50:204][892]LogModuleManager: Shutting down and abandoning module AIModule (147)
[2017.02.05-18.45.50:204][892]LogModuleManager: Shutting down and abandoning module ProfilerService (146)
[2017.02.05-18.45.50:291][892]LogModuleManager: Shutting down and abandoning module TaskGraph (145)
[2017.02.05-18.45.50:291][892]LogModuleManager: Shutting down and abandoning module SlateRemote (144)
[2017.02.05-18.45.50:291][892]LogModuleManager: Shutting down and abandoning module SteamVRController (143)
[2017.02.05-18.45.50:291][892]LogModuleManager: Shutting down and abandoning module SteamVR (142)
[2017.02.05-18.45.50:291][892]LogModuleManager: Shutting down and abandoning module ProceduralMeshComponentEditor (141)
[2017.02.05-18.45.50:291][892]LogModuleManager: Shutting down and abandoning module ProceduralMeshComponent (140)
[2017.02.05-18.45.50:291][892]LogModuleManager: Shutting down and abandoning module OculusLibrary (139)
[2017.02.05-18.45.50:291][892]LogModuleManager: Shutting down and abandoning module OculusInput (138)
[2017.02.05-18.45.50:291][892]LogModuleManager: Shutting down and abandoning module MobilePatchingUtils (137)
[2017.02.05-18.45.50:291][892]LogModuleManager: Shutting down and abandoning module CustomMeshComponent (136)
[2017.02.05-18.45.50:291][892]LogModuleManager: Shutting down and abandoning module CableComponent (135)
[2017.02.05-18.45.50:291][892]LogModuleManager: Shutting down and abandoning module ArchVisCharacter (134)
[2017.02.05-18.45.50:291][892]LogModuleManager: Shutting down and abandoning module MediaPlayerEditor (132)
[2017.02.05-18.45.50:291][892]LogModuleManager: Shutting down and abandoning module HTML5Networking (131)
[2017.02.05-18.45.50:291][892]LogModuleManager: Shutting down and abandoning module GeometryCacheEd (130)
[2017.02.05-18.45.50:291][892]LogModuleManager: Shutting down and abandoning module GeometryCache (129)
[2017.02.05-18.45.50:291][892]LogModuleManager: Shutting down and abandoning module AlembicLibrary (128)
[2017.02.05-18.45.50:291][892]LogModuleManager: Shutting down and abandoning module AlembicImporter (127)
[2017.02.05-18.45.50:291][892]LogModuleManager: Shutting down and abandoning module SuperSearch (126)
[2017.02.05-18.45.50:291][892]LogModuleManager: Shutting down and abandoning module SuperSearchEditor (125)
[2017.02.05-18.45.50:291][892]LogModuleManager: Shutting down and abandoning module SpeedTreeImporter (124)
[2017.02.05-18.45.50:291][892]LogModuleManager: Shutting down and abandoning module PluginBrowser (123)
[2017.02.05-18.45.50:291][892]LogModuleManager: Shutting down and abandoning module MobileLauncherProfileWizard (122)
[2017.02.05-18.45.50:291][892]LogModuleManager: Shutting down and abandoning module EpicSurvey (121)
[2017.02.05-18.45.50:292][892]LogModuleManager: Shutting down and abandoning module DesktopPlatform (120)
[2017.02.05-18.45.50:292][892]LogModuleManager: Shutting down and abandoning module VisualStudioSourceCodeAccess (119)
[2017.02.05-18.45.50:292][892]LogModuleManager: Shutting down and abandoning module UObjectPlugin (118)
[2017.02.05-18.45.50:292][892]LogModuleManager: Shutting down and abandoning module SubversionSourceControl (117)
[2017.02.05-18.45.50:292][892]LogModuleManager: Shutting down and abandoning module PerforceSourceControl (116)
[2017.02.05-18.45.50:292][892]LogModuleManager: Shutting down and abandoning module SourceControl (115)
[2017.02.05-18.45.50:292][892]LogModuleManager: Shutting down and abandoning module GitSourceControl (114)
[2017.02.05-18.45.50:292][892]LogModuleManager: Shutting down and abandoning module LightPropagationVolumeEditor (113)
[2017.02.05-18.45.50:292][892]LogModuleManager: Shutting down and abandoning module PaperTiledImporter (112)
[2017.02.05-18.45.50:292][892]LogModuleManager: Shutting down and abandoning module PaperSpriteSheetImporter (111)
[2017.02.05-18.45.50:292][892]LogModuleManager: Shutting down and abandoning module MeshPaint (110)
[2017.02.05-18.45.50:292][892]LogModuleManager: Shutting down and abandoning module PixelInspectorModule (109)
[2017.02.05-18.45.50:292][892]LogModuleManager: Shutting down and abandoning module HotReload (108)
[2017.02.05-18.45.50:292][892]LogModuleManager: Shutting down and abandoning module MainFrame (107)
[2017.02.05-18.45.50:292][892]LogModuleManager: Shutting down and abandoning module LevelEditor (106)
[2017.02.05-18.45.50:293][892]LogModuleManager: Shutting down and abandoning module ContentBrowser (105)
[2017.02.05-18.45.50:294][892]LogModuleManager: Shutting down and abandoning module Paper2DEditor (104)
[2017.02.05-18.45.50:294][892]LogModuleManager: Shutting down and abandoning module UdpMessaging (103)
[2017.02.05-18.45.50:395][892]LogModuleManager: Shutting down and abandoning module TcpMessaging (102)
[2017.02.05-18.45.50:496][892]LogModuleManager: Shutting down and abandoning module LightPropagationVolumeRuntime (101)
[2017.02.05-18.45.50:496][892]LogModuleManager: Shutting down and abandoning module Paper2D (100)
[2017.02.05-18.45.50:496][892]LogModuleManager: Shutting down and abandoning module WindowsMoviePlayer (99)
[2017.02.05-18.45.50:496][892]LogModuleManager: Shutting down and abandoning module WmfMedia (98)
[2017.02.05-18.45.50:496][892]LogModuleManager: Shutting down and abandoning module MediaAssets (97)
[2017.02.05-18.45.50:496][892]LogModuleManager: Shutting down and abandoning module GameLiveStreaming (96)
[2017.02.05-18.45.50:496][892]LogModuleManager: Shutting down and abandoning module GameplayTagsEditor (95)
[2017.02.05-18.45.50:496][892]LogModuleManager: Shutting down and abandoning module VREditor (94)
[2017.02.05-18.45.50:496][892]LogModuleManager: Shutting down and abandoning module GameplayTasksEditor (93)
[2017.02.05-18.45.50:496][892]LogModuleManager: Shutting down and abandoning module BehaviorTreeEditor (92)
[2017.02.05-18.45.50:496][892]LogModuleManager: Shutting down and abandoning module FunctionalTesting (91)
[2017.02.05-18.45.50:496][892]LogModuleManager: Shutting down and abandoning module CollisionAnalyzer (90)
[2017.02.05-18.45.50:496][892]LogModuleManager: Shutting down and abandoning module Sequencer (89)
[2017.02.05-18.45.50:496][892]LogModuleManager: Shutting down and abandoning module WorkspaceMenuStructure (88)
[2017.02.05-18.45.50:496][892]LogModuleManager: Shutting down and abandoning module MessageLog (87)
[2017.02.05-18.45.50:496][892]LogModuleManager: Shutting down and abandoning module AssetTools (86)
[2017.02.05-18.45.50:496][892]LogModuleManager: Shutting down and abandoning module UMGEditor (85)
[2017.02.05-18.45.50:496][892]LogModuleManager: Shutting down and abandoning module UMG (84)
[2017.02.05-18.45.50:496][892]LogModuleManager: Shutting down and abandoning module SlateReflector (83)
[2017.02.05-18.45.50:496][892]LogModuleManager: Shutting down and abandoning module Slate (82)
[2017.02.05-18.45.50:496][892]LogModuleManager: Shutting down and abandoning module EditorStyle (81)
[2017.02.05-18.45.50:499][892]LogModuleManager: Shutting down and abandoning module SourceCodeAccess (80)
[2017.02.05-18.45.50:499][892]LogModuleManager: Shutting down and abandoning module HeadMountedDisplay (79)
[2017.02.05-18.45.50:499][892]LogModuleManager: Shutting down and abandoning module XAudio2 (78)
[2017.02.05-18.45.50:499][892]LogModuleManager: Shutting down and abandoning module Networking (76)
[2017.02.05-18.45.50:499][892]LogModuleManager: Shutting down and abandoning module Core (75)
[2017.02.05-18.45.50:499][892]LogModuleManager: Shutting down and abandoning module DirectoryWatcher (74)
[2017.02.05-18.45.50:499][892]LogDirectoryWatcher: A directory notification for '../../../Engine/Content/' was aborted.
[2017.02.05-18.45.50:499][892]LogDirectoryWatcher: A directory notification for '../../../../../../Users/nlfosdic/Ad_Nauseum_UE4/Ad_Nauseum/Content/' was aborted.
[2017.02.05-18.45.50:499][892]LogDirectoryWatcher: A directory notification for '../../../Engine/Plugins/2D/Paper2D/Content/' was aborted.
[2017.02.05-18.45.50:499][892]LogModuleManager: Shutting down and abandoning module AssetRegistry (73)
[2017.02.05-18.45.50:544][892]LogModuleManager: Shutting down and abandoning module KismetCompiler (72)
[2017.02.05-18.45.50:544][892]LogModuleManager: Shutting down and abandoning module PhysXFormats (71)
[2017.02.05-18.45.50:544][892]LogModuleManager: Shutting down and abandoning module SimplygonSwarm (70)
[2017.02.05-18.45.50:544][892]LogModuleManager: Shutting down and abandoning module SimplygonMeshReduction (69)
[2017.02.05-18.45.50:544][892]LogModuleManager: Shutting down and abandoning module QuadricMeshReduction (68)
[2017.02.05-18.45.50:544][892]LogModuleManager: Shutting down and abandoning module PropertyEditor (67)
[2017.02.05-18.45.50:544][892]LogModuleManager: Shutting down and abandoning module MeshUtilities (66)
[2017.02.05-18.45.50:544][892]LogModuleManager: Shutting down and abandoning module DerivedDataCache (65)
[2017.02.05-18.45.50:635][892]LogDerivedDataCache: Shutdown
[2017.02.05-18.45.50:635][892]LogModuleManager: Shutting down and abandoning module VulkanShaderFormat (64)
[2017.02.05-18.45.50:635][892]LogModuleManager: Shutting down and abandoning module ShaderFormatOpenGL (63)
[2017.02.05-18.45.50:635][892]LogModuleManager: Shutting down and abandoning module ShaderFormatD3D (62)
[2017.02.05-18.45.50:635][892]LogModuleManager: Shutting down and abandoning module MetalShaderFormat (61)
[2017.02.05-18.45.50:635][892]LogModuleManager: Shutting down and abandoning module TextureFormatUncompressed (60)
[2017.02.05-18.45.50:635][892]LogModuleManager: Shutting down and abandoning module TextureFormatPVR (59)
[2017.02.05-18.45.50:635][892]LogModuleManager: Shutting down and abandoning module TextureFormatDXT (58)
[2017.02.05-18.45.50:635][892]LogModuleManager: Shutting down and abandoning module TextureFormatIntelISPCTexComp (57)
[2017.02.05-18.45.50:635][892]LogModuleManager: Shutting down and abandoning module ImageWrapper (56)
[2017.02.05-18.45.50:635][892]LogModuleManager: Shutting down and abandoning module TextureFormatASTC (55)
[2017.02.05-18.45.50:635][892]LogModuleManager: Shutting down and abandoning module TextureFormatAndroid (54)
[2017.02.05-18.45.50:635][892]LogModuleManager: Shutting down and abandoning module AudioFormatOpus (53)
[2017.02.05-18.45.50:635][892]LogModuleManager: Shutting down and abandoning module AudioFormatOgg (52)
[2017.02.05-18.45.50:635][892]LogModuleManager: Shutting down and abandoning module AudioFormatADPCM (51)
[2017.02.05-18.45.50:635][892]LogModuleManager: Shutting down and abandoning module LinuxTargetPlatform (50)
[2017.02.05-18.45.50:635][892]LogModuleManager: Shutting down and abandoning module LinuxServerTargetPlatform (49)
[2017.02.05-18.45.50:635][892]LogModuleManager: Shutting down and abandoning module LinuxNoEditorTargetPlatform (48)
[2017.02.05-18.45.50:635][892]LogModuleManager: Shutting down and abandoning module LinuxClientTargetPlatform (47)
[2017.02.05-18.45.50:635][892]LogModuleManager: Shutting down and abandoning module TVOSTargetPlatform (46)
[2017.02.05-18.45.50:635][892]LogModuleManager: Shutting down and abandoning module Messaging (45)
[2017.02.05-18.45.50:635][892]LogModuleManager: Shutting down and abandoning module IOSTargetPlatform (44)
[2017.02.05-18.45.50:635][892]LogModuleManager: Shutting down and abandoning module HTML5TargetPlatform (43)
[2017.02.05-18.45.50:635][892]LogModuleManager: Shutting down and abandoning module Android_PVRTCTargetPlatform (42)
[2017.02.05-18.45.50:635][892]LogModuleManager: Shutting down and abandoning module Android_MultiTargetPlatform (41)
[2017.02.05-18.45.50:635][892]LogModuleManager: Shutting down and abandoning module Android_ETC2TargetPlatform (40)
[2017.02.05-18.45.50:635][892]LogModuleManager: Shutting down and abandoning module Android_ETC1TargetPlatform (39)
[2017.02.05-18.45.50:635][892]LogModuleManager: Shutting down and abandoning module Android_DXTTargetPlatform (38)
[2017.02.05-18.45.50:635][892]LogModuleManager: Shutting down and abandoning module Android_ATCTargetPlatform (37)
[2017.02.05-18.45.50:635][892]LogModuleManager: Shutting down and abandoning module Android_ASTCTargetPlatform (36)
[2017.02.05-18.45.50:635][892]LogModuleManager: Shutting down and abandoning module AndroidTargetPlatform (35)
[2017.02.05-18.45.50:636][892]LogModuleManager: Shutting down and abandoning module WindowsTargetPlatform (34)
[2017.02.05-18.45.50:636][892]LogModuleManager: Shutting down and abandoning module WindowsServerTargetPlatform (33)
[2017.02.05-18.45.50:636][892]LogModuleManager: Shutting down and abandoning module WindowsNoEditorTargetPlatform (32)
[2017.02.05-18.45.50:636][892]LogModuleManager: Shutting down and abandoning module WindowsClientTargetPlatform (31)
[2017.02.05-18.45.50:636][892]LogModuleManager: Shutting down and abandoning module MacTargetPlatform (30)
[2017.02.05-18.45.50:636][892]LogModuleManager: Shutting down and abandoning module MacServerTargetPlatform (29)
[2017.02.05-18.45.50:636][892]LogModuleManager: Shutting down and abandoning module MacNoEditorTargetPlatform (28)
[2017.02.05-18.45.50:636][892]LogModuleManager: Shutting down and abandoning module MacClientTargetPlatform (27)
[2017.02.05-18.45.50:636][892]LogModuleManager: Shutting down and abandoning module AllDesktopTargetPlatform (26)
[2017.02.05-18.45.50:636][892]LogModuleManager: Shutting down and abandoning module TargetPlatform (25)
[2017.02.05-18.45.50:636][892]LogModuleManager: Shutting down and abandoning module InputCore (24)
[2017.02.05-18.45.50:636][892]LogModuleManager: Shutting down and abandoning module Settings (23)
[2017.02.05-18.45.50:636][892]LogModuleManager: Shutting down and abandoning module OculusRift (22)
[2017.02.05-18.45.50:636][892]LogModuleManager: Shutting down and abandoning module ExampleDeviceProfileSelector (21)
[2017.02.05-18.45.50:636][892]LogModuleManager: Shutting down and abandoning module OnlineBlueprintSupport (20)
[2017.02.05-18.45.50:636][892]LogModuleManager: Shutting down and abandoning module OnlineSubsystem (18)
[2017.02.05-18.45.50:636][892]LogOnline:Display: Unloading online subsystem: NULL
[2017.02.05-18.45.50:636][892]LogModuleManager: Shutting down and abandoning module SSL (17)
[2017.02.05-18.45.50:637][892]LogModuleManager: Shutting down and abandoning module HTTP (16)
[2017.02.05-18.45.50:637][892]LogModuleManager: Shutting down and abandoning module XMPP (15)
[2017.02.05-18.45.50:637][892]LogModuleManager: Shutting down and abandoning module TextureCompressor (14)
[2017.02.05-18.45.50:637][892]LogModuleManager: Shutting down and abandoning module ShaderCore (13)
[2017.02.05-18.45.50:637][892]LogModuleManager: Shutting down and abandoning module Landscape (12)
[2017.02.05-18.45.50:637][892]LogModuleManager: Shutting down and abandoning module SlateRHIRenderer (11)
[2017.02.05-18.45.50:638][892]LogModuleManager: Shutting down and abandoning module OpenGLDrv (10)
[2017.02.05-18.45.50:639][892]LogModuleManager: Shutting down and abandoning module D3D11RHI (9)
[2017.02.05-18.45.50:639][892]LogModuleManager: Shutting down and abandoning module AnimGraphRuntime (8)
[2017.02.05-18.45.50:639][892]LogModuleManager: Shutting down and abandoning module Renderer (7)
[2017.02.05-18.45.50:639][892]LogModuleManager: Shutting down and abandoning module Engine (6)
[2017.02.05-18.45.50:639][892]LogModuleManager: Shutting down and abandoning module CoreUObject (5)
[2017.02.05-18.45.50:639][892]LogModuleManager: Shutting down and abandoning module NetworkFile (4)
[2017.02.05-18.45.50:639][892]LogModuleManager: Shutting down and abandoning module StreamingFile (3)
[2017.02.05-18.45.50:639][892]LogModuleManager: Shutting down and abandoning module SandboxFile (2)
[2017.02.05-18.45.50:639][892]LogModuleManager: Shutting down and abandoning module PakFile (1)
[2017.02.05-18.45.50:640][892]LogExit: Exiting.
[2017.02.05-18.45.50:642][892]Log file closed, 02/05/17 13:45:50
